/ros_ws/src/install/visual_servo/lib/python3.8/site-packages/visual_servo/test_stream.py
/ros_ws/src/install/visual_servo/lib/python3.8/site-packages/visual_servo/camera_stream.py
/ros_ws/src/install/visual_servo/lib/python3.8/site-packages/visual_servo/main.py
/ros_ws/src/install/visual_servo/lib/python3.8/site-packages/visual_servo/target_publisher.py
/ros_ws/src/install/visual_servo/lib/python3.8/site-packages/visual_servo/__init__.py
/ros_ws/src/install/visual_servo/lib/python3.8/site-packages/visual_servo/waypointPublisher.py
/ros_ws/src/install/visual_servo/lib/python3.8/site-packages/visual_servo/src/offboard_control.py
/ros_ws/src/install/visual_servo/lib/python3.8/site-packages/visual_servo/src/__init__.py
/ros_ws/src/install/visual_servo/lib/python3.8/site-packages/visual_servo/src/statemachines/offboard_control_states.py
/ros_ws/src/install/visual_servo/lib/python3.8/site-packages/visual_servo/src/statemachines/__init__.py
/ros_ws/src/install/visual_servo/lib/python3.8/site-packages/visual_servo/src/statemachines/stateMachine/stateBase.py
/ros_ws/src/install/visual_servo/lib/python3.8/site-packages/visual_servo/src/statemachines/stateMachine/stateMachine.py
/ros_ws/src/install/visual_servo/lib/python3.8/site-packages/visual_servo/src/statemachines/stateMachine/__init__.py
/ros_ws/src/install/visual_servo/lib/python3.8/site-packages/visual_servo/src/px4_interface/px4_odometry.py
/ros_ws/src/install/visual_servo/lib/python3.8/site-packages/visual_servo/src/px4_interface/px4_handler.py
/ros_ws/src/install/visual_servo/lib/python3.8/site-packages/visual_servo/src/px4_interface/__init__.py
/ros_ws/src/install/visual_servo/lib/python3.8/site-packages/visual_servo/src/controllers/pid_controllers.py
/ros_ws/src/install/visual_servo/lib/python3.8/site-packages/visual_servo/src/controllers/__init__.py
/ros_ws/src/install/visual_servo/lib/python3.8/site-packages/visual_servo/src/controllers/controllers.py
/ros_ws/src/install/visual_servo/lib/python3.8/site-packages/visual_servo/src/camera/camera_controller.py
/ros_ws/src/install/visual_servo/lib/python3.8/site-packages/visual_servo/src/camera/__init__.py
/ros_ws/src/install/visual_servo/lib/python3.8/site-packages/visual_servo/src/camera/camera.py
/ros_ws/src/install/visual_servo/lib/python3.8/site-packages/visual_servo/src/camera/localization/localization.py
/ros_ws/src/install/visual_servo/lib/python3.8/site-packages/visual_servo/src/camera/localization/__init__.py
/ros_ws/src/install/visual_servo/lib/python3.8/site-packages/visual_servo/src/camera/marker_detection/marker_detection.py
/ros_ws/src/install/visual_servo/lib/python3.8/site-packages/visual_servo/src/camera/marker_detection/__init__.py
/ros_ws/src/install/visual_servo/lib/python3.8/site-packages/visual_servo/src/publishers/position_publishers.py
/ros_ws/src/install/visual_servo/lib/python3.8/site-packages/visual_servo/src/publishers/__init__.py
/ros_ws/src/install/visual_servo/lib/python3.8/site-packages/visual_servo/__pycache__/test_stream.cpython-38.pyc
/ros_ws/src/install/visual_servo/lib/python3.8/site-packages/visual_servo/__pycache__/camera_stream.cpython-38.pyc
/ros_ws/src/install/visual_servo/lib/python3.8/site-packages/visual_servo/__pycache__/main.cpython-38.pyc
/ros_ws/src/install/visual_servo/lib/python3.8/site-packages/visual_servo/__pycache__/target_publisher.cpython-38.pyc
/ros_ws/src/install/visual_servo/lib/python3.8/site-packages/visual_servo/__pycache__/__init__.cpython-38.pyc
/ros_ws/src/install/visual_servo/lib/python3.8/site-packages/visual_servo/__pycache__/waypointPublisher.cpython-38.pyc
/ros_ws/src/install/visual_servo/lib/python3.8/site-packages/visual_servo/src/__pycache__/offboard_control.cpython-38.pyc
/ros_ws/src/install/visual_servo/lib/python3.8/site-packages/visual_servo/src/__pycache__/__init__.cpython-38.pyc
/ros_ws/src/install/visual_servo/lib/python3.8/site-packages/visual_servo/src/statemachines/__pycache__/offboard_control_states.cpython-38.pyc
/ros_ws/src/install/visual_servo/lib/python3.8/site-packages/visual_servo/src/statemachines/__pycache__/__init__.cpython-38.pyc
/ros_ws/src/install/visual_servo/lib/python3.8/site-packages/visual_servo/src/statemachines/stateMachine/__pycache__/stateBase.cpython-38.pyc
/ros_ws/src/install/visual_servo/lib/python3.8/site-packages/visual_servo/src/statemachines/stateMachine/__pycache__/stateMachine.cpython-38.pyc
/ros_ws/src/install/visual_servo/lib/python3.8/site-packages/visual_servo/src/statemachines/stateMachine/__pycache__/__init__.cpython-38.pyc
/ros_ws/src/install/visual_servo/lib/python3.8/site-packages/visual_servo/src/px4_interface/__pycache__/px4_odometry.cpython-38.pyc
/ros_ws/src/install/visual_servo/lib/python3.8/site-packages/visual_servo/src/px4_interface/__pycache__/px4_handler.cpython-38.pyc
/ros_ws/src/install/visual_servo/lib/python3.8/site-packages/visual_servo/src/px4_interface/__pycache__/__init__.cpython-38.pyc
/ros_ws/src/install/visual_servo/lib/python3.8/site-packages/visual_servo/src/controllers/__pycache__/pid_controllers.cpython-38.pyc
/ros_ws/src/install/visual_servo/lib/python3.8/site-packages/visual_servo/src/controllers/__pycache__/__init__.cpython-38.pyc
/ros_ws/src/install/visual_servo/lib/python3.8/site-packages/visual_servo/src/controllers/__pycache__/controllers.cpython-38.pyc
/ros_ws/src/install/visual_servo/lib/python3.8/site-packages/visual_servo/src/camera/__pycache__/camera_controller.cpython-38.pyc
/ros_ws/src/install/visual_servo/lib/python3.8/site-packages/visual_servo/src/camera/__pycache__/__init__.cpython-38.pyc
/ros_ws/src/install/visual_servo/lib/python3.8/site-packages/visual_servo/src/camera/__pycache__/camera.cpython-38.pyc
/ros_ws/src/install/visual_servo/lib/python3.8/site-packages/visual_servo/src/camera/localization/__pycache__/localization.cpython-38.pyc
/ros_ws/src/install/visual_servo/lib/python3.8/site-packages/visual_servo/src/camera/localization/__pycache__/__init__.cpython-38.pyc
/ros_ws/src/install/visual_servo/lib/python3.8/site-packages/visual_servo/src/camera/marker_detection/__pycache__/marker_detection.cpython-38.pyc
/ros_ws/src/install/visual_servo/lib/python3.8/site-packages/visual_servo/src/camera/marker_detection/__pycache__/__init__.cpython-38.pyc
/ros_ws/src/install/visual_servo/lib/python3.8/site-packages/visual_servo/src/publishers/__pycache__/position_publishers.cpython-38.pyc
/ros_ws/src/install/visual_servo/lib/python3.8/site-packages/visual_servo/src/publishers/__pycache__/__init__.cpython-38.pyc
/ros_ws/src/install/visual_servo/share/ament_index/resource_index/packages/visual_servo
/ros_ws/src/install/visual_servo/share/visual_servo/package.xml
/ros_ws/src/install/visual_servo/lib/python3.8/site-packages/visual_servo-0.0.0-py3.8.egg-info/entry_points.txt
/ros_ws/src/install/visual_servo/lib/python3.8/site-packages/visual_servo-0.0.0-py3.8.egg-info/SOURCES.txt
/ros_ws/src/install/visual_servo/lib/python3.8/site-packages/visual_servo-0.0.0-py3.8.egg-info/requires.txt
/ros_ws/src/install/visual_servo/lib/python3.8/site-packages/visual_servo-0.0.0-py3.8.egg-info/PKG-INFO
/ros_ws/src/install/visual_servo/lib/python3.8/site-packages/visual_servo-0.0.0-py3.8.egg-info/top_level.txt
/ros_ws/src/install/visual_servo/lib/python3.8/site-packages/visual_servo-0.0.0-py3.8.egg-info/dependency_links.txt
/ros_ws/src/install/visual_servo/lib/python3.8/site-packages/visual_servo-0.0.0-py3.8.egg-info/zip-safe
/ros_ws/src/install/visual_servo/lib/visual_servo/camera_stream
/ros_ws/src/install/visual_servo/lib/visual_servo/offboard
/ros_ws/src/install/visual_servo/lib/visual_servo/target_pub
/ros_ws/src/install/visual_servo/lib/visual_servo/waypoint_publisher
