[0.961s] Invoking command in '/ros_ws/src/visual_servo': PYTHONPATH=/ros_ws/src/build/visual_servo/prefix_override:/ros_ws/src/install/visual_servo/lib/python3.8/site-packages:${PYTHONPATH} /usr/bin/python3 setup.py egg_info --egg-base ../build/visual_servo build --build-base /ros_ws/src/build/visual_servo/build install --record /ros_ws/src/build/visual_servo/install.log --single-version-externally-managed
[1.204s] running egg_info
[1.205s] writing ../build/visual_servo/visual_servo.egg-info/PKG-INFO
[1.205s] writing dependency_links to ../build/visual_servo/visual_servo.egg-info/dependency_links.txt
[1.206s] writing entry points to ../build/visual_servo/visual_servo.egg-info/entry_points.txt
[1.206s] writing requirements to ../build/visual_servo/visual_servo.egg-info/requires.txt
[1.206s] writing top-level names to ../build/visual_servo/visual_servo.egg-info/top_level.txt
[1.247s] reading manifest file '../build/visual_servo/visual_servo.egg-info/SOURCES.txt'
[1.248s] writing manifest file '../build/visual_servo/visual_servo.egg-info/SOURCES.txt'
[1.248s] running build
[1.248s] running build_py
[1.248s] running install
[1.249s] running install_lib
[1.251s] running install_data
[1.251s] running install_egg_info
[1.253s] removing '/ros_ws/src/install/visual_servo/lib/python3.8/site-packages/visual_servo-0.0.0-py3.8.egg-info' (and everything under it)
[1.254s] Copying ../build/visual_servo/visual_servo.egg-info to /ros_ws/src/install/visual_servo/lib/python3.8/site-packages/visual_servo-0.0.0-py3.8.egg-info
[1.255s] running install_scripts
[1.275s] Installing camera_stream script to /ros_ws/src/install/visual_servo/lib/visual_servo
[1.275s] writing list of installed files to '/ros_ws/src/build/visual_servo/install.log'
[1.312s] Invoked command in '/ros_ws/src/visual_servo' returned '0': PYTHONPATH=/ros_ws/src/build/visual_servo/prefix_override:/ros_ws/src/install/visual_servo/lib/python3.8/site-packages:${PYTHONPATH} /usr/bin/python3 setup.py egg_info --egg-base ../build/visual_servo build --build-base /ros_ws/src/build/visual_servo/build install --record /ros_ws/src/build/visual_servo/install.log --single-version-externally-managed
