[0.298s] DEBUG:colcon:Command line arguments: ['/usr/bin/colcon', 'build']
[0.298s] DEBUG:colcon:Parsed command line arguments: Namespace(allow_overriding=[], ament_cmake_args=None, base_paths=['.'], build_base='build', catkin_cmake_args=None, catkin_skip_building_tests=False, cmake_args=None, cmake_clean_cache=False, cmake_clean_first=False, cmake_force_configure=False, cmake_target=None, cmake_target_skip_unavailable=False, continue_on_error=False, event_handlers=None, executor='parallel', ignore_user_meta=False, install_base='install', log_base=None, log_level=None, main=<bound method BuildVerb.main of <colcon_core.verb.build.BuildVerb object at 0x7fb7ecf35970>>, merge_install=False, metas=['./colcon.meta'], packages_above=None, packages_above_and_dependencies=None, packages_above_depth=None, packages_end=None, packages_ignore=None, packages_ignore_regex=None, packages_select=None, packages_select_build_failed=False, packages_select_by_dep=None, packages_select_regex=None, packages_select_test_failures=False, packages_skip=None, packages_skip_build_finished=False, packages_skip_by_dep=None, packages_skip_regex=None, packages_skip_test_passed=False, packages_skip_up_to=None, packages_start=None, packages_up_to=None, packages_up_to_regex=None, parallel_workers=8, paths=None, symlink_install=False, test_result_base=None, verb_extension=<colcon_core.verb.build.BuildVerb object at 0x7fb7ecf35970>, verb_name='build', verb_parser=<colcon_defaults.argument_parser.defaults.DefaultArgumentsDecorator object at 0x7fb7ecf35ee0>)
[0.323s] Level 1:colcon.colcon_core.package_discovery:discover_packages(colcon_meta) check parameters
[0.323s] Level 1:colcon.colcon_core.package_discovery:discover_packages(recursive) check parameters
[0.323s] Level 1:colcon.colcon_core.package_discovery:discover_packages(ignore) check parameters
[0.323s] Level 1:colcon.colcon_core.package_discovery:discover_packages(path) check parameters
[0.323s] Level 1:colcon.colcon_core.package_discovery:discover_packages(colcon_meta) discover
[0.323s] Level 1:colcon.colcon_core.package_discovery:discover_packages(recursive) discover
[0.323s] INFO:colcon.colcon_core.package_discovery:Crawling recursively for packages in '/ros_ws/src'
[0.323s] Level 1:colcon.colcon_core.package_identification:_identify(.) by extensions ['ignore', 'ignore_ament_install']
[0.323s] Level 1:colcon.colcon_core.package_identification:_identify(.) by extension 'ignore'
[0.323s] Level 1:colcon.colcon_core.package_identification:_identify(.) by extension 'ignore_ament_install'
[0.324s] Level 1:colcon.colcon_core.package_identification:_identify(.) by extensions ['colcon_pkg']
[0.324s] Level 1:colcon.colcon_core.package_identification:_identify(.) by extension 'colcon_pkg'
[0.324s] Level 1:colcon.colcon_core.package_identification:_identify(.) by extensions ['colcon_meta']
[0.324s] Level 1:colcon.colcon_core.package_identification:_identify(.) by extension 'colcon_meta'
[0.324s] Level 1:colcon.colcon_core.package_identification:_identify(.) by extensions ['ros']
[0.324s] Level 1:colcon.colcon_core.package_identification:_identify(.) by extension 'ros'
[0.343s] Level 1:colcon.colcon_core.package_identification:_identify(.) by extensions ['cmake', 'python']
[0.344s] Level 1:colcon.colcon_core.package_identification:_identify(.) by extension 'cmake'
[0.344s] Level 1:colcon.colcon_core.package_identification:_identify(.) by extension 'python'
[0.344s] Level 1:colcon.colcon_core.package_identification:_identify(.) by extensions ['python_setup_py']
[0.344s] Level 1:colcon.colcon_core.package_identification:_identify(.) by extension 'python_setup_py'
[0.344s] Level 1:colcon.colcon_core.package_identification:_identify(build) by extensions ['ignore', 'ignore_ament_install']
[0.344s] Level 1:colcon.colcon_core.package_identification:_identify(build) by extension 'ignore'
[0.344s] Level 1:colcon.colcon_core.package_identification:_identify(build) ignored
[0.344s] Level 1:colcon.colcon_core.package_identification:_identify(drone_movement) by extensions ['ignore', 'ignore_ament_install']
[0.344s] Level 1:colcon.colcon_core.package_identification:_identify(drone_movement) by extension 'ignore'
[0.344s] Level 1:colcon.colcon_core.package_identification:_identify(drone_movement) by extension 'ignore_ament_install'
[0.344s] Level 1:colcon.colcon_core.package_identification:_identify(drone_movement) by extensions ['colcon_pkg']
[0.345s] Level 1:colcon.colcon_core.package_identification:_identify(drone_movement) by extension 'colcon_pkg'
[0.345s] Level 1:colcon.colcon_core.package_identification:_identify(drone_movement) by extensions ['colcon_meta']
[0.345s] Level 1:colcon.colcon_core.package_identification:_identify(drone_movement) by extension 'colcon_meta'
[0.345s] Level 1:colcon.colcon_core.package_identification:_identify(drone_movement) by extensions ['ros']
[0.345s] Level 1:colcon.colcon_core.package_identification:_identify(drone_movement) by extension 'ros'
[0.348s] DEBUG:colcon.colcon_core.package_identification:Package 'drone_movement' with type 'ros.ament_python' and name 'drone_movement'
[0.348s] Level 1:colcon.colcon_core.package_identification:_identify(drone_orbit) by extensions ['ignore', 'ignore_ament_install']
[0.348s] Level 1:colcon.colcon_core.package_identification:_identify(drone_orbit) by extension 'ignore'
[0.348s] Level 1:colcon.colcon_core.package_identification:_identify(drone_orbit) by extension 'ignore_ament_install'
[0.348s] Level 1:colcon.colcon_core.package_identification:_identify(drone_orbit) by extensions ['colcon_pkg']
[0.348s] Level 1:colcon.colcon_core.package_identification:_identify(drone_orbit) by extension 'colcon_pkg'
[0.348s] Level 1:colcon.colcon_core.package_identification:_identify(drone_orbit) by extensions ['colcon_meta']
[0.349s] Level 1:colcon.colcon_core.package_identification:_identify(drone_orbit) by extension 'colcon_meta'
[0.349s] Level 1:colcon.colcon_core.package_identification:_identify(drone_orbit) by extensions ['ros']
[0.349s] Level 1:colcon.colcon_core.package_identification:_identify(drone_orbit) by extension 'ros'
[0.349s] DEBUG:colcon.colcon_core.package_identification:Package 'drone_orbit' with type 'ros.ament_python' and name 'drone_orbit'
[0.349s] Level 1:colcon.colcon_core.package_identification:_identify(install) by extensions ['ignore', 'ignore_ament_install']
[0.349s] Level 1:colcon.colcon_core.package_identification:_identify(install) by extension 'ignore'
[0.349s] Level 1:colcon.colcon_core.package_identification:_identify(install) ignored
[0.350s] Level 1:colcon.colcon_core.package_identification:_identify(log) by extensions ['ignore', 'ignore_ament_install']
[0.350s] Level 1:colcon.colcon_core.package_identification:_identify(log) by extension 'ignore'
[0.350s] Level 1:colcon.colcon_core.package_identification:_identify(log) ignored
[0.350s] Level 1:colcon.colcon_core.package_discovery:discover_packages(recursive) using defaults
[0.350s] Level 1:colcon.colcon_core.package_discovery:discover_packages(ignore) discover
[0.350s] Level 1:colcon.colcon_core.package_discovery:discover_packages(ignore) using defaults
[0.350s] Level 1:colcon.colcon_core.package_discovery:discover_packages(path) discover
[0.350s] Level 1:colcon.colcon_core.package_discovery:discover_packages(path) using defaults
[0.372s] Level 1:colcon.colcon_core.package_discovery:discover_packages(prefix_path) check parameters
[0.372s] Level 1:colcon.colcon_core.package_discovery:discover_packages(prefix_path) discover
[0.375s] DEBUG:colcon.colcon_installed_package_information.package_discovery:Found 1 installed packages in /ros_utilities/install
[0.377s] DEBUG:colcon.colcon_installed_package_information.package_discovery:Found 268 installed packages in /opt/ros/galactic
[0.379s] Level 1:colcon.colcon_core.package_discovery:discover_packages(prefix_path) using defaults
[0.455s] Level 5:colcon.colcon_core.verb:set package 'drone_movement' build argument 'cmake_args' from command line to 'None'
[0.455s] Level 5:colcon.colcon_core.verb:set package 'drone_movement' build argument 'cmake_target' from command line to 'None'
[0.455s] Level 5:colcon.colcon_core.verb:set package 'drone_movement' build argument 'cmake_target_skip_unavailable' from command line to 'False'
[0.455s] Level 5:colcon.colcon_core.verb:set package 'drone_movement' build argument 'cmake_clean_cache' from command line to 'False'
[0.455s] Level 5:colcon.colcon_core.verb:set package 'drone_movement' build argument 'cmake_clean_first' from command line to 'False'
[0.455s] Level 5:colcon.colcon_core.verb:set package 'drone_movement' build argument 'cmake_force_configure' from command line to 'False'
[0.455s] Level 5:colcon.colcon_core.verb:set package 'drone_movement' build argument 'ament_cmake_args' from command line to 'None'
[0.455s] Level 5:colcon.colcon_core.verb:set package 'drone_movement' build argument 'catkin_cmake_args' from command line to 'None'
[0.455s] Level 5:colcon.colcon_core.verb:set package 'drone_movement' build argument 'catkin_skip_building_tests' from command line to 'False'
[0.455s] DEBUG:colcon.colcon_core.verb:Building package 'drone_movement' with the following arguments: {'ament_cmake_args': None, 'build_base': '/ros_ws/src/build/drone_movement', 'catkin_cmake_args': None, 'catkin_skip_building_tests': False, 'cmake_args': None, 'cmake_clean_cache': False, 'cmake_clean_first': False, 'cmake_force_configure': False, 'cmake_target': None, 'cmake_target_skip_unavailable': False, 'install_base': '/ros_ws/src/install/drone_movement', 'merge_install': False, 'path': '/ros_ws/src/drone_movement', 'symlink_install': False, 'test_result_base': None}
[0.457s] Level 5:colcon.colcon_core.verb:set package 'drone_orbit' build argument 'cmake_args' from command line to 'None'
[0.457s] Level 5:colcon.colcon_core.verb:set package 'drone_orbit' build argument 'cmake_target' from command line to 'None'
[0.457s] Level 5:colcon.colcon_core.verb:set package 'drone_orbit' build argument 'cmake_target_skip_unavailable' from command line to 'False'
[0.457s] Level 5:colcon.colcon_core.verb:set package 'drone_orbit' build argument 'cmake_clean_cache' from command line to 'False'
[0.457s] Level 5:colcon.colcon_core.verb:set package 'drone_orbit' build argument 'cmake_clean_first' from command line to 'False'
[0.457s] Level 5:colcon.colcon_core.verb:set package 'drone_orbit' build argument 'cmake_force_configure' from command line to 'False'
[0.457s] Level 5:colcon.colcon_core.verb:set package 'drone_orbit' build argument 'ament_cmake_args' from command line to 'None'
[0.457s] Level 5:colcon.colcon_core.verb:set package 'drone_orbit' build argument 'catkin_cmake_args' from command line to 'None'
[0.457s] Level 5:colcon.colcon_core.verb:set package 'drone_orbit' build argument 'catkin_skip_building_tests' from command line to 'False'
[0.457s] DEBUG:colcon.colcon_core.verb:Building package 'drone_orbit' with the following arguments: {'ament_cmake_args': None, 'build_base': '/ros_ws/src/build/drone_orbit', 'catkin_cmake_args': None, 'catkin_skip_building_tests': False, 'cmake_args': None, 'cmake_clean_cache': False, 'cmake_clean_first': False, 'cmake_force_configure': False, 'cmake_target': None, 'cmake_target_skip_unavailable': False, 'install_base': '/ros_ws/src/install/drone_orbit', 'merge_install': False, 'path': '/ros_ws/src/drone_orbit', 'symlink_install': False, 'test_result_base': None}
[0.458s] INFO:colcon.colcon_core.executor:Executing jobs using 'parallel' executor
[0.461s] DEBUG:colcon.colcon_parallel_executor.executor.parallel:run_until_complete
[0.461s] INFO:colcon.colcon_ros.task.ament_python.build:Building ROS package in '/ros_ws/src/drone_movement' with build type 'ament_python'
[0.461s] Level 1:colcon.colcon_core.shell:create_environment_hook('drone_movement', 'ament_prefix_path')
[0.465s] INFO:colcon.colcon_core.plugin_system:Skipping extension 'colcon_core.shell.bat': Not used on non-Windows systems
[0.465s] INFO:colcon.colcon_core.shell:Creating environment hook '/ros_ws/src/install/drone_movement/share/drone_movement/hook/ament_prefix_path.ps1'
[0.466s] INFO:colcon.colcon_core.shell:Creating environment descriptor '/ros_ws/src/install/drone_movement/share/drone_movement/hook/ament_prefix_path.dsv'
[0.466s] INFO:colcon.colcon_core.shell:Creating environment hook '/ros_ws/src/install/drone_movement/share/drone_movement/hook/ament_prefix_path.sh'
[0.468s] INFO:colcon.colcon_core.shell:Skip shell extension 'powershell' for command environment: Not usable outside of PowerShell
[0.468s] DEBUG:colcon.colcon_core.shell:Skip shell extension 'dsv' for command environment
[0.474s] INFO:colcon.colcon_ros.task.ament_python.build:Building ROS package in '/ros_ws/src/drone_orbit' with build type 'ament_python'
[0.475s] Level 1:colcon.colcon_core.shell:create_environment_hook('drone_orbit', 'ament_prefix_path')
[0.477s] INFO:colcon.colcon_core.shell:Creating environment hook '/ros_ws/src/install/drone_orbit/share/drone_orbit/hook/ament_prefix_path.ps1'
[0.478s] INFO:colcon.colcon_core.shell:Creating environment descriptor '/ros_ws/src/install/drone_orbit/share/drone_orbit/hook/ament_prefix_path.dsv'
[0.478s] INFO:colcon.colcon_core.shell:Creating environment hook '/ros_ws/src/install/drone_orbit/share/drone_orbit/hook/ament_prefix_path.sh'
[0.480s] INFO:colcon.colcon_core.shell:Skip shell extension 'powershell' for command environment: Not usable outside of PowerShell
[0.480s] DEBUG:colcon.colcon_core.shell:Skip shell extension 'dsv' for command environment
[0.720s] INFO:colcon.colcon_core.task.python.build:Building Python package in '/ros_ws/src/drone_movement'
[0.722s] INFO:colcon.colcon_core.shell:Skip shell extension 'powershell' for command environment: Not usable outside of PowerShell
[0.722s] DEBUG:colcon.colcon_core.shell:Skip shell extension 'dsv' for command environment
[0.955s] INFO:colcon.colcon_core.task.python.build:Building Python package in '/ros_ws/src/drone_orbit'
[0.957s] INFO:colcon.colcon_core.shell:Skip shell extension 'powershell' for command environment: Not usable outside of PowerShell
[0.957s] DEBUG:colcon.colcon_core.shell:Skip shell extension 'dsv' for command environment
[1.384s] DEBUG:colcon.colcon_core.event_handler.log_command:Invoking command in '/ros_ws/src/drone_orbit': PYTHONPATH=/ros_ws/src/build/drone_orbit/prefix_override:/ros_ws/src/install/drone_orbit/lib/python3.8/site-packages:${PYTHONPATH} /usr/bin/python3 setup.py egg_info --egg-base ../build/drone_orbit build --build-base /ros_ws/src/build/drone_orbit/build install --record /ros_ws/src/build/drone_orbit/install.log --single-version-externally-managed
[1.405s] DEBUG:colcon.colcon_core.event_handler.log_command:Invoking command in '/ros_ws/src/drone_movement': PYTHONPATH=/ros_ws/src/build/drone_movement/prefix_override:/ros_ws/src/install/drone_movement/lib/python3.8/site-packages:${PYTHONPATH} /usr/bin/python3 setup.py egg_info --egg-base ../build/drone_movement build --build-base /ros_ws/src/build/drone_movement/build install --record /ros_ws/src/build/drone_movement/install.log --single-version-externally-managed
[1.708s] DEBUG:colcon.colcon_core.event_handler.log_command:Invoked command in '/ros_ws/src/drone_orbit' returned '0': PYTHONPATH=/ros_ws/src/build/drone_orbit/prefix_override:/ros_ws/src/install/drone_orbit/lib/python3.8/site-packages:${PYTHONPATH} /usr/bin/python3 setup.py egg_info --egg-base ../build/drone_orbit build --build-base /ros_ws/src/build/drone_orbit/build install --record /ros_ws/src/build/drone_orbit/install.log --single-version-externally-managed
[1.714s] Level 1:colcon.colcon_core.environment:checking '/ros_ws/src/install/drone_orbit' for CMake module files
[1.715s] Level 1:colcon.colcon_core.environment:checking '/ros_ws/src/install/drone_orbit' for CMake config files
[1.716s] Level 1:colcon.colcon_core.environment:checking '/ros_ws/src/install/drone_orbit/lib'
[1.716s] Level 1:colcon.colcon_core.environment:checking '/ros_ws/src/install/drone_orbit/bin'
[1.716s] Level 1:colcon.colcon_core.environment:checking '/ros_ws/src/install/drone_orbit/lib/pkgconfig/drone_orbit.pc'
[1.717s] Level 1:colcon.colcon_core.environment:checking '/ros_ws/src/install/drone_orbit/lib/python3.8/site-packages'
[1.717s] Level 1:colcon.colcon_core.shell:create_environment_hook('drone_orbit', 'pythonpath')
[1.719s] INFO:colcon.colcon_core.shell:Creating environment hook '/ros_ws/src/install/drone_orbit/share/drone_orbit/hook/pythonpath.ps1'
[1.719s] INFO:colcon.colcon_core.shell:Creating environment descriptor '/ros_ws/src/install/drone_orbit/share/drone_orbit/hook/pythonpath.dsv'
[1.720s] INFO:colcon.colcon_core.shell:Creating environment hook '/ros_ws/src/install/drone_orbit/share/drone_orbit/hook/pythonpath.sh'
[1.720s] Level 1:colcon.colcon_core.environment:checking '/ros_ws/src/install/drone_orbit/bin'
[1.721s] Level 1:colcon.colcon_core.environment:create_environment_scripts_only(drone_orbit)
[1.722s] INFO:colcon.colcon_core.shell:Creating package script '/ros_ws/src/install/drone_orbit/share/drone_orbit/package.ps1'
[1.723s] INFO:colcon.colcon_core.shell:Creating package descriptor '/ros_ws/src/install/drone_orbit/share/drone_orbit/package.dsv'
[1.724s] INFO:colcon.colcon_core.shell:Creating package script '/ros_ws/src/install/drone_orbit/share/drone_orbit/package.sh'
[1.725s] INFO:colcon.colcon_core.shell:Creating package script '/ros_ws/src/install/drone_orbit/share/drone_orbit/package.bash'
[1.726s] INFO:colcon.colcon_core.shell:Creating package script '/ros_ws/src/install/drone_orbit/share/drone_orbit/package.zsh'
[1.727s] Level 1:colcon.colcon_core.environment:create_file_with_runtime_dependencies(/ros_ws/src/install/drone_orbit/share/colcon-core/packages/drone_orbit)
[1.730s] Level 1:colcon.colcon_core.environment:checking '/ros_ws/src/install/drone_movement' for CMake module files
[1.731s] DEBUG:colcon.colcon_core.event_handler.log_command:Invoked command in '/ros_ws/src/drone_movement' returned '0': PYTHONPATH=/ros_ws/src/build/drone_movement/prefix_override:/ros_ws/src/install/drone_movement/lib/python3.8/site-packages:${PYTHONPATH} /usr/bin/python3 setup.py egg_info --egg-base ../build/drone_movement build --build-base /ros_ws/src/build/drone_movement/build install --record /ros_ws/src/build/drone_movement/install.log --single-version-externally-managed
[1.732s] Level 1:colcon.colcon_core.environment:checking '/ros_ws/src/install/drone_movement' for CMake config files
[1.732s] Level 1:colcon.colcon_core.environment:checking '/ros_ws/src/install/drone_movement/lib'
[1.732s] Level 1:colcon.colcon_core.environment:checking '/ros_ws/src/install/drone_movement/bin'
[1.733s] Level 1:colcon.colcon_core.environment:checking '/ros_ws/src/install/drone_movement/lib/pkgconfig/drone_movement.pc'
[1.733s] Level 1:colcon.colcon_core.environment:checking '/ros_ws/src/install/drone_movement/lib/python3.8/site-packages'
[1.733s] Level 1:colcon.colcon_core.shell:create_environment_hook('drone_movement', 'pythonpath')
[1.735s] INFO:colcon.colcon_core.shell:Creating environment hook '/ros_ws/src/install/drone_movement/share/drone_movement/hook/pythonpath.ps1'
[1.735s] INFO:colcon.colcon_core.shell:Creating environment descriptor '/ros_ws/src/install/drone_movement/share/drone_movement/hook/pythonpath.dsv'
[1.735s] INFO:colcon.colcon_core.shell:Creating environment hook '/ros_ws/src/install/drone_movement/share/drone_movement/hook/pythonpath.sh'
[1.736s] Level 1:colcon.colcon_core.environment:checking '/ros_ws/src/install/drone_movement/bin'
[1.736s] Level 1:colcon.colcon_core.environment:create_environment_scripts_only(drone_movement)
[1.738s] INFO:colcon.colcon_core.shell:Creating package script '/ros_ws/src/install/drone_movement/share/drone_movement/package.ps1'
[1.738s] INFO:colcon.colcon_core.shell:Creating package descriptor '/ros_ws/src/install/drone_movement/share/drone_movement/package.dsv'
[1.739s] INFO:colcon.colcon_core.shell:Creating package script '/ros_ws/src/install/drone_movement/share/drone_movement/package.sh'
[1.739s] INFO:colcon.colcon_core.shell:Creating package script '/ros_ws/src/install/drone_movement/share/drone_movement/package.bash'
[1.739s] INFO:colcon.colcon_core.shell:Creating package script '/ros_ws/src/install/drone_movement/share/drone_movement/package.zsh'
[1.740s] Level 1:colcon.colcon_core.environment:create_file_with_runtime_dependencies(/ros_ws/src/install/drone_movement/share/colcon-core/packages/drone_movement)
[1.740s] DEBUG:colcon.colcon_parallel_executor.executor.parallel:closing loop
[1.740s] DEBUG:colcon.colcon_parallel_executor.executor.parallel:loop closed
[1.740s] DEBUG:colcon.colcon_parallel_executor.executor.parallel:run_until_complete finished with '0'
[1.741s] DEBUG:colcon.colcon_core.event_reactor:joining thread
[1.748s] INFO:colcon.colcon_core.plugin_system:Skipping extension 'colcon_notification.desktop_notification.notify_send': Could not find 'notify-send'
[1.748s] INFO:colcon.colcon_core.plugin_system:Skipping extension 'colcon_notification.desktop_notification.terminal_notifier': Not used on non-Darwin systems
[1.748s] INFO:colcon.colcon_core.plugin_system:Skipping extension 'colcon_notification.desktop_notification.win32': Not used on non-Windows systems
[1.748s] INFO:colcon.colcon_notification.desktop_notification:Sending desktop notification using 'notify2'
[1.756s] DEBUG:colcon.colcon_notification.desktop_notification.notify2:Failed to initialize notify2: org.freedesktop.DBus.Error.ServiceUnknown: The name org.freedesktop.Notifications was not provided by any .service files
[1.756s] DEBUG:colcon.colcon_core.event_reactor:joined thread
[1.759s] INFO:colcon.colcon_core.shell:Creating prefix script '/ros_ws/src/install/local_setup.ps1'
[1.760s] INFO:colcon.colcon_core.shell:Creating prefix util module '/ros_ws/src/install/_local_setup_util_ps1.py'
[1.762s] INFO:colcon.colcon_core.shell:Creating prefix chain script '/ros_ws/src/install/setup.ps1'
[1.763s] INFO:colcon.colcon_core.shell:Creating prefix script '/ros_ws/src/install/local_setup.sh'
[1.764s] INFO:colcon.colcon_core.shell:Creating prefix util module '/ros_ws/src/install/_local_setup_util_sh.py'
[1.764s] INFO:colcon.colcon_core.shell:Creating prefix chain script '/ros_ws/src/install/setup.sh'
[1.766s] INFO:colcon.colcon_core.shell:Creating prefix script '/ros_ws/src/install/local_setup.bash'
[1.767s] INFO:colcon.colcon_core.shell:Creating prefix chain script '/ros_ws/src/install/setup.bash'
[1.768s] INFO:colcon.colcon_core.shell:Creating prefix script '/ros_ws/src/install/local_setup.zsh'
[1.769s] INFO:colcon.colcon_core.shell:Creating prefix chain script '/ros_ws/src/install/setup.zsh'
