running egg_info
writing ../build/visual_servo/visual_servo.egg-info/PKG-INFO
writing dependency_links to ../build/visual_servo/visual_servo.egg-info/dependency_links.txt
writing entry points to ../build/visual_servo/visual_servo.egg-info/entry_points.txt
writing requirements to ../build/visual_servo/visual_servo.egg-info/requires.txt
writing top-level names to ../build/visual_servo/visual_servo.egg-info/top_level.txt
reading manifest file '../build/visual_servo/visual_servo.egg-info/SOURCES.txt'
writing manifest file '../build/visual_servo/visual_servo.egg-info/SOURCES.txt'
running build
running build_py
copying visual_servo/camera_stream.py -> /ros_ws/src/build/visual_servo/build/lib/visual_servo
running install
running install_lib
copying /ros_ws/src/build/visual_servo/build/lib/visual_servo/camera_stream.py -> /ros_ws/src/install/visual_servo/lib/python3.8/site-packages/visual_servo
byte-compiling /ros_ws/src/install/visual_servo/lib/python3.8/site-packages/visual_servo/camera_stream.py to camera_stream.cpython-38.pyc
running install_data
running install_egg_info
removing '/ros_ws/src/install/visual_servo/lib/python3.8/site-packages/visual_servo-0.0.0-py3.8.egg-info' (and everything under it)
Copying ../build/visual_servo/visual_servo.egg-info to /ros_ws/src/install/visual_servo/lib/python3.8/site-packages/visual_servo-0.0.0-py3.8.egg-info
running install_scripts
Installing camera_stream script to /ros_ws/src/install/visual_servo/lib/visual_servo
writing list of installed files to '/ros_ws/src/build/visual_servo/install.log'
