[0.983s] Invoking command in '/ros_ws/src/visual_servo': PYTHONPATH=/ros_ws/src/build/visual_servo/prefix_override:/ros_ws/src/install/visual_servo/lib/python3.8/site-packages:${PYTHONPATH} /usr/bin/python3 setup.py egg_info --egg-base ../build/visual_servo build --build-base /ros_ws/src/build/visual_servo/build install --record /ros_ws/src/build/visual_servo/install.log --single-version-externally-managed
[1.221s] running egg_info
[1.222s] writing ../build/visual_servo/visual_servo.egg-info/PKG-INFO
[1.222s] writing dependency_links to ../build/visual_servo/visual_servo.egg-info/dependency_links.txt
[1.222s] writing entry points to ../build/visual_servo/visual_servo.egg-info/entry_points.txt
[1.223s] writing requirements to ../build/visual_servo/visual_servo.egg-info/requires.txt
[1.223s] writing top-level names to ../build/visual_servo/visual_servo.egg-info/top_level.txt
[1.259s] reading manifest file '../build/visual_servo/visual_servo.egg-info/SOURCES.txt'
[1.260s] writing manifest file '../build/visual_servo/visual_servo.egg-info/SOURCES.txt'
[1.260s] running build
[1.260s] running build_py
[1.260s] copying visual_servo/camera_stream.py -> /ros_ws/src/build/visual_servo/build/lib/visual_servo
[1.260s] running install
[1.261s] running install_lib
[1.262s] copying /ros_ws/src/build/visual_servo/build/lib/visual_servo/camera_stream.py -> /ros_ws/src/install/visual_servo/lib/python3.8/site-packages/visual_servo
[1.263s] byte-compiling /ros_ws/src/install/visual_servo/lib/python3.8/site-packages/visual_servo/camera_stream.py to camera_stream.cpython-38.pyc
[1.264s] running install_data
[1.265s] running install_egg_info
[1.267s] removing '/ros_ws/src/install/visual_servo/lib/python3.8/site-packages/visual_servo-0.0.0-py3.8.egg-info' (and everything under it)
[1.267s] Copying ../build/visual_servo/visual_servo.egg-info to /ros_ws/src/install/visual_servo/lib/python3.8/site-packages/visual_servo-0.0.0-py3.8.egg-info
[1.268s] running install_scripts
[1.287s] Installing camera_stream script to /ros_ws/src/install/visual_servo/lib/visual_servo
[1.287s] writing list of installed files to '/ros_ws/src/build/visual_servo/install.log'
[1.317s] Invoked command in '/ros_ws/src/visual_servo' returned '0': PYTHONPATH=/ros_ws/src/build/visual_servo/prefix_override:/ros_ws/src/install/visual_servo/lib/python3.8/site-packages:${PYTHONPATH} /usr/bin/python3 setup.py egg_info --egg-base ../build/visual_servo build --build-base /ros_ws/src/build/visual_servo/build install --record /ros_ws/src/build/visual_servo/install.log --single-version-externally-managed
