running egg_info
creating ../build/visual_servo/visual_servo.egg-info
writing ../build/visual_servo/visual_servo.egg-info/PKG-INFO
writing dependency_links to ../build/visual_servo/visual_servo.egg-info/dependency_links.txt
writing entry points to ../build/visual_servo/visual_servo.egg-info/entry_points.txt
writing requirements to ../build/visual_servo/visual_servo.egg-info/requires.txt
writing top-level names to ../build/visual_servo/visual_servo.egg-info/top_level.txt
writing manifest file '../build/visual_servo/visual_servo.egg-info/SOURCES.txt'
reading manifest file '../build/visual_servo/visual_servo.egg-info/SOURCES.txt'
writing manifest file '../build/visual_servo/visual_servo.egg-info/SOURCES.txt'
running build
running build_py
creating /ros_ws/src/build/visual_servo/build
creating /ros_ws/src/build/visual_servo/build/lib
creating /ros_ws/src/build/visual_servo/build/lib/visual_servo
copying visual_servo/camera_stream.py -> /ros_ws/src/build/visual_servo/build/lib/visual_servo
copying visual_servo/__init__.py -> /ros_ws/src/build/visual_servo/build/lib/visual_servo
running install
running install_lib
creating /ros_ws/src/install/visual_servo/lib/python3.8/site-packages/visual_servo
copying /ros_ws/src/build/visual_servo/build/lib/visual_servo/camera_stream.py -> /ros_ws/src/install/visual_servo/lib/python3.8/site-packages/visual_servo
copying /ros_ws/src/build/visual_servo/build/lib/visual_servo/__init__.py -> /ros_ws/src/install/visual_servo/lib/python3.8/site-packages/visual_servo
byte-compiling /ros_ws/src/install/visual_servo/lib/python3.8/site-packages/visual_servo/camera_stream.py to camera_stream.cpython-38.pyc
byte-compiling /ros_ws/src/install/visual_servo/lib/python3.8/site-packages/visual_servo/__init__.py to __init__.cpython-38.pyc
running install_data
creating /ros_ws/src/install/visual_servo/share/ament_index
creating /ros_ws/src/install/visual_servo/share/ament_index/resource_index
creating /ros_ws/src/install/visual_servo/share/ament_index/resource_index/packages
copying resource/visual_servo -> /ros_ws/src/install/visual_servo/share/ament_index/resource_index/packages
copying package.xml -> /ros_ws/src/install/visual_servo/share/visual_servo
running install_egg_info
Copying ../build/visual_servo/visual_servo.egg-info to /ros_ws/src/install/visual_servo/lib/python3.8/site-packages/visual_servo-0.0.0-py3.8.egg-info
running install_scripts
writing list of installed files to '/ros_ws/src/build/visual_servo/install.log'
