[0.948s] Invoking command in '/ros_ws/src/visual_servo': PYTHONPATH=/ros_ws/src/build/visual_servo/prefix_override:/ros_ws/src/install/visual_servo/lib/python3.8/site-packages:${PYTHONPATH} /usr/bin/python3 setup.py egg_info --egg-base ../build/visual_servo build --build-base /ros_ws/src/build/visual_servo/build install --record /ros_ws/src/build/visual_servo/install.log --single-version-externally-managed
[1.201s] running egg_info
[1.202s] creating ../build/visual_servo/visual_servo.egg-info
[1.202s] writing ../build/visual_servo/visual_servo.egg-info/PKG-INFO
[1.202s] writing dependency_links to ../build/visual_servo/visual_servo.egg-info/dependency_links.txt
[1.202s] writing entry points to ../build/visual_servo/visual_servo.egg-info/entry_points.txt
[1.203s] writing requirements to ../build/visual_servo/visual_servo.egg-info/requires.txt
[1.203s] writing top-level names to ../build/visual_servo/visual_servo.egg-info/top_level.txt
[1.208s] writing manifest file '../build/visual_servo/visual_servo.egg-info/SOURCES.txt'
[1.249s] reading manifest file '../build/visual_servo/visual_servo.egg-info/SOURCES.txt'
[1.250s] writing manifest file '../build/visual_servo/visual_servo.egg-info/SOURCES.txt'
[1.250s] running build
[1.250s] running build_py
[1.251s] creating /ros_ws/src/build/visual_servo/build
[1.251s] creating /ros_ws/src/build/visual_servo/build/lib
[1.251s] creating /ros_ws/src/build/visual_servo/build/lib/visual_servo
[1.251s] copying visual_servo/camera_stream.py -> /ros_ws/src/build/visual_servo/build/lib/visual_servo
[1.251s] copying visual_servo/__init__.py -> /ros_ws/src/build/visual_servo/build/lib/visual_servo
[1.251s] running install
[1.252s] running install_lib
[1.253s] creating /ros_ws/src/install/visual_servo/lib/python3.8/site-packages/visual_servo
[1.253s] copying /ros_ws/src/build/visual_servo/build/lib/visual_servo/camera_stream.py -> /ros_ws/src/install/visual_servo/lib/python3.8/site-packages/visual_servo
[1.254s] copying /ros_ws/src/build/visual_servo/build/lib/visual_servo/__init__.py -> /ros_ws/src/install/visual_servo/lib/python3.8/site-packages/visual_servo
[1.254s] byte-compiling /ros_ws/src/install/visual_servo/lib/python3.8/site-packages/visual_servo/camera_stream.py to camera_stream.cpython-38.pyc
[1.256s] byte-compiling /ros_ws/src/install/visual_servo/lib/python3.8/site-packages/visual_servo/__init__.py to __init__.cpython-38.pyc
[1.256s] running install_data
[1.257s] creating /ros_ws/src/install/visual_servo/share/ament_index
[1.257s] creating /ros_ws/src/install/visual_servo/share/ament_index/resource_index
[1.257s] creating /ros_ws/src/install/visual_servo/share/ament_index/resource_index/packages
[1.257s] copying resource/visual_servo -> /ros_ws/src/install/visual_servo/share/ament_index/resource_index/packages
[1.257s] copying package.xml -> /ros_ws/src/install/visual_servo/share/visual_servo
[1.257s] running install_egg_info
[1.259s] Copying ../build/visual_servo/visual_servo.egg-info to /ros_ws/src/install/visual_servo/lib/python3.8/site-packages/visual_servo-0.0.0-py3.8.egg-info
[1.260s] running install_scripts
[1.283s] writing list of installed files to '/ros_ws/src/build/visual_servo/install.log'
[1.307s] Invoked command in '/ros_ws/src/visual_servo' returned '0': PYTHONPATH=/ros_ws/src/build/visual_servo/prefix_override:/ros_ws/src/install/visual_servo/lib/python3.8/site-packages:${PYTHONPATH} /usr/bin/python3 setup.py egg_info --egg-base ../build/visual_servo build --build-base /ros_ws/src/build/visual_servo/build install --record /ros_ws/src/build/visual_servo/install.log --single-version-externally-managed
