-- The C compiler identification is GNU 9.4.0
-- The CXX compiler identification is GNU 9.4.0
-- Check for working C compiler: /usr/bin/cc
-- Check for working C compiler: /usr/bin/cc -- works
-- Detecting C compiler ABI info
-- Detecting C compiler ABI info - done
-- Detecting C compile features
-- Detecting C compile features - done
-- Check for working CXX compiler: /usr/bin/c++
-- Check for working CXX compiler: /usr/bin/c++ -- works
-- Detecting CXX compiler ABI info
-- Detecting CXX compiler ABI info - done
-- Detecting CXX compile features
-- Detecting CXX compile features - done
-- Found ament_cmake: 1.1.6 (/opt/ros/galactic/share/ament_cmake/cmake)
-- Found PythonInterp: /usr/bin/python3 (found suitable version "3.8.10", minimum required is "3") 
-- Using PYTHON_EXECUTABLE: /usr/bin/python3
-- Found rclcpp: 9.2.2 (/opt/ros/galactic/share/rclcpp/cmake)
-- Using all available rosidl_typesupport_c: rosidl_typesupport_fastrtps_c;rosidl_typesupport_introspection_c
-- Found rosidl_adapter: 2.2.3 (/opt/ros/galactic/share/rosidl_adapter/cmake)
-- Found OpenSSL: /usr/lib/x86_64-linux-gnu/libcrypto.so (found version "1.1.1f")  
-- Found FastRTPS: /opt/ros/galactic/include  
-- Using all available rosidl_typesupport_cpp: rosidl_typesupport_fastrtps_cpp;rosidl_typesupport_introspection_cpp
-- Found rmw_implementation_cmake: 3.3.1 (/opt/ros/galactic/share/rmw_implementation_cmake/cmake)
-- Found rmw_cyclonedds_cpp: 0.22.6 (/opt/ros/galactic/share/rmw_cyclonedds_cpp/cmake)
-- Using RMW implementation 'rmw_cyclonedds_cpp' as default
-- Looking for pthread.h
-- Looking for pthread.h - found
-- Performing Test CMAKE_HAVE_LIBC_PTHREAD
-- Performing Test CMAKE_HAVE_LIBC_PTHREAD - Failed
-- Looking for pthread_create in pthreads
-- Looking for pthread_create in pthreads - not found
-- Looking for pthread_create in pthread
-- Looking for pthread_create in pthread - found
-- Found Threads: TRUE  
-- Found geometry_msgs: 2.2.4 (/opt/ros/galactic/share/geometry_msgs/cmake)
-- Found visualization_msgs: 2.2.4 (/opt/ros/galactic/share/visualization_msgs/cmake)
-- Found rosidl_default_generators: 1.1.1 (/opt/ros/galactic/share/rosidl_default_generators/cmake)
-- Found PythonInterp: /usr/bin/python3 (found version "3.8.10") 
-- Found ament_cmake_ros: 0.9.2 (/opt/ros/galactic/share/ament_cmake_ros/cmake)
-- Using all available rosidl_typesupport_c: rosidl_typesupport_fastrtps_c;rosidl_typesupport_introspection_c
-- Using all available rosidl_typesupport_cpp: rosidl_typesupport_fastrtps_cpp;rosidl_typesupport_introspection_cpp
-- Found PythonInterp: /usr/bin/python3 (found suitable version "3.8.10", minimum required is "3.5") 
-- Found python_cmake_module: 0.8.1 (/opt/ros/galactic/share/python_cmake_module/cmake)
-- Found PythonLibs: /usr/lib/x86_64-linux-gnu/libpython3.8.so (found suitable version "3.8.10", minimum required is "3.5") 
-- Using PYTHON_EXECUTABLE: /usr/bin/python3
-- Using PYTHON_INCLUDE_DIRS: /usr/include/python3.8
-- Using PYTHON_LIBRARIES: /usr/lib/x86_64-linux-gnu/libpython3.8.so
-- Found PythonExtra: .so  
-- Found ament_lint_auto: 0.10.7 (/opt/ros/galactic/share/ament_lint_auto/cmake)
-- Configuring done
-- Generating done
-- Build files have been written to: /ros_ws/src/build/fake_ar_publisher
[35m[1mScanning dependencies of target fake_ar_publisher__cpp[0m
[  3%] [34m[1mGenerating C code for ROS interfaces[0m
[  6%] [34m[1mGenerating C++ code for ROS interfaces[0m
[  6%] Built target fake_ar_publisher__cpp
[35m[1mScanning dependencies of target fake_ar_publisher__rosidl_generator_c[0m
[  9%] [34m[1mGenerating C++ type support for eProsima Fast-RTPS[0m
[ 12%] [34m[1mGenerating C++ type support dispatch for ROS interfaces[0m
[ 15%] [34m[1mGenerating C++ introspection for ROS interfaces[0m
[ 18%] [32mBuilding C object CMakeFiles/fake_ar_publisher__rosidl_generator_c.dir/rosidl_generator_c/fake_ar_publisher/msg/detail/ar_marker__functions.c.o[0m
[ 21%] [32m[1mLinking C shared library libfake_ar_publisher__rosidl_generator_c.so[0m
[ 21%] Built target fake_ar_publisher__rosidl_generator_c
[ 24%] [34m[1mGenerating C type support dispatch for ROS interfaces[0m
[ 27%] [34m[1mGenerating C introspection for ROS interfaces[0m
[35m[1mScanning dependencies of target fake_ar_publisher__rosidl_typesupport_cpp[0m
[35m[1mScanning dependencies of target fake_ar_publisher__rosidl_typesupport_fastrtps_cpp[0m
[35m[1mScanning dependencies of target fake_ar_publisher__rosidl_typesupport_introspection_cpp[0m
[ 30%] [32mBuilding CXX object CMakeFiles/fake_ar_publisher__rosidl_typesupport_cpp.dir/rosidl_typesupport_cpp/fake_ar_publisher/msg/ar_marker__type_support.cpp.o[0m
[ 33%] [32mBuilding CXX object CMakeFiles/fake_ar_publisher__rosidl_typesupport_introspection_cpp.dir/rosidl_typesupport_introspection_cpp/fake_ar_publisher/msg/detail/ar_marker__type_support.cpp.o[0m
[ 36%] [32mBuilding CXX object CMakeFiles/fake_ar_publisher__rosidl_typesupport_fastrtps_cpp.dir/rosidl_typesupport_fastrtps_cpp/fake_ar_publisher/msg/detail/dds_fastrtps/ar_marker__type_support.cpp.o[0m
[35m[1mScanning dependencies of target fake_ar_publisher__rosidl_typesupport_c[0m
[ 39%] [32mBuilding CXX object CMakeFiles/fake_ar_publisher__rosidl_typesupport_c.dir/rosidl_typesupport_c/fake_ar_publisher/msg/ar_marker__type_support.cpp.o[0m
[35m[1mScanning dependencies of target fake_ar_publisher__rosidl_typesupport_introspection_c[0m
[ 42%] [32mBuilding C object CMakeFiles/fake_ar_publisher__rosidl_typesupport_introspection_c.dir/rosidl_typesupport_introspection_c/fake_ar_publisher/msg/detail/ar_marker__type_support.c.o[0m
[ 45%] [32m[1mLinking CXX shared library libfake_ar_publisher__rosidl_typesupport_c.so[0m
[ 48%] [32m[1mLinking C shared library libfake_ar_publisher__rosidl_typesupport_introspection_c.so[0m
[ 48%] Built target fake_ar_publisher__rosidl_typesupport_c
[ 48%] Built target fake_ar_publisher__rosidl_typesupport_introspection_c
[ 51%] [32m[1mLinking CXX shared library libfake_ar_publisher__rosidl_typesupport_introspection_cpp.so[0m
[ 54%] [32m[1mLinking CXX shared library libfake_ar_publisher__rosidl_typesupport_cpp.so[0m
[ 54%] Built target fake_ar_publisher__rosidl_typesupport_introspection_cpp
[ 54%] Built target fake_ar_publisher__rosidl_typesupport_cpp
[ 57%] [32m[1mLinking CXX shared library libfake_ar_publisher__rosidl_typesupport_fastrtps_cpp.so[0m
[ 57%] Built target fake_ar_publisher__rosidl_typesupport_fastrtps_cpp
[ 60%] [34m[1mGenerating C type support for eProsima Fast-RTPS[0m
[35m[1mScanning dependencies of target fake_ar_publisher__rosidl_typesupport_fastrtps_c[0m
[ 63%] [32mBuilding CXX object CMakeFiles/fake_ar_publisher__rosidl_typesupport_fastrtps_c.dir/rosidl_typesupport_fastrtps_c/fake_ar_publisher/msg/detail/ar_marker__type_support_c.cpp.o[0m
[ 66%] [32m[1mLinking CXX shared library libfake_ar_publisher__rosidl_typesupport_fastrtps_c.so[0m
[ 66%] Built target fake_ar_publisher__rosidl_typesupport_fastrtps_c
[35m[1mScanning dependencies of target fake_ar_publisher[0m
[ 66%] Built target fake_ar_publisher
[35m[1mScanning dependencies of target fake_ar_publisher__py[0m
[35m[1mScanning dependencies of target fake_ar_publisher_node[0m
[ 69%] [34m[1mGenerating Python code for ROS interfaces[0m
[ 72%] [32mBuilding CXX object CMakeFiles/fake_ar_publisher_node.dir/src/fake_ar_publisher.cpp.o[0m
[ 72%] Built target fake_ar_publisher__py
[35m[1mScanning dependencies of target fake_ar_publisher__python[0m
[ 75%] [32mBuilding C object CMakeFiles/fake_ar_publisher__python.dir/rosidl_generator_py/fake_ar_publisher/msg/_ar_marker_s.c.o[0m
[ 78%] [32m[1mLinking C shared library rosidl_generator_py/fake_ar_publisher/libfake_ar_publisher__python.so[0m
[ 78%] Built target fake_ar_publisher__python
[35m[1mScanning dependencies of target fake_ar_publisher__rosidl_typesupport_c__pyext[0m
[35m[1mScanning dependencies of target fake_ar_publisher__rosidl_typesupport_introspection_c__pyext[0m
[35m[1mScanning dependencies of target fake_ar_publisher__rosidl_typesupport_fastrtps_c__pyext[0m
[ 81%] [32mBuilding C object CMakeFiles/fake_ar_publisher__rosidl_typesupport_introspection_c__pyext.dir/rosidl_generator_py/fake_ar_publisher/_fake_ar_publisher_s.ep.rosidl_typesupport_introspection_c.c.o[0m
[ 84%] [32mBuilding C object CMakeFiles/fake_ar_publisher__rosidl_typesupport_c__pyext.dir/rosidl_generator_py/fake_ar_publisher/_fake_ar_publisher_s.ep.rosidl_typesupport_c.c.o[0m
[ 87%] [32mBuilding C object CMakeFiles/fake_ar_publisher__rosidl_typesupport_fastrtps_c__pyext.dir/rosidl_generator_py/fake_ar_publisher/_fake_ar_publisher_s.ep.rosidl_typesupport_fastrtps_c.c.o[0m
[ 90%] [32m[1mLinking C shared library rosidl_generator_py/fake_ar_publisher/fake_ar_publisher_s__rosidl_typesupport_introspection_c.cpython-38-x86_64-linux-gnu.so[0m
[ 93%] [32m[1mLinking C shared library rosidl_generator_py/fake_ar_publisher/fake_ar_publisher_s__rosidl_typesupport_c.cpython-38-x86_64-linux-gnu.so[0m
[ 96%] [32m[1mLinking CXX shared library rosidl_generator_py/fake_ar_publisher/fake_ar_publisher_s__rosidl_typesupport_fastrtps_c.cpython-38-x86_64-linux-gnu.so[0m
[ 96%] Built target fake_ar_publisher__rosidl_typesupport_introspection_c__pyext
[ 96%] Built target fake_ar_publisher__rosidl_typesupport_c__pyext
[ 96%] Built target fake_ar_publisher__rosidl_typesupport_fastrtps_c__pyext
[100%] [32m[1mLinking CXX executable fake_ar_publisher_node[0m
[100%] Built target fake_ar_publisher_node
-- Install configuration: ""
-- Installing: /ros_ws/src/install/fake_ar_publisher/share/ament_index/resource_index/rosidl_interfaces/fake_ar_publisher
-- Installing: /ros_ws/src/install/fake_ar_publisher/include/fake_ar_publisher
-- Installing: /ros_ws/src/install/fake_ar_publisher/include/fake_ar_publisher/msg
-- Installing: /ros_ws/src/install/fake_ar_publisher/include/fake_ar_publisher/msg/ar_marker.h
-- Installing: /ros_ws/src/install/fake_ar_publisher/include/fake_ar_publisher/msg/detail
-- Installing: /ros_ws/src/install/fake_ar_publisher/include/fake_ar_publisher/msg/detail/ar_marker__functions.c
-- Installing: /ros_ws/src/install/fake_ar_publisher/include/fake_ar_publisher/msg/detail/ar_marker__struct.h
-- Installing: /ros_ws/src/install/fake_ar_publisher/include/fake_ar_publisher/msg/detail/ar_marker__type_support.h
-- Installing: /ros_ws/src/install/fake_ar_publisher/include/fake_ar_publisher/msg/detail/ar_marker__functions.h
-- Installing: /ros_ws/src/install/fake_ar_publisher/include/fake_ar_publisher/msg/rosidl_generator_c__visibility_control.h
-- Installing: /ros_ws/src/install/fake_ar_publisher/share/fake_ar_publisher/environment/library_path.sh
-- Installing: /ros_ws/src/install/fake_ar_publisher/share/fake_ar_publisher/environment/library_path.dsv
-- Installing: /ros_ws/src/install/fake_ar_publisher/lib/libfake_ar_publisher__rosidl_generator_c.so
-- Set runtime path of "/ros_ws/src/install/fake_ar_publisher/lib/libfake_ar_publisher__rosidl_generator_c.so" to ""
-- Up-to-date: /ros_ws/src/install/fake_ar_publisher/include/fake_ar_publisher
-- Up-to-date: /ros_ws/src/install/fake_ar_publisher/include/fake_ar_publisher/msg
-- Installing: /ros_ws/src/install/fake_ar_publisher/include/fake_ar_publisher/msg/rosidl_typesupport_fastrtps_c__visibility_control.h
-- Up-to-date: /ros_ws/src/install/fake_ar_publisher/include/fake_ar_publisher/msg/detail
-- Installing: /ros_ws/src/install/fake_ar_publisher/include/fake_ar_publisher/msg/detail/ar_marker__rosidl_typesupport_fastrtps_c.h
-- Installing: /ros_ws/src/install/fake_ar_publisher/lib/libfake_ar_publisher__rosidl_typesupport_fastrtps_c.so
-- Set runtime path of "/ros_ws/src/install/fake_ar_publisher/lib/libfake_ar_publisher__rosidl_typesupport_fastrtps_c.so" to ""
-- Up-to-date: /ros_ws/src/install/fake_ar_publisher/include/fake_ar_publisher
-- Up-to-date: /ros_ws/src/install/fake_ar_publisher/include/fake_ar_publisher/msg
-- Installing: /ros_ws/src/install/fake_ar_publisher/include/fake_ar_publisher/msg/rosidl_typesupport_fastrtps_cpp__visibility_control.h
-- Up-to-date: /ros_ws/src/install/fake_ar_publisher/include/fake_ar_publisher/msg/detail
-- Installing: /ros_ws/src/install/fake_ar_publisher/include/fake_ar_publisher/msg/detail/ar_marker__rosidl_typesupport_fastrtps_cpp.hpp
-- Installing: /ros_ws/src/install/fake_ar_publisher/include/fake_ar_publisher/msg/detail/dds_fastrtps
-- Installing: /ros_ws/src/install/fake_ar_publisher/lib/libfake_ar_publisher__rosidl_typesupport_fastrtps_cpp.so
-- Set runtime path of "/ros_ws/src/install/fake_ar_publisher/lib/libfake_ar_publisher__rosidl_typesupport_fastrtps_cpp.so" to ""
-- Up-to-date: /ros_ws/src/install/fake_ar_publisher/include/fake_ar_publisher
-- Up-to-date: /ros_ws/src/install/fake_ar_publisher/include/fake_ar_publisher/msg
-- Up-to-date: /ros_ws/src/install/fake_ar_publisher/include/fake_ar_publisher/msg/detail
-- Installing: /ros_ws/src/install/fake_ar_publisher/include/fake_ar_publisher/msg/detail/ar_marker__rosidl_typesupport_introspection_c.h
-- Installing: /ros_ws/src/install/fake_ar_publisher/include/fake_ar_publisher/msg/detail/ar_marker__type_support.c
-- Installing: /ros_ws/src/install/fake_ar_publisher/include/fake_ar_publisher/msg/rosidl_typesupport_introspection_c__visibility_control.h
-- Installing: /ros_ws/src/install/fake_ar_publisher/lib/libfake_ar_publisher__rosidl_typesupport_introspection_c.so
-- Set runtime path of "/ros_ws/src/install/fake_ar_publisher/lib/libfake_ar_publisher__rosidl_typesupport_introspection_c.so" to ""
-- Installing: /ros_ws/src/install/fake_ar_publisher/lib/libfake_ar_publisher__rosidl_typesupport_c.so
-- Set runtime path of "/ros_ws/src/install/fake_ar_publisher/lib/libfake_ar_publisher__rosidl_typesupport_c.so" to ""
-- Up-to-date: /ros_ws/src/install/fake_ar_publisher/include/fake_ar_publisher
-- Up-to-date: /ros_ws/src/install/fake_ar_publisher/include/fake_ar_publisher/msg
-- Up-to-date: /ros_ws/src/install/fake_ar_publisher/include/fake_ar_publisher/msg/detail
-- Installing: /ros_ws/src/install/fake_ar_publisher/include/fake_ar_publisher/msg/detail/ar_marker__struct.hpp
-- Installing: /ros_ws/src/install/fake_ar_publisher/include/fake_ar_publisher/msg/detail/ar_marker__builder.hpp
-- Installing: /ros_ws/src/install/fake_ar_publisher/include/fake_ar_publisher/msg/detail/ar_marker__traits.hpp
-- Installing: /ros_ws/src/install/fake_ar_publisher/include/fake_ar_publisher/msg/ar_marker.hpp
-- Up-to-date: /ros_ws/src/install/fake_ar_publisher/include/fake_ar_publisher
-- Up-to-date: /ros_ws/src/install/fake_ar_publisher/include/fake_ar_publisher/msg
-- Up-to-date: /ros_ws/src/install/fake_ar_publisher/include/fake_ar_publisher/msg/detail
-- Installing: /ros_ws/src/install/fake_ar_publisher/include/fake_ar_publisher/msg/detail/ar_marker__type_support.cpp
-- Installing: /ros_ws/src/install/fake_ar_publisher/include/fake_ar_publisher/msg/detail/ar_marker__rosidl_typesupport_introspection_cpp.hpp
-- Installing: /ros_ws/src/install/fake_ar_publisher/lib/libfake_ar_publisher__rosidl_typesupport_introspection_cpp.so
-- Set runtime path of "/ros_ws/src/install/fake_ar_publisher/lib/libfake_ar_publisher__rosidl_typesupport_introspection_cpp.so" to ""
-- Installing: /ros_ws/src/install/fake_ar_publisher/lib/libfake_ar_publisher__rosidl_typesupport_cpp.so
-- Set runtime path of "/ros_ws/src/install/fake_ar_publisher/lib/libfake_ar_publisher__rosidl_typesupport_cpp.so" to ""
-- Installing: /ros_ws/src/install/fake_ar_publisher/share/fake_ar_publisher/environment/pythonpath.sh
-- Installing: /ros_ws/src/install/fake_ar_publisher/share/fake_ar_publisher/environment/pythonpath.dsv
-- Installing: /ros_ws/src/install/fake_ar_publisher/lib/python3.8/site-packages/fake_ar_publisher/__init__.py
Compiling '/ros_ws/src/install/fake_ar_publisher/lib/python3.8/site-packages/fake_ar_publisher/__init__.py'...
-- Installing: /ros_ws/src/install/fake_ar_publisher/lib/python3.8/site-packages/fake_ar_publisher/msg
-- Installing: /ros_ws/src/install/fake_ar_publisher/lib/python3.8/site-packages/fake_ar_publisher/msg/_ar_marker.py
-- Installing: /ros_ws/src/install/fake_ar_publisher/lib/python3.8/site-packages/fake_ar_publisher/msg/_ar_marker_s.c
-- Installing: /ros_ws/src/install/fake_ar_publisher/lib/python3.8/site-packages/fake_ar_publisher/msg/__init__.py
-- Installing: /ros_ws/src/install/fake_ar_publisher/lib/python3.8/site-packages/fake_ar_publisher/fake_ar_publisher_s__rosidl_typesupport_fastrtps_c.cpython-38-x86_64-linux-gnu.so
-- Set runtime path of "/ros_ws/src/install/fake_ar_publisher/lib/python3.8/site-packages/fake_ar_publisher/fake_ar_publisher_s__rosidl_typesupport_fastrtps_c.cpython-38-x86_64-linux-gnu.so" to ""
-- Installing: /ros_ws/src/install/fake_ar_publisher/lib/python3.8/site-packages/fake_ar_publisher/fake_ar_publisher_s__rosidl_typesupport_introspection_c.cpython-38-x86_64-linux-gnu.so
-- Set runtime path of "/ros_ws/src/install/fake_ar_publisher/lib/python3.8/site-packages/fake_ar_publisher/fake_ar_publisher_s__rosidl_typesupport_introspection_c.cpython-38-x86_64-linux-gnu.so" to ""
-- Installing: /ros_ws/src/install/fake_ar_publisher/lib/python3.8/site-packages/fake_ar_publisher/fake_ar_publisher_s__rosidl_typesupport_c.cpython-38-x86_64-linux-gnu.so
-- Set runtime path of "/ros_ws/src/install/fake_ar_publisher/lib/python3.8/site-packages/fake_ar_publisher/fake_ar_publisher_s__rosidl_typesupport_c.cpython-38-x86_64-linux-gnu.so" to ""
-- Installing: /ros_ws/src/install/fake_ar_publisher/lib/libfake_ar_publisher__python.so
-- Set runtime path of "/ros_ws/src/install/fake_ar_publisher/lib/libfake_ar_publisher__python.so" to ""
-- Installing: /ros_ws/src/install/fake_ar_publisher/share/fake_ar_publisher/msg/ARMarker.idl
-- Installing: /ros_ws/src/install/fake_ar_publisher/share/fake_ar_publisher/msg/ARMarker.msg
-- Installing: /ros_ws/src/install/fake_ar_publisher/lib/fake_ar_publisher/fake_ar_publisher_node
-- Set runtime path of "/ros_ws/src/install/fake_ar_publisher/lib/fake_ar_publisher/fake_ar_publisher_node" to ""
-- Installing: /ros_ws/src/install/fake_ar_publisher/share/ament_index/resource_index/package_run_dependencies/fake_ar_publisher
-- Installing: /ros_ws/src/install/fake_ar_publisher/share/ament_index/resource_index/parent_prefix_path/fake_ar_publisher
-- Installing: /ros_ws/src/install/fake_ar_publisher/share/fake_ar_publisher/environment/ament_prefix_path.sh
-- Installing: /ros_ws/src/install/fake_ar_publisher/share/fake_ar_publisher/environment/ament_prefix_path.dsv
-- Installing: /ros_ws/src/install/fake_ar_publisher/share/fake_ar_publisher/environment/path.sh
-- Installing: /ros_ws/src/install/fake_ar_publisher/share/fake_ar_publisher/environment/path.dsv
-- Installing: /ros_ws/src/install/fake_ar_publisher/share/fake_ar_publisher/local_setup.bash
-- Installing: /ros_ws/src/install/fake_ar_publisher/share/fake_ar_publisher/local_setup.sh
-- Installing: /ros_ws/src/install/fake_ar_publisher/share/fake_ar_publisher/local_setup.zsh
-- Installing: /ros_ws/src/install/fake_ar_publisher/share/fake_ar_publisher/local_setup.dsv
-- Installing: /ros_ws/src/install/fake_ar_publisher/share/fake_ar_publisher/package.dsv
-- Installing: /ros_ws/src/install/fake_ar_publisher/share/ament_index/resource_index/packages/fake_ar_publisher
-- Installing: /ros_ws/src/install/fake_ar_publisher/share/fake_ar_publisher/cmake/fake_ar_publisher__rosidl_generator_cExport.cmake
-- Installing: /ros_ws/src/install/fake_ar_publisher/share/fake_ar_publisher/cmake/fake_ar_publisher__rosidl_generator_cExport-noconfig.cmake
-- Installing: /ros_ws/src/install/fake_ar_publisher/share/fake_ar_publisher/cmake/fake_ar_publisher__rosidl_typesupport_introspection_cExport.cmake
-- Installing: /ros_ws/src/install/fake_ar_publisher/share/fake_ar_publisher/cmake/fake_ar_publisher__rosidl_typesupport_introspection_cExport-noconfig.cmake
-- Installing: /ros_ws/src/install/fake_ar_publisher/share/fake_ar_publisher/cmake/fake_ar_publisher__rosidl_typesupport_cExport.cmake
-- Installing: /ros_ws/src/install/fake_ar_publisher/share/fake_ar_publisher/cmake/fake_ar_publisher__rosidl_typesupport_cExport-noconfig.cmake
-- Installing: /ros_ws/src/install/fake_ar_publisher/share/fake_ar_publisher/cmake/fake_ar_publisher__rosidl_generator_cppExport.cmake
-- Installing: /ros_ws/src/install/fake_ar_publisher/share/fake_ar_publisher/cmake/fake_ar_publisher__rosidl_typesupport_introspection_cppExport.cmake
-- Installing: /ros_ws/src/install/fake_ar_publisher/share/fake_ar_publisher/cmake/fake_ar_publisher__rosidl_typesupport_introspection_cppExport-noconfig.cmake
-- Installing: /ros_ws/src/install/fake_ar_publisher/share/fake_ar_publisher/cmake/fake_ar_publisher__rosidl_typesupport_cppExport.cmake
-- Installing: /ros_ws/src/install/fake_ar_publisher/share/fake_ar_publisher/cmake/fake_ar_publisher__rosidl_typesupport_cppExport-noconfig.cmake
-- Installing: /ros_ws/src/install/fake_ar_publisher/share/fake_ar_publisher/cmake/rosidl_cmake-extras.cmake
-- Installing: /ros_ws/src/install/fake_ar_publisher/share/fake_ar_publisher/cmake/ament_cmake_export_dependencies-extras.cmake
-- Installing: /ros_ws/src/install/fake_ar_publisher/share/fake_ar_publisher/cmake/ament_cmake_export_libraries-extras.cmake
-- Installing: /ros_ws/src/install/fake_ar_publisher/share/fake_ar_publisher/cmake/ament_cmake_export_targets-extras.cmake
-- Installing: /ros_ws/src/install/fake_ar_publisher/share/fake_ar_publisher/cmake/ament_cmake_export_include_directories-extras.cmake
-- Installing: /ros_ws/src/install/fake_ar_publisher/share/fake_ar_publisher/cmake/rosidl_cmake_export_typesupport_libraries-extras.cmake
-- Installing: /ros_ws/src/install/fake_ar_publisher/share/fake_ar_publisher/cmake/rosidl_cmake_export_typesupport_targets-extras.cmake
-- Installing: /ros_ws/src/install/fake_ar_publisher/share/fake_ar_publisher/cmake/fake_ar_publisherConfig.cmake
-- Installing: /ros_ws/src/install/fake_ar_publisher/share/fake_ar_publisher/cmake/fake_ar_publisherConfig-version.cmake
-- Installing: /ros_ws/src/install/fake_ar_publisher/share/fake_ar_publisher/package.xml
