[0.507s] Invoking command in '/ros_ws/src/build/fake_ar_publisher': CMAKE_PREFIX_PATH=${CMAKE_PREFIX_PATH}:/opt/ros/galactic /usr/bin/cmake /ros_ws/src/fake_ar_publisher -DCMAKE_INSTALL_PREFIX=/ros_ws/src/install/fake_ar_publisher
[0.890s] -- The C compiler identification is GNU 9.4.0
[1.066s] -- The CXX compiler identification is GNU 9.4.0
[1.085s] -- Check for working C compiler: /usr/bin/cc
[1.186s] -- Check for working C compiler: /usr/bin/cc -- works
[1.188s] -- Detecting C compiler ABI info
[1.293s] -- Detecting C compiler ABI info - done
[1.318s] -- Detecting C compile features
[1.318s] -- Detecting C compile features - done
[1.323s] -- Check for working CXX compiler: /usr/bin/c++
[1.420s] -- Check for working CXX compiler: /usr/bin/c++ -- works
[1.421s] -- Detecting CXX compiler ABI info
[1.525s] -- Detecting CXX compiler ABI info - done
[1.540s] -- Detecting CXX compile features
[1.541s] -- Detecting CXX compile features - done
[1.569s] -- Found ament_cmake: 1.1.6 (/opt/ros/galactic/share/ament_cmake/cmake)
[1.613s] -- Found PythonInterp: /usr/bin/python3 (found suitable version "3.8.10", minimum required is "3") 
[1.613s] -- Using PYTHON_EXECUTABLE: /usr/bin/python3
[1.750s] -- Found rclcpp: 9.2.2 (/opt/ros/galactic/share/rclcpp/cmake)
[1.889s] -- Using all available rosidl_typesupport_c: rosidl_typesupport_fastrtps_c;rosidl_typesupport_introspection_c
[1.904s] -- Found rosidl_adapter: 2.2.3 (/opt/ros/galactic/share/rosidl_adapter/cmake)
[2.282s] -- Found OpenSSL: /usr/lib/x86_64-linux-gnu/libcrypto.so (found version "1.1.1f")  
[2.371s] -- Found FastRTPS: /opt/ros/galactic/include  
[2.502s] -- Using all available rosidl_typesupport_cpp: rosidl_typesupport_fastrtps_cpp;rosidl_typesupport_introspection_cpp
[2.598s] -- Found rmw_implementation_cmake: 3.3.1 (/opt/ros/galactic/share/rmw_implementation_cmake/cmake)
[2.604s] -- Found rmw_cyclonedds_cpp: 0.22.6 (/opt/ros/galactic/share/rmw_cyclonedds_cpp/cmake)
[2.631s] -- Using RMW implementation 'rmw_cyclonedds_cpp' as default
[2.633s] -- Looking for pthread.h
[2.772s] -- Looking for pthread.h - found
[2.772s] -- Performing Test CMAKE_HAVE_LIBC_PTHREAD
[2.870s] -- Performing Test CMAKE_HAVE_LIBC_PTHREAD - Failed
[2.870s] -- Looking for pthread_create in pthreads
[2.948s] -- Looking for pthread_create in pthreads - not found
[2.948s] -- Looking for pthread_create in pthread
[3.041s] -- Looking for pthread_create in pthread - found
[3.043s] -- Found Threads: TRUE  
[3.246s] -- Found geometry_msgs: 2.2.4 (/opt/ros/galactic/share/geometry_msgs/cmake)
[3.290s] -- Found visualization_msgs: 2.2.4 (/opt/ros/galactic/share/visualization_msgs/cmake)
[3.384s] -- Found rosidl_default_generators: 1.1.1 (/opt/ros/galactic/share/rosidl_default_generators/cmake)
[3.423s] -- Found PythonInterp: /usr/bin/python3 (found version "3.8.10") 
[3.626s] -- Found ament_cmake_ros: 0.9.2 (/opt/ros/galactic/share/ament_cmake_ros/cmake)
[3.987s] -- Using all available rosidl_typesupport_c: rosidl_typesupport_fastrtps_c;rosidl_typesupport_introspection_c
[4.136s] -- Using all available rosidl_typesupport_cpp: rosidl_typesupport_fastrtps_cpp;rosidl_typesupport_introspection_cpp
[4.167s] -- Found PythonInterp: /usr/bin/python3 (found suitable version "3.8.10", minimum required is "3.5") 
[4.171s] -- Found python_cmake_module: 0.8.1 (/opt/ros/galactic/share/python_cmake_module/cmake)
[4.214s] -- Found PythonLibs: /usr/lib/x86_64-linux-gnu/libpython3.8.so (found suitable version "3.8.10", minimum required is "3.5") 
[4.214s] -- Using PYTHON_EXECUTABLE: /usr/bin/python3
[4.214s] -- Using PYTHON_INCLUDE_DIRS: /usr/include/python3.8
[4.214s] -- Using PYTHON_LIBRARIES: /usr/lib/x86_64-linux-gnu/libpython3.8.so
[4.240s] -- Found PythonExtra: .so  
[4.358s] -- Found ament_lint_auto: 0.10.7 (/opt/ros/galactic/share/ament_lint_auto/cmake)
[4.380s] -- Configuring done
[4.483s] -- Generating done
[4.486s] -- Build files have been written to: /ros_ws/src/build/fake_ar_publisher
[4.497s] Invoked command in '/ros_ws/src/build/fake_ar_publisher' returned '0': CMAKE_PREFIX_PATH=${CMAKE_PREFIX_PATH}:/opt/ros/galactic /usr/bin/cmake /ros_ws/src/fake_ar_publisher -DCMAKE_INSTALL_PREFIX=/ros_ws/src/install/fake_ar_publisher
[4.501s] Invoking command in '/ros_ws/src/build/fake_ar_publisher': CMAKE_PREFIX_PATH=${CMAKE_PREFIX_PATH}:/opt/ros/galactic /usr/bin/cmake --build /ros_ws/src/build/fake_ar_publisher -- -j8 -l8
[4.560s] [35m[1mScanning dependencies of target fake_ar_publisher__cpp[0m
[4.561s] [  3%] [34m[1mGenerating C code for ROS interfaces[0m
[4.577s] [  6%] [34m[1mGenerating C++ code for ROS interfaces[0m
[4.801s] [  6%] Built target fake_ar_publisher__cpp
[4.812s] [35m[1mScanning dependencies of target fake_ar_publisher__rosidl_generator_c[0m
[4.815s] [  9%] [34m[1mGenerating C++ type support for eProsima Fast-RTPS[0m
[4.815s] [ 12%] [34m[1mGenerating C++ type support dispatch for ROS interfaces[0m
[4.816s] [ 15%] [34m[1mGenerating C++ introspection for ROS interfaces[0m
[4.848s] [ 18%] [32mBuilding C object CMakeFiles/fake_ar_publisher__rosidl_generator_c.dir/rosidl_generator_c/fake_ar_publisher/msg/detail/ar_marker__functions.c.o[0m
[4.914s] [ 21%] [32m[1mLinking C shared library libfake_ar_publisher__rosidl_generator_c.so[0m
[4.984s] [ 21%] Built target fake_ar_publisher__rosidl_generator_c
[5.002s] [ 24%] [34m[1mGenerating C type support dispatch for ROS interfaces[0m
[5.004s] [ 27%] [34m[1mGenerating C introspection for ROS interfaces[0m
[5.061s] [35m[1mScanning dependencies of target fake_ar_publisher__rosidl_typesupport_cpp[0m
[5.079s] [35m[1mScanning dependencies of target fake_ar_publisher__rosidl_typesupport_fastrtps_cpp[0m
[5.082s] [35m[1mScanning dependencies of target fake_ar_publisher__rosidl_typesupport_introspection_cpp[0m
[5.091s] [ 30%] [32mBuilding CXX object CMakeFiles/fake_ar_publisher__rosidl_typesupport_cpp.dir/rosidl_typesupport_cpp/fake_ar_publisher/msg/ar_marker__type_support.cpp.o[0m
[5.110s] [ 33%] [32mBuilding CXX object CMakeFiles/fake_ar_publisher__rosidl_typesupport_introspection_cpp.dir/rosidl_typesupport_introspection_cpp/fake_ar_publisher/msg/detail/ar_marker__type_support.cpp.o[0m
[5.115s] [ 36%] [32mBuilding CXX object CMakeFiles/fake_ar_publisher__rosidl_typesupport_fastrtps_cpp.dir/rosidl_typesupport_fastrtps_cpp/fake_ar_publisher/msg/detail/dds_fastrtps/ar_marker__type_support.cpp.o[0m
[5.237s] [35m[1mScanning dependencies of target fake_ar_publisher__rosidl_typesupport_c[0m
[5.257s] [ 39%] [32mBuilding CXX object CMakeFiles/fake_ar_publisher__rosidl_typesupport_c.dir/rosidl_typesupport_c/fake_ar_publisher/msg/ar_marker__type_support.cpp.o[0m
[5.263s] [35m[1mScanning dependencies of target fake_ar_publisher__rosidl_typesupport_introspection_c[0m
[5.292s] [ 42%] [32mBuilding C object CMakeFiles/fake_ar_publisher__rosidl_typesupport_introspection_c.dir/rosidl_typesupport_introspection_c/fake_ar_publisher/msg/detail/ar_marker__type_support.c.o[0m
[5.303s] [ 45%] [32m[1mLinking CXX shared library libfake_ar_publisher__rosidl_typesupport_c.so[0m
[5.338s] [ 48%] [32m[1mLinking C shared library libfake_ar_publisher__rosidl_typesupport_introspection_c.so[0m
[5.360s] [ 48%] Built target fake_ar_publisher__rosidl_typesupport_c
[5.386s] [ 48%] Built target fake_ar_publisher__rosidl_typesupport_introspection_c
[5.491s] [ 51%] [32m[1mLinking CXX shared library libfake_ar_publisher__rosidl_typesupport_introspection_cpp.so[0m
[5.547s] [ 54%] [32m[1mLinking CXX shared library libfake_ar_publisher__rosidl_typesupport_cpp.so[0m
[5.593s] [ 54%] Built target fake_ar_publisher__rosidl_typesupport_introspection_cpp
[5.609s] [ 54%] Built target fake_ar_publisher__rosidl_typesupport_cpp
[5.705s] [ 57%] [32m[1mLinking CXX shared library libfake_ar_publisher__rosidl_typesupport_fastrtps_cpp.so[0m
[5.865s] [ 57%] Built target fake_ar_publisher__rosidl_typesupport_fastrtps_cpp
[5.882s] [ 60%] [34m[1mGenerating C type support for eProsima Fast-RTPS[0m
[6.108s] [35m[1mScanning dependencies of target fake_ar_publisher__rosidl_typesupport_fastrtps_c[0m
[6.133s] [ 63%] [32mBuilding CXX object CMakeFiles/fake_ar_publisher__rosidl_typesupport_fastrtps_c.dir/rosidl_typesupport_fastrtps_c/fake_ar_publisher/msg/detail/ar_marker__type_support_c.cpp.o[0m
[6.481s] [ 66%] [32m[1mLinking CXX shared library libfake_ar_publisher__rosidl_typesupport_fastrtps_c.so[0m
[6.595s] [ 66%] Built target fake_ar_publisher__rosidl_typesupport_fastrtps_c
[6.610s] [35m[1mScanning dependencies of target fake_ar_publisher[0m
[6.626s] [ 66%] Built target fake_ar_publisher
[6.641s] [35m[1mScanning dependencies of target fake_ar_publisher__py[0m
[6.641s] [35m[1mScanning dependencies of target fake_ar_publisher_node[0m
[6.657s] [ 69%] [34m[1mGenerating Python code for ROS interfaces[0m
[6.814s] [ 72%] [32mBuilding CXX object CMakeFiles/fake_ar_publisher_node.dir/src/fake_ar_publisher.cpp.o[0m
[7.197s] [ 72%] Built target fake_ar_publisher__py
[7.211s] [35m[1mScanning dependencies of target fake_ar_publisher__python[0m
[7.270s] [ 75%] [32mBuilding C object CMakeFiles/fake_ar_publisher__python.dir/rosidl_generator_py/fake_ar_publisher/msg/_ar_marker_s.c.o[0m
[7.399s] [ 78%] [32m[1mLinking C shared library rosidl_generator_py/fake_ar_publisher/libfake_ar_publisher__python.so[0m
[7.463s] [ 78%] Built target fake_ar_publisher__python
[7.479s] [35m[1mScanning dependencies of target fake_ar_publisher__rosidl_typesupport_c__pyext[0m
[7.479s] [35m[1mScanning dependencies of target fake_ar_publisher__rosidl_typesupport_introspection_c__pyext[0m
[7.480s] [35m[1mScanning dependencies of target fake_ar_publisher__rosidl_typesupport_fastrtps_c__pyext[0m
[7.509s] [ 81%] [32mBuilding C object CMakeFiles/fake_ar_publisher__rosidl_typesupport_introspection_c__pyext.dir/rosidl_generator_py/fake_ar_publisher/_fake_ar_publisher_s.ep.rosidl_typesupport_introspection_c.c.o[0m
[7.512s] [ 84%] [32mBuilding C object CMakeFiles/fake_ar_publisher__rosidl_typesupport_c__pyext.dir/rosidl_generator_py/fake_ar_publisher/_fake_ar_publisher_s.ep.rosidl_typesupport_c.c.o[0m
[7.512s] [ 87%] [32mBuilding C object CMakeFiles/fake_ar_publisher__rosidl_typesupport_fastrtps_c__pyext.dir/rosidl_generator_py/fake_ar_publisher/_fake_ar_publisher_s.ep.rosidl_typesupport_fastrtps_c.c.o[0m
[7.608s] [ 90%] [32m[1mLinking C shared library rosidl_generator_py/fake_ar_publisher/fake_ar_publisher_s__rosidl_typesupport_introspection_c.cpython-38-x86_64-linux-gnu.so[0m
[7.612s] [ 93%] [32m[1mLinking C shared library rosidl_generator_py/fake_ar_publisher/fake_ar_publisher_s__rosidl_typesupport_c.cpython-38-x86_64-linux-gnu.so[0m
[7.619s] [ 96%] [32m[1mLinking CXX shared library rosidl_generator_py/fake_ar_publisher/fake_ar_publisher_s__rosidl_typesupport_fastrtps_c.cpython-38-x86_64-linux-gnu.so[0m
[7.662s] [ 96%] Built target fake_ar_publisher__rosidl_typesupport_introspection_c__pyext
[7.665s] [ 96%] Built target fake_ar_publisher__rosidl_typesupport_c__pyext
[7.715s] [ 96%] Built target fake_ar_publisher__rosidl_typesupport_fastrtps_c__pyext
[11.619s] [100%] [32m[1mLinking CXX executable fake_ar_publisher_node[0m
[11.921s] [100%] Built target fake_ar_publisher_node
[11.941s] Invoked command in '/ros_ws/src/build/fake_ar_publisher' returned '0': CMAKE_PREFIX_PATH=${CMAKE_PREFIX_PATH}:/opt/ros/galactic /usr/bin/cmake --build /ros_ws/src/build/fake_ar_publisher -- -j8 -l8
[12.036s] Invoking command in '/ros_ws/src/build/fake_ar_publisher': CMAKE_PREFIX_PATH=${CMAKE_PREFIX_PATH}:/opt/ros/galactic /usr/bin/cmake --install /ros_ws/src/build/fake_ar_publisher
[12.049s] -- Install configuration: ""
[12.049s] -- Installing: /ros_ws/src/install/fake_ar_publisher/share/ament_index/resource_index/rosidl_interfaces/fake_ar_publisher
[12.049s] -- Installing: /ros_ws/src/install/fake_ar_publisher/include/fake_ar_publisher
[12.049s] -- Installing: /ros_ws/src/install/fake_ar_publisher/include/fake_ar_publisher/msg
[12.050s] -- Installing: /ros_ws/src/install/fake_ar_publisher/include/fake_ar_publisher/msg/ar_marker.h
[12.050s] -- Installing: /ros_ws/src/install/fake_ar_publisher/include/fake_ar_publisher/msg/detail
[12.050s] -- Installing: /ros_ws/src/install/fake_ar_publisher/include/fake_ar_publisher/msg/detail/ar_marker__functions.c
[12.050s] -- Installing: /ros_ws/src/install/fake_ar_publisher/include/fake_ar_publisher/msg/detail/ar_marker__struct.h
[12.050s] -- Installing: /ros_ws/src/install/fake_ar_publisher/include/fake_ar_publisher/msg/detail/ar_marker__type_support.h
[12.050s] -- Installing: /ros_ws/src/install/fake_ar_publisher/include/fake_ar_publisher/msg/detail/ar_marker__functions.h
[12.050s] -- Installing: /ros_ws/src/install/fake_ar_publisher/include/fake_ar_publisher/msg/rosidl_generator_c__visibility_control.h
[12.050s] -- Installing: /ros_ws/src/install/fake_ar_publisher/share/fake_ar_publisher/environment/library_path.sh
[12.051s] -- Installing: /ros_ws/src/install/fake_ar_publisher/share/fake_ar_publisher/environment/library_path.dsv
[12.051s] -- Installing: /ros_ws/src/install/fake_ar_publisher/lib/libfake_ar_publisher__rosidl_generator_c.so
[12.051s] -- Set runtime path of "/ros_ws/src/install/fake_ar_publisher/lib/libfake_ar_publisher__rosidl_generator_c.so" to ""
[12.051s] -- Up-to-date: /ros_ws/src/install/fake_ar_publisher/include/fake_ar_publisher
[12.052s] -- Up-to-date: /ros_ws/src/install/fake_ar_publisher/include/fake_ar_publisher/msg
[12.052s] -- Installing: /ros_ws/src/install/fake_ar_publisher/include/fake_ar_publisher/msg/rosidl_typesupport_fastrtps_c__visibility_control.h
[12.052s] -- Up-to-date: /ros_ws/src/install/fake_ar_publisher/include/fake_ar_publisher/msg/detail
[12.052s] -- Installing: /ros_ws/src/install/fake_ar_publisher/include/fake_ar_publisher/msg/detail/ar_marker__rosidl_typesupport_fastrtps_c.h
[12.052s] -- Installing: /ros_ws/src/install/fake_ar_publisher/lib/libfake_ar_publisher__rosidl_typesupport_fastrtps_c.so
[12.052s] -- Set runtime path of "/ros_ws/src/install/fake_ar_publisher/lib/libfake_ar_publisher__rosidl_typesupport_fastrtps_c.so" to ""
[12.053s] -- Up-to-date: /ros_ws/src/install/fake_ar_publisher/include/fake_ar_publisher
[12.053s] -- Up-to-date: /ros_ws/src/install/fake_ar_publisher/include/fake_ar_publisher/msg
[12.053s] -- Installing: /ros_ws/src/install/fake_ar_publisher/include/fake_ar_publisher/msg/rosidl_typesupport_fastrtps_cpp__visibility_control.h
[12.053s] -- Up-to-date: /ros_ws/src/install/fake_ar_publisher/include/fake_ar_publisher/msg/detail
[12.053s] -- Installing: /ros_ws/src/install/fake_ar_publisher/include/fake_ar_publisher/msg/detail/ar_marker__rosidl_typesupport_fastrtps_cpp.hpp
[12.053s] -- Installing: /ros_ws/src/install/fake_ar_publisher/include/fake_ar_publisher/msg/detail/dds_fastrtps
[12.053s] -- Installing: /ros_ws/src/install/fake_ar_publisher/lib/libfake_ar_publisher__rosidl_typesupport_fastrtps_cpp.so
[12.054s] -- Set runtime path of "/ros_ws/src/install/fake_ar_publisher/lib/libfake_ar_publisher__rosidl_typesupport_fastrtps_cpp.so" to ""
[12.054s] -- Up-to-date: /ros_ws/src/install/fake_ar_publisher/include/fake_ar_publisher
[12.054s] -- Up-to-date: /ros_ws/src/install/fake_ar_publisher/include/fake_ar_publisher/msg
[12.054s] -- Up-to-date: /ros_ws/src/install/fake_ar_publisher/include/fake_ar_publisher/msg/detail
[12.054s] -- Installing: /ros_ws/src/install/fake_ar_publisher/include/fake_ar_publisher/msg/detail/ar_marker__rosidl_typesupport_introspection_c.h
[12.054s] -- Installing: /ros_ws/src/install/fake_ar_publisher/include/fake_ar_publisher/msg/detail/ar_marker__type_support.c
[12.054s] -- Installing: /ros_ws/src/install/fake_ar_publisher/include/fake_ar_publisher/msg/rosidl_typesupport_introspection_c__visibility_control.h
[12.055s] -- Installing: /ros_ws/src/install/fake_ar_publisher/lib/libfake_ar_publisher__rosidl_typesupport_introspection_c.so
[12.055s] -- Set runtime path of "/ros_ws/src/install/fake_ar_publisher/lib/libfake_ar_publisher__rosidl_typesupport_introspection_c.so" to ""
[12.055s] -- Installing: /ros_ws/src/install/fake_ar_publisher/lib/libfake_ar_publisher__rosidl_typesupport_c.so
[12.056s] -- Set runtime path of "/ros_ws/src/install/fake_ar_publisher/lib/libfake_ar_publisher__rosidl_typesupport_c.so" to ""
[12.056s] -- Up-to-date: /ros_ws/src/install/fake_ar_publisher/include/fake_ar_publisher
[12.056s] -- Up-to-date: /ros_ws/src/install/fake_ar_publisher/include/fake_ar_publisher/msg
[12.056s] -- Up-to-date: /ros_ws/src/install/fake_ar_publisher/include/fake_ar_publisher/msg/detail
[12.056s] -- Installing: /ros_ws/src/install/fake_ar_publisher/include/fake_ar_publisher/msg/detail/ar_marker__struct.hpp
[12.057s] -- Installing: /ros_ws/src/install/fake_ar_publisher/include/fake_ar_publisher/msg/detail/ar_marker__builder.hpp
[12.057s] -- Installing: /ros_ws/src/install/fake_ar_publisher/include/fake_ar_publisher/msg/detail/ar_marker__traits.hpp
[12.057s] -- Installing: /ros_ws/src/install/fake_ar_publisher/include/fake_ar_publisher/msg/ar_marker.hpp
[12.057s] -- Up-to-date: /ros_ws/src/install/fake_ar_publisher/include/fake_ar_publisher
[12.057s] -- Up-to-date: /ros_ws/src/install/fake_ar_publisher/include/fake_ar_publisher/msg
[12.057s] -- Up-to-date: /ros_ws/src/install/fake_ar_publisher/include/fake_ar_publisher/msg/detail
[12.057s] -- Installing: /ros_ws/src/install/fake_ar_publisher/include/fake_ar_publisher/msg/detail/ar_marker__type_support.cpp
[12.058s] -- Installing: /ros_ws/src/install/fake_ar_publisher/include/fake_ar_publisher/msg/detail/ar_marker__rosidl_typesupport_introspection_cpp.hpp
[12.058s] -- Installing: /ros_ws/src/install/fake_ar_publisher/lib/libfake_ar_publisher__rosidl_typesupport_introspection_cpp.so
[12.058s] -- Set runtime path of "/ros_ws/src/install/fake_ar_publisher/lib/libfake_ar_publisher__rosidl_typesupport_introspection_cpp.so" to ""
[12.058s] -- Installing: /ros_ws/src/install/fake_ar_publisher/lib/libfake_ar_publisher__rosidl_typesupport_cpp.so
[12.058s] -- Set runtime path of "/ros_ws/src/install/fake_ar_publisher/lib/libfake_ar_publisher__rosidl_typesupport_cpp.so" to ""
[12.058s] -- Installing: /ros_ws/src/install/fake_ar_publisher/share/fake_ar_publisher/environment/pythonpath.sh
[12.059s] -- Installing: /ros_ws/src/install/fake_ar_publisher/share/fake_ar_publisher/environment/pythonpath.dsv
[12.059s] -- Installing: /ros_ws/src/install/fake_ar_publisher/lib/python3.8/site-packages/fake_ar_publisher/__init__.py
[12.111s] Compiling '/ros_ws/src/install/fake_ar_publisher/lib/python3.8/site-packages/fake_ar_publisher/__init__.py'...
[12.116s] -- Installing: /ros_ws/src/install/fake_ar_publisher/lib/python3.8/site-packages/fake_ar_publisher/msg
[12.117s] -- Installing: /ros_ws/src/install/fake_ar_publisher/lib/python3.8/site-packages/fake_ar_publisher/msg/_ar_marker.py
[12.117s] -- Installing: /ros_ws/src/install/fake_ar_publisher/lib/python3.8/site-packages/fake_ar_publisher/msg/_ar_marker_s.c
[12.117s] -- Installing: /ros_ws/src/install/fake_ar_publisher/lib/python3.8/site-packages/fake_ar_publisher/msg/__init__.py
[12.117s] -- Installing: /ros_ws/src/install/fake_ar_publisher/lib/python3.8/site-packages/fake_ar_publisher/fake_ar_publisher_s__rosidl_typesupport_fastrtps_c.cpython-38-x86_64-linux-gnu.so
[12.118s] -- Set runtime path of "/ros_ws/src/install/fake_ar_publisher/lib/python3.8/site-packages/fake_ar_publisher/fake_ar_publisher_s__rosidl_typesupport_fastrtps_c.cpython-38-x86_64-linux-gnu.so" to ""
[12.118s] -- Installing: /ros_ws/src/install/fake_ar_publisher/lib/python3.8/site-packages/fake_ar_publisher/fake_ar_publisher_s__rosidl_typesupport_introspection_c.cpython-38-x86_64-linux-gnu.so
[12.119s] -- Set runtime path of "/ros_ws/src/install/fake_ar_publisher/lib/python3.8/site-packages/fake_ar_publisher/fake_ar_publisher_s__rosidl_typesupport_introspection_c.cpython-38-x86_64-linux-gnu.so" to ""
[12.119s] -- Installing: /ros_ws/src/install/fake_ar_publisher/lib/python3.8/site-packages/fake_ar_publisher/fake_ar_publisher_s__rosidl_typesupport_c.cpython-38-x86_64-linux-gnu.so
[12.120s] -- Set runtime path of "/ros_ws/src/install/fake_ar_publisher/lib/python3.8/site-packages/fake_ar_publisher/fake_ar_publisher_s__rosidl_typesupport_c.cpython-38-x86_64-linux-gnu.so" to ""
[12.120s] -- Installing: /ros_ws/src/install/fake_ar_publisher/lib/libfake_ar_publisher__python.so
[12.120s] -- Set runtime path of "/ros_ws/src/install/fake_ar_publisher/lib/libfake_ar_publisher__python.so" to ""
[12.120s] -- Installing: /ros_ws/src/install/fake_ar_publisher/share/fake_ar_publisher/msg/ARMarker.idl
[12.120s] -- Installing: /ros_ws/src/install/fake_ar_publisher/share/fake_ar_publisher/msg/ARMarker.msg
[12.121s] -- Installing: /ros_ws/src/install/fake_ar_publisher/lib/fake_ar_publisher/fake_ar_publisher_node
[12.122s] -- Set runtime path of "/ros_ws/src/install/fake_ar_publisher/lib/fake_ar_publisher/fake_ar_publisher_node" to ""
[12.122s] -- Installing: /ros_ws/src/install/fake_ar_publisher/share/ament_index/resource_index/package_run_dependencies/fake_ar_publisher
[12.123s] -- Installing: /ros_ws/src/install/fake_ar_publisher/share/ament_index/resource_index/parent_prefix_path/fake_ar_publisher
[12.123s] -- Installing: /ros_ws/src/install/fake_ar_publisher/share/fake_ar_publisher/environment/ament_prefix_path.sh
[12.123s] -- Installing: /ros_ws/src/install/fake_ar_publisher/share/fake_ar_publisher/environment/ament_prefix_path.dsv
[12.123s] -- Installing: /ros_ws/src/install/fake_ar_publisher/share/fake_ar_publisher/environment/path.sh
[12.123s] -- Installing: /ros_ws/src/install/fake_ar_publisher/share/fake_ar_publisher/environment/path.dsv
[12.124s] -- Installing: /ros_ws/src/install/fake_ar_publisher/share/fake_ar_publisher/local_setup.bash
[12.124s] -- Installing: /ros_ws/src/install/fake_ar_publisher/share/fake_ar_publisher/local_setup.sh
[12.124s] -- Installing: /ros_ws/src/install/fake_ar_publisher/share/fake_ar_publisher/local_setup.zsh
[12.124s] -- Installing: /ros_ws/src/install/fake_ar_publisher/share/fake_ar_publisher/local_setup.dsv
[12.124s] -- Installing: /ros_ws/src/install/fake_ar_publisher/share/fake_ar_publisher/package.dsv
[12.124s] -- Installing: /ros_ws/src/install/fake_ar_publisher/share/ament_index/resource_index/packages/fake_ar_publisher
[12.125s] -- Installing: /ros_ws/src/install/fake_ar_publisher/share/fake_ar_publisher/cmake/fake_ar_publisher__rosidl_generator_cExport.cmake
[12.125s] -- Installing: /ros_ws/src/install/fake_ar_publisher/share/fake_ar_publisher/cmake/fake_ar_publisher__rosidl_generator_cExport-noconfig.cmake
[12.125s] -- Installing: /ros_ws/src/install/fake_ar_publisher/share/fake_ar_publisher/cmake/fake_ar_publisher__rosidl_typesupport_introspection_cExport.cmake
[12.125s] -- Installing: /ros_ws/src/install/fake_ar_publisher/share/fake_ar_publisher/cmake/fake_ar_publisher__rosidl_typesupport_introspection_cExport-noconfig.cmake
[12.125s] -- Installing: /ros_ws/src/install/fake_ar_publisher/share/fake_ar_publisher/cmake/fake_ar_publisher__rosidl_typesupport_cExport.cmake
[12.126s] -- Installing: /ros_ws/src/install/fake_ar_publisher/share/fake_ar_publisher/cmake/fake_ar_publisher__rosidl_typesupport_cExport-noconfig.cmake
[12.126s] -- Installing: /ros_ws/src/install/fake_ar_publisher/share/fake_ar_publisher/cmake/fake_ar_publisher__rosidl_generator_cppExport.cmake
[12.127s] -- Installing: /ros_ws/src/install/fake_ar_publisher/share/fake_ar_publisher/cmake/fake_ar_publisher__rosidl_typesupport_introspection_cppExport.cmake
[12.128s] -- Installing: /ros_ws/src/install/fake_ar_publisher/share/fake_ar_publisher/cmake/fake_ar_publisher__rosidl_typesupport_introspection_cppExport-noconfig.cmake
[12.129s] -- Installing: /ros_ws/src/install/fake_ar_publisher/share/fake_ar_publisher/cmake/fake_ar_publisher__rosidl_typesupport_cppExport.cmake
[12.129s] -- Installing: /ros_ws/src/install/fake_ar_publisher/share/fake_ar_publisher/cmake/fake_ar_publisher__rosidl_typesupport_cppExport-noconfig.cmake
[12.129s] -- Installing: /ros_ws/src/install/fake_ar_publisher/share/fake_ar_publisher/cmake/rosidl_cmake-extras.cmake
[12.129s] -- Installing: /ros_ws/src/install/fake_ar_publisher/share/fake_ar_publisher/cmake/ament_cmake_export_dependencies-extras.cmake
[12.129s] -- Installing: /ros_ws/src/install/fake_ar_publisher/share/fake_ar_publisher/cmake/ament_cmake_export_libraries-extras.cmake
[12.130s] -- Installing: /ros_ws/src/install/fake_ar_publisher/share/fake_ar_publisher/cmake/ament_cmake_export_targets-extras.cmake
[12.130s] -- Installing: /ros_ws/src/install/fake_ar_publisher/share/fake_ar_publisher/cmake/ament_cmake_export_include_directories-extras.cmake
[12.130s] -- Installing: /ros_ws/src/install/fake_ar_publisher/share/fake_ar_publisher/cmake/rosidl_cmake_export_typesupport_libraries-extras.cmake
[12.130s] -- Installing: /ros_ws/src/install/fake_ar_publisher/share/fake_ar_publisher/cmake/rosidl_cmake_export_typesupport_targets-extras.cmake
[12.130s] -- Installing: /ros_ws/src/install/fake_ar_publisher/share/fake_ar_publisher/cmake/fake_ar_publisherConfig.cmake
[12.130s] -- Installing: /ros_ws/src/install/fake_ar_publisher/share/fake_ar_publisher/cmake/fake_ar_publisherConfig-version.cmake
[12.130s] -- Installing: /ros_ws/src/install/fake_ar_publisher/share/fake_ar_publisher/package.xml
[12.137s] Invoked command in '/ros_ws/src/build/fake_ar_publisher' returned '0': CMAKE_PREFIX_PATH=${CMAKE_PREFIX_PATH}:/opt/ros/galactic /usr/bin/cmake --install /ros_ws/src/build/fake_ar_publisher
