running egg_info
writing ../build/drone_movement/drone_movement.egg-info/PKG-INFO
writing dependency_links to ../build/drone_movement/drone_movement.egg-info/dependency_links.txt
writing entry points to ../build/drone_movement/drone_movement.egg-info/entry_points.txt
writing requirements to ../build/drone_movement/drone_movement.egg-info/requires.txt
writing top-level names to ../build/drone_movement/drone_movement.egg-info/top_level.txt
reading manifest file '../build/drone_movement/drone_movement.egg-info/SOURCES.txt'
writing manifest file '../build/drone_movement/drone_movement.egg-info/SOURCES.txt'
running build
running build_py
running install
running install_lib
running install_data
running install_egg_info
removing '/ros_ws/src/install/drone_movement/lib/python3.8/site-packages/drone_movement-0.0.0-py3.8.egg-info' (and everything under it)
Copying ../build/drone_movement/drone_movement.egg-info to /ros_ws/src/install/drone_movement/lib/python3.8/site-packages/drone_movement-0.0.0-py3.8.egg-info
running install_scripts
Installing boat_publisher script to /ros_ws/src/install/drone_movement/lib/drone_movement
Installing offload_control script to /ros_ws/src/install/drone_movement/lib/drone_movement
Installing orbit_cmd script to /ros_ws/src/install/drone_movement/lib/drone_movement
Installing print_test script to /ros_ws/src/install/drone_movement/lib/drone_movement
Installing yf_offboard script to /ros_ws/src/install/drone_movement/lib/drone_movement
Installing yf_offboard1 script to /ros_ws/src/install/drone_movement/lib/drone_movement
writing list of installed files to '/ros_ws/src/build/drone_movement/install.log'
