[0.906s] Invoking command in '/ros_ws/src/drone_orbit': PYTHONPATH=/ros_ws/src/build/drone_orbit/prefix_override:/ros_ws/src/install/drone_orbit/lib/python3.8/site-packages:${PYTHONPATH} /usr/bin/python3 setup.py egg_info --egg-base ../build/drone_orbit build --build-base /ros_ws/src/build/drone_orbit/build install --record /ros_ws/src/build/drone_orbit/install.log --single-version-externally-managed
[1.145s] running egg_info
[1.146s] writing ../build/drone_orbit/drone_orbit.egg-info/PKG-INFO
[1.146s] writing dependency_links to ../build/drone_orbit/drone_orbit.egg-info/dependency_links.txt
[1.146s] writing entry points to ../build/drone_orbit/drone_orbit.egg-info/entry_points.txt
[1.147s] writing requirements to ../build/drone_orbit/drone_orbit.egg-info/requires.txt
[1.147s] writing top-level names to ../build/drone_orbit/drone_orbit.egg-info/top_level.txt
[1.181s] reading manifest file '../build/drone_orbit/drone_orbit.egg-info/SOURCES.txt'
[1.182s] writing manifest file '../build/drone_orbit/drone_orbit.egg-info/SOURCES.txt'
[1.182s] running build
[1.182s] running build_py
[1.182s] running install
[1.183s] running install_lib
[1.184s] running install_data
[1.185s] running install_egg_info
[1.186s] removing '/ros_ws/src/install/drone_orbit/lib/python3.8/site-packages/drone_orbit-0.0.0-py3.8.egg-info' (and everything under it)
[1.186s] Copying ../build/drone_orbit/drone_orbit.egg-info to /ros_ws/src/install/drone_orbit/lib/python3.8/site-packages/drone_orbit-0.0.0-py3.8.egg-info
[1.187s] running install_scripts
[1.205s] Installing boat_publisher script to /ros_ws/src/install/drone_orbit/lib/drone_orbit
[1.205s] Installing offboard_orbit script to /ros_ws/src/install/drone_orbit/lib/drone_orbit
[1.205s] writing list of installed files to '/ros_ws/src/build/drone_orbit/install.log'
[1.230s] Invoked command in '/ros_ws/src/drone_orbit' returned '0': PYTHONPATH=/ros_ws/src/build/drone_orbit/prefix_override:/ros_ws/src/install/drone_orbit/lib/python3.8/site-packages:${PYTHONPATH} /usr/bin/python3 setup.py egg_info --egg-base ../build/drone_orbit build --build-base /ros_ws/src/build/drone_orbit/build install --record /ros_ws/src/build/drone_orbit/install.log --single-version-externally-managed
