[0.966s] DEBUG:colcon:Command line arguments: ['/usr/bin/colcon', 'build']
[0.966s] DEBUG:colcon:Parsed command line arguments: Namespace(allow_overriding=[], ament_cmake_args=None, base_paths=['.'], build_base='build', catkin_cmake_args=None, catkin_skip_building_tests=False, cmake_args=None, cmake_clean_cache=False, cmake_clean_first=False, cmake_force_configure=False, cmake_target=None, cmake_target_skip_unavailable=False, continue_on_error=False, event_handlers=None, executor='parallel', ignore_user_meta=False, install_base='install', log_base=None, log_level=None, main=<bound method BuildVerb.main of <colcon_core.verb.build.BuildVerb object at 0x7ff7479ff160>>, merge_install=False, metas=['./colcon.meta'], packages_above=None, packages_above_and_dependencies=None, packages_above_depth=None, packages_end=None, packages_ignore=None, packages_ignore_regex=None, packages_select=None, packages_select_build_failed=False, packages_select_by_dep=None, packages_select_regex=None, packages_select_test_failures=False, packages_skip=None, packages_skip_build_finished=False, packages_skip_by_dep=None, packages_skip_regex=None, packages_skip_test_passed=False, packages_skip_up_to=None, packages_start=None, packages_up_to=None, packages_up_to_regex=None, parallel_workers=8, paths=None, symlink_install=False, test_result_base=None, verb_extension=<colcon_core.verb.build.BuildVerb object at 0x7ff7479ff160>, verb_name='build', verb_parser=<colcon_defaults.argument_parser.defaults.DefaultArgumentsDecorator object at 0x7ff7479ff6a0>)
[1.069s] Level 1:colcon.colcon_core.package_discovery:discover_packages(colcon_meta) check parameters
[1.069s] Level 1:colcon.colcon_core.package_discovery:discover_packages(recursive) check parameters
[1.069s] Level 1:colcon.colcon_core.package_discovery:discover_packages(ignore) check parameters
[1.069s] Level 1:colcon.colcon_core.package_discovery:discover_packages(path) check parameters
[1.069s] Level 1:colcon.colcon_core.package_discovery:discover_packages(colcon_meta) discover
[1.069s] Level 1:colcon.colcon_core.package_discovery:discover_packages(recursive) discover
[1.070s] INFO:colcon.colcon_core.package_discovery:Crawling recursively for packages in '/ros_ws/src'
[1.070s] Level 1:colcon.colcon_core.package_identification:_identify(.) by extensions ['ignore', 'ignore_ament_install']
[1.070s] Level 1:colcon.colcon_core.package_identification:_identify(.) by extension 'ignore'
[1.070s] Level 1:colcon.colcon_core.package_identification:_identify(.) by extension 'ignore_ament_install'
[1.070s] Level 1:colcon.colcon_core.package_identification:_identify(.) by extensions ['colcon_pkg']
[1.070s] Level 1:colcon.colcon_core.package_identification:_identify(.) by extension 'colcon_pkg'
[1.070s] Level 1:colcon.colcon_core.package_identification:_identify(.) by extensions ['colcon_meta']
[1.071s] Level 1:colcon.colcon_core.package_identification:_identify(.) by extension 'colcon_meta'
[1.071s] Level 1:colcon.colcon_core.package_identification:_identify(.) by extensions ['ros']
[1.071s] Level 1:colcon.colcon_core.package_identification:_identify(.) by extension 'ros'
[1.110s] Level 1:colcon.colcon_core.package_identification:_identify(.) by extensions ['cmake', 'python']
[1.110s] Level 1:colcon.colcon_core.package_identification:_identify(.) by extension 'cmake'
[1.111s] Level 1:colcon.colcon_core.package_identification:_identify(.) by extension 'python'
[1.111s] Level 1:colcon.colcon_core.package_identification:_identify(.) by extensions ['python_setup_py']
[1.111s] Level 1:colcon.colcon_core.package_identification:_identify(.) by extension 'python_setup_py'
[1.111s] Level 1:colcon.colcon_core.package_identification:_identify(build) by extensions ['ignore', 'ignore_ament_install']
[1.111s] Level 1:colcon.colcon_core.package_identification:_identify(build) by extension 'ignore'
[1.111s] Level 1:colcon.colcon_core.package_identification:_identify(build) ignored
[1.111s] Level 1:colcon.colcon_core.package_identification:_identify(drone_orbit) by extensions ['ignore', 'ignore_ament_install']
[1.111s] Level 1:colcon.colcon_core.package_identification:_identify(drone_orbit) by extension 'ignore'
[1.111s] Level 1:colcon.colcon_core.package_identification:_identify(drone_orbit) by extension 'ignore_ament_install'
[1.111s] Level 1:colcon.colcon_core.package_identification:_identify(drone_orbit) by extensions ['colcon_pkg']
[1.111s] Level 1:colcon.colcon_core.package_identification:_identify(drone_orbit) by extension 'colcon_pkg'
[1.112s] Level 1:colcon.colcon_core.package_identification:_identify(drone_orbit) by extensions ['colcon_meta']
[1.112s] Level 1:colcon.colcon_core.package_identification:_identify(drone_orbit) by extension 'colcon_meta'
[1.112s] Level 1:colcon.colcon_core.package_identification:_identify(drone_orbit) by extensions ['ros']
[1.112s] Level 1:colcon.colcon_core.package_identification:_identify(drone_orbit) by extension 'ros'
[1.117s] DEBUG:colcon.colcon_core.package_identification:Package 'drone_orbit' with type 'ros.ament_python' and name 'drone_orbit'
[1.117s] Level 1:colcon.colcon_core.package_identification:_identify(install) by extensions ['ignore', 'ignore_ament_install']
[1.117s] Level 1:colcon.colcon_core.package_identification:_identify(install) by extension 'ignore'
[1.117s] Level 1:colcon.colcon_core.package_identification:_identify(install) ignored
[1.117s] Level 1:colcon.colcon_core.package_identification:_identify(log) by extensions ['ignore', 'ignore_ament_install']
[1.117s] Level 1:colcon.colcon_core.package_identification:_identify(log) by extension 'ignore'
[1.117s] Level 1:colcon.colcon_core.package_identification:_identify(log) ignored
[1.117s] Level 1:colcon.colcon_core.package_discovery:discover_packages(recursive) using defaults
[1.118s] Level 1:colcon.colcon_core.package_discovery:discover_packages(ignore) discover
[1.118s] Level 1:colcon.colcon_core.package_discovery:discover_packages(ignore) using defaults
[1.118s] Level 1:colcon.colcon_core.package_discovery:discover_packages(path) discover
[1.118s] Level 1:colcon.colcon_core.package_discovery:discover_packages(path) using defaults
[1.179s] Level 1:colcon.colcon_core.package_discovery:discover_packages(prefix_path) check parameters
[1.179s] Level 1:colcon.colcon_core.package_discovery:discover_packages(prefix_path) discover
[1.192s] DEBUG:colcon.colcon_installed_package_information.package_discovery:Found 1 installed packages in /ros_utilities/install
[1.194s] DEBUG:colcon.colcon_installed_package_information.package_discovery:Found 2 installed packages in /ros_ws/install
[1.198s] DEBUG:colcon.colcon_installed_package_information.package_discovery:Found 268 installed packages in /opt/ros/galactic
[1.200s] Level 1:colcon.colcon_core.package_discovery:discover_packages(prefix_path) using defaults
[1.334s] Level 5:colcon.colcon_core.verb:set package 'drone_orbit' build argument 'cmake_args' from command line to 'None'
[1.334s] Level 5:colcon.colcon_core.verb:set package 'drone_orbit' build argument 'cmake_target' from command line to 'None'
[1.334s] Level 5:colcon.colcon_core.verb:set package 'drone_orbit' build argument 'cmake_target_skip_unavailable' from command line to 'False'
[1.334s] Level 5:colcon.colcon_core.verb:set package 'drone_orbit' build argument 'cmake_clean_cache' from command line to 'False'
[1.334s] Level 5:colcon.colcon_core.verb:set package 'drone_orbit' build argument 'cmake_clean_first' from command line to 'False'
[1.335s] Level 5:colcon.colcon_core.verb:set package 'drone_orbit' build argument 'cmake_force_configure' from command line to 'False'
[1.335s] Level 5:colcon.colcon_core.verb:set package 'drone_orbit' build argument 'ament_cmake_args' from command line to 'None'
[1.335s] Level 5:colcon.colcon_core.verb:set package 'drone_orbit' build argument 'catkin_cmake_args' from command line to 'None'
[1.335s] Level 5:colcon.colcon_core.verb:set package 'drone_orbit' build argument 'catkin_skip_building_tests' from command line to 'False'
[1.335s] DEBUG:colcon.colcon_core.verb:Building package 'drone_orbit' with the following arguments: {'ament_cmake_args': None, 'build_base': '/ros_ws/src/build/drone_orbit', 'catkin_cmake_args': None, 'catkin_skip_building_tests': False, 'cmake_args': None, 'cmake_clean_cache': False, 'cmake_clean_first': False, 'cmake_force_configure': False, 'cmake_target': None, 'cmake_target_skip_unavailable': False, 'install_base': '/ros_ws/src/install/drone_orbit', 'merge_install': False, 'path': '/ros_ws/src/drone_orbit', 'symlink_install': False, 'test_result_base': None}
[1.337s] INFO:colcon.colcon_core.executor:Executing jobs using 'parallel' executor
[1.343s] DEBUG:colcon.colcon_parallel_executor.executor.parallel:run_until_complete
[1.343s] INFO:colcon.colcon_ros.task.ament_python.build:Building ROS package in '/ros_ws/src/drone_orbit' with build type 'ament_python'
[1.343s] Level 1:colcon.colcon_core.shell:create_environment_hook('drone_orbit', 'ament_prefix_path')
[1.357s] INFO:colcon.colcon_core.plugin_system:Skipping extension 'colcon_core.shell.bat': Not used on non-Windows systems
[1.357s] INFO:colcon.colcon_core.shell:Creating environment hook '/ros_ws/src/install/drone_orbit/share/drone_orbit/hook/ament_prefix_path.ps1'
[1.359s] INFO:colcon.colcon_core.shell:Creating environment descriptor '/ros_ws/src/install/drone_orbit/share/drone_orbit/hook/ament_prefix_path.dsv'
[1.359s] INFO:colcon.colcon_core.shell:Creating environment hook '/ros_ws/src/install/drone_orbit/share/drone_orbit/hook/ament_prefix_path.sh'
[1.362s] INFO:colcon.colcon_core.shell:Skip shell extension 'powershell' for command environment: Not usable outside of PowerShell
[1.362s] DEBUG:colcon.colcon_core.shell:Skip shell extension 'dsv' for command environment
[1.625s] INFO:colcon.colcon_core.task.python.build:Building Python package in '/ros_ws/src/drone_orbit'
[1.627s] INFO:colcon.colcon_core.shell:Skip shell extension 'powershell' for command environment: Not usable outside of PowerShell
[1.627s] DEBUG:colcon.colcon_core.shell:Skip shell extension 'dsv' for command environment
[2.215s] DEBUG:colcon.colcon_core.event_handler.log_command:Invoking command in '/ros_ws/src/drone_orbit': PYTHONPATH=/ros_ws/src/build/drone_orbit/prefix_override:/ros_ws/src/install/drone_orbit/lib/python3.8/site-packages:${PYTHONPATH} /usr/bin/python3 setup.py egg_info --egg-base ../build/drone_orbit build --build-base /ros_ws/src/build/drone_orbit/build install --record /ros_ws/src/build/drone_orbit/install.log --single-version-externally-managed
[2.540s] DEBUG:colcon.colcon_core.event_handler.log_command:Invoked command in '/ros_ws/src/drone_orbit' returned '0': PYTHONPATH=/ros_ws/src/build/drone_orbit/prefix_override:/ros_ws/src/install/drone_orbit/lib/python3.8/site-packages:${PYTHONPATH} /usr/bin/python3 setup.py egg_info --egg-base ../build/drone_orbit build --build-base /ros_ws/src/build/drone_orbit/build install --record /ros_ws/src/build/drone_orbit/install.log --single-version-externally-managed
[2.555s] Level 1:colcon.colcon_core.environment:checking '/ros_ws/src/install/drone_orbit' for CMake module files
[2.555s] Level 1:colcon.colcon_core.environment:checking '/ros_ws/src/install/drone_orbit' for CMake config files
[2.556s] Level 1:colcon.colcon_core.environment:checking '/ros_ws/src/install/drone_orbit/lib'
[2.556s] Level 1:colcon.colcon_core.environment:checking '/ros_ws/src/install/drone_orbit/bin'
[2.556s] Level 1:colcon.colcon_core.environment:checking '/ros_ws/src/install/drone_orbit/lib/pkgconfig/drone_orbit.pc'
[2.557s] Level 1:colcon.colcon_core.environment:checking '/ros_ws/src/install/drone_orbit/lib/python3.8/site-packages'
[2.557s] Level 1:colcon.colcon_core.shell:create_environment_hook('drone_orbit', 'pythonpath')
[2.558s] INFO:colcon.colcon_core.shell:Creating environment hook '/ros_ws/src/install/drone_orbit/share/drone_orbit/hook/pythonpath.ps1'
[2.559s] INFO:colcon.colcon_core.shell:Creating environment descriptor '/ros_ws/src/install/drone_orbit/share/drone_orbit/hook/pythonpath.dsv'
[2.559s] INFO:colcon.colcon_core.shell:Creating environment hook '/ros_ws/src/install/drone_orbit/share/drone_orbit/hook/pythonpath.sh'
[2.560s] Level 1:colcon.colcon_core.environment:checking '/ros_ws/src/install/drone_orbit/bin'
[2.560s] Level 1:colcon.colcon_core.environment:create_environment_scripts_only(drone_orbit)
[2.562s] INFO:colcon.colcon_core.shell:Creating package script '/ros_ws/src/install/drone_orbit/share/drone_orbit/package.ps1'
[2.563s] INFO:colcon.colcon_core.shell:Creating package descriptor '/ros_ws/src/install/drone_orbit/share/drone_orbit/package.dsv'
[2.564s] INFO:colcon.colcon_core.shell:Creating package script '/ros_ws/src/install/drone_orbit/share/drone_orbit/package.sh'
[2.565s] INFO:colcon.colcon_core.shell:Creating package script '/ros_ws/src/install/drone_orbit/share/drone_orbit/package.bash'
[2.566s] INFO:colcon.colcon_core.shell:Creating package script '/ros_ws/src/install/drone_orbit/share/drone_orbit/package.zsh'
[2.568s] Level 1:colcon.colcon_core.environment:create_file_with_runtime_dependencies(/ros_ws/src/install/drone_orbit/share/colcon-core/packages/drone_orbit)
[2.569s] DEBUG:colcon.colcon_parallel_executor.executor.parallel:closing loop
[2.569s] DEBUG:colcon.colcon_parallel_executor.executor.parallel:loop closed
[2.569s] DEBUG:colcon.colcon_parallel_executor.executor.parallel:run_until_complete finished with '0'
[2.569s] DEBUG:colcon.colcon_core.event_reactor:joining thread
[2.585s] INFO:colcon.colcon_core.plugin_system:Skipping extension 'colcon_notification.desktop_notification.notify_send': Could not find 'notify-send'
[2.585s] INFO:colcon.colcon_core.plugin_system:Skipping extension 'colcon_notification.desktop_notification.terminal_notifier': Not used on non-Darwin systems
[2.585s] INFO:colcon.colcon_core.plugin_system:Skipping extension 'colcon_notification.desktop_notification.win32': Not used on non-Windows systems
[2.585s] INFO:colcon.colcon_notification.desktop_notification:Sending desktop notification using 'notify2'
[2.598s] DEBUG:colcon.colcon_notification.desktop_notification.notify2:Failed to initialize notify2: org.freedesktop.DBus.Error.ServiceUnknown: The name org.freedesktop.Notifications was not provided by any .service files
[2.598s] DEBUG:colcon.colcon_core.event_reactor:joined thread
[2.602s] INFO:colcon.colcon_core.shell:Creating prefix script '/ros_ws/src/install/local_setup.ps1'
[2.604s] INFO:colcon.colcon_core.shell:Creating prefix util module '/ros_ws/src/install/_local_setup_util_ps1.py'
[2.607s] INFO:colcon.colcon_core.shell:Creating prefix chain script '/ros_ws/src/install/setup.ps1'
[2.608s] INFO:colcon.colcon_core.shell:Creating prefix script '/ros_ws/src/install/local_setup.sh'
[2.609s] INFO:colcon.colcon_core.shell:Creating prefix util module '/ros_ws/src/install/_local_setup_util_sh.py'
[2.610s] INFO:colcon.colcon_core.shell:Creating prefix chain script '/ros_ws/src/install/setup.sh'
[2.612s] INFO:colcon.colcon_core.shell:Creating prefix script '/ros_ws/src/install/local_setup.bash'
[2.613s] INFO:colcon.colcon_core.shell:Creating prefix chain script '/ros_ws/src/install/setup.bash'
[2.614s] INFO:colcon.colcon_core.shell:Creating prefix script '/ros_ws/src/install/local_setup.zsh'
[2.615s] INFO:colcon.colcon_core.shell:Creating prefix chain script '/ros_ws/src/install/setup.zsh'
