[0.316s] DEBUG:colcon:Command line arguments: ['/usr/bin/colcon', 'build']
[0.316s] DEBUG:colcon:Parsed command line arguments: Namespace(allow_overriding=[], ament_cmake_args=None, base_paths=['.'], build_base='build', catkin_cmake_args=None, catkin_skip_building_tests=False, cmake_args=None, cmake_clean_cache=False, cmake_clean_first=False, cmake_force_configure=False, cmake_target=None, cmake_target_skip_unavailable=False, continue_on_error=False, event_handlers=None, executor='parallel', ignore_user_meta=False, install_base='install', log_base=None, log_level=None, main=<bound method BuildVerb.main of <colcon_core.verb.build.BuildVerb object at 0x7f45a40039a0>>, merge_install=False, metas=['./colcon.meta'], packages_above=None, packages_above_and_dependencies=None, packages_above_depth=None, packages_end=None, packages_ignore=None, packages_ignore_regex=None, packages_select=None, packages_select_build_failed=False, packages_select_by_dep=None, packages_select_regex=None, packages_select_test_failures=False, packages_skip=None, packages_skip_build_finished=False, packages_skip_by_dep=None, packages_skip_regex=None, packages_skip_test_passed=False, packages_skip_up_to=None, packages_start=None, packages_up_to=None, packages_up_to_regex=None, parallel_workers=8, paths=None, symlink_install=False, test_result_base=None, verb_extension=<colcon_core.verb.build.BuildVerb object at 0x7f45a40039a0>, verb_name='build', verb_parser=<colcon_defaults.argument_parser.defaults.DefaultArgumentsDecorator object at 0x7f45a4003f10>)
[0.345s] Level 1:colcon.colcon_core.package_discovery:discover_packages(colcon_meta) check parameters
[0.346s] Level 1:colcon.colcon_core.package_discovery:discover_packages(recursive) check parameters
[0.346s] Level 1:colcon.colcon_core.package_discovery:discover_packages(ignore) check parameters
[0.346s] Level 1:colcon.colcon_core.package_discovery:discover_packages(path) check parameters
[0.346s] Level 1:colcon.colcon_core.package_discovery:discover_packages(colcon_meta) discover
[0.346s] Level 1:colcon.colcon_core.package_discovery:discover_packages(recursive) discover
[0.346s] INFO:colcon.colcon_core.package_discovery:Crawling recursively for packages in '/ros_ws/src'
[0.346s] Level 1:colcon.colcon_core.package_identification:_identify(.) by extensions ['ignore', 'ignore_ament_install']
[0.346s] Level 1:colcon.colcon_core.package_identification:_identify(.) by extension 'ignore'
[0.346s] Level 1:colcon.colcon_core.package_identification:_identify(.) by extension 'ignore_ament_install'
[0.346s] Level 1:colcon.colcon_core.package_identification:_identify(.) by extensions ['colcon_pkg']
[0.346s] Level 1:colcon.colcon_core.package_identification:_identify(.) by extension 'colcon_pkg'
[0.346s] Level 1:colcon.colcon_core.package_identification:_identify(.) by extensions ['colcon_meta']
[0.346s] Level 1:colcon.colcon_core.package_identification:_identify(.) by extension 'colcon_meta'
[0.346s] Level 1:colcon.colcon_core.package_identification:_identify(.) by extensions ['ros']
[0.346s] Level 1:colcon.colcon_core.package_identification:_identify(.) by extension 'ros'
[0.367s] Level 1:colcon.colcon_core.package_identification:_identify(.) by extensions ['cmake', 'python']
[0.367s] Level 1:colcon.colcon_core.package_identification:_identify(.) by extension 'cmake'
[0.367s] Level 1:colcon.colcon_core.package_identification:_identify(.) by extension 'python'
[0.367s] Level 1:colcon.colcon_core.package_identification:_identify(.) by extensions ['python_setup_py']
[0.367s] Level 1:colcon.colcon_core.package_identification:_identify(.) by extension 'python_setup_py'
[0.367s] Level 1:colcon.colcon_core.package_identification:_identify(Unmanned34757) by extensions ['ignore', 'ignore_ament_install']
[0.367s] Level 1:colcon.colcon_core.package_identification:_identify(Unmanned34757) by extension 'ignore'
[0.367s] Level 1:colcon.colcon_core.package_identification:_identify(Unmanned34757) by extension 'ignore_ament_install'
[0.367s] Level 1:colcon.colcon_core.package_identification:_identify(Unmanned34757) by extensions ['colcon_pkg']
[0.368s] Level 1:colcon.colcon_core.package_identification:_identify(Unmanned34757) by extension 'colcon_pkg'
[0.368s] Level 1:colcon.colcon_core.package_identification:_identify(Unmanned34757) by extensions ['colcon_meta']
[0.368s] Level 1:colcon.colcon_core.package_identification:_identify(Unmanned34757) by extension 'colcon_meta'
[0.368s] Level 1:colcon.colcon_core.package_identification:_identify(Unmanned34757) by extensions ['ros']
[0.368s] Level 1:colcon.colcon_core.package_identification:_identify(Unmanned34757) by extension 'ros'
[0.368s] Level 1:colcon.colcon_core.package_identification:_identify(Unmanned34757) by extensions ['cmake', 'python']
[0.368s] Level 1:colcon.colcon_core.package_identification:_identify(Unmanned34757) by extension 'cmake'
[0.368s] Level 1:colcon.colcon_core.package_identification:_identify(Unmanned34757) by extension 'python'
[0.368s] Level 1:colcon.colcon_core.package_identification:_identify(Unmanned34757) by extensions ['python_setup_py']
[0.368s] Level 1:colcon.colcon_core.package_identification:_identify(Unmanned34757) by extension 'python_setup_py'
[0.368s] Level 1:colcon.colcon_core.package_identification:_identify(Unmanned34757/drone_movement) by extensions ['ignore', 'ignore_ament_install']
[0.368s] Level 1:colcon.colcon_core.package_identification:_identify(Unmanned34757/drone_movement) by extension 'ignore'
[0.368s] Level 1:colcon.colcon_core.package_identification:_identify(Unmanned34757/drone_movement) by extension 'ignore_ament_install'
[0.368s] Level 1:colcon.colcon_core.package_identification:_identify(Unmanned34757/drone_movement) by extensions ['colcon_pkg']
[0.368s] Level 1:colcon.colcon_core.package_identification:_identify(Unmanned34757/drone_movement) by extension 'colcon_pkg'
[0.368s] Level 1:colcon.colcon_core.package_identification:_identify(Unmanned34757/drone_movement) by extensions ['colcon_meta']
[0.368s] Level 1:colcon.colcon_core.package_identification:_identify(Unmanned34757/drone_movement) by extension 'colcon_meta'
[0.369s] Level 1:colcon.colcon_core.package_identification:_identify(Unmanned34757/drone_movement) by extensions ['ros']
[0.369s] Level 1:colcon.colcon_core.package_identification:_identify(Unmanned34757/drone_movement) by extension 'ros'
[0.378s] DEBUG:colcon.colcon_core.package_identification:Package 'Unmanned34757/drone_movement' with type 'ros.ament_python' and name 'drone_movement'
[0.378s] Level 1:colcon.colcon_core.package_identification:_identify(Unmanned34757/drone_orbit) by extensions ['ignore', 'ignore_ament_install']
[0.378s] Level 1:colcon.colcon_core.package_identification:_identify(Unmanned34757/drone_orbit) by extension 'ignore'
[0.378s] Level 1:colcon.colcon_core.package_identification:_identify(Unmanned34757/drone_orbit) by extension 'ignore_ament_install'
[0.378s] Level 1:colcon.colcon_core.package_identification:_identify(Unmanned34757/drone_orbit) by extensions ['colcon_pkg']
[0.378s] Level 1:colcon.colcon_core.package_identification:_identify(Unmanned34757/drone_orbit) by extension 'colcon_pkg'
[0.378s] Level 1:colcon.colcon_core.package_identification:_identify(Unmanned34757/drone_orbit) by extensions ['colcon_meta']
[0.379s] Level 1:colcon.colcon_core.package_identification:_identify(Unmanned34757/drone_orbit) by extension 'colcon_meta'
[0.379s] Level 1:colcon.colcon_core.package_identification:_identify(Unmanned34757/drone_orbit) by extensions ['ros']
[0.379s] Level 1:colcon.colcon_core.package_identification:_identify(Unmanned34757/drone_orbit) by extension 'ros'
[0.379s] DEBUG:colcon.colcon_core.package_identification:Package 'Unmanned34757/drone_orbit' with type 'ros.ament_python' and name 'drone_orbit'
[0.379s] Level 1:colcon.colcon_core.package_identification:_identify(build) by extensions ['ignore', 'ignore_ament_install']
[0.379s] Level 1:colcon.colcon_core.package_identification:_identify(build) by extension 'ignore'
[0.379s] Level 1:colcon.colcon_core.package_identification:_identify(build) ignored
[0.379s] Level 1:colcon.colcon_core.package_identification:_identify(fake_ar_publisher) by extensions ['ignore', 'ignore_ament_install']
[0.380s] Level 1:colcon.colcon_core.package_identification:_identify(fake_ar_publisher) by extension 'ignore'
[0.380s] Level 1:colcon.colcon_core.package_identification:_identify(fake_ar_publisher) by extension 'ignore_ament_install'
[0.380s] Level 1:colcon.colcon_core.package_identification:_identify(fake_ar_publisher) by extensions ['colcon_pkg']
[0.380s] Level 1:colcon.colcon_core.package_identification:_identify(fake_ar_publisher) by extension 'colcon_pkg'
[0.380s] Level 1:colcon.colcon_core.package_identification:_identify(fake_ar_publisher) by extensions ['colcon_meta']
[0.380s] Level 1:colcon.colcon_core.package_identification:_identify(fake_ar_publisher) by extension 'colcon_meta'
[0.380s] Level 1:colcon.colcon_core.package_identification:_identify(fake_ar_publisher) by extensions ['ros']
[0.380s] Level 1:colcon.colcon_core.package_identification:_identify(fake_ar_publisher) by extension 'ros'
[0.381s] DEBUG:colcon.colcon_core.package_identification:Package 'fake_ar_publisher' with type 'ros.ament_cmake' and name 'fake_ar_publisher'
[0.381s] Level 1:colcon.colcon_core.package_identification:_identify(install) by extensions ['ignore', 'ignore_ament_install']
[0.381s] Level 1:colcon.colcon_core.package_identification:_identify(install) by extension 'ignore'
[0.381s] Level 1:colcon.colcon_core.package_identification:_identify(install) ignored
[0.381s] Level 1:colcon.colcon_core.package_identification:_identify(log) by extensions ['ignore', 'ignore_ament_install']
[0.381s] Level 1:colcon.colcon_core.package_identification:_identify(log) by extension 'ignore'
[0.381s] Level 1:colcon.colcon_core.package_identification:_identify(log) ignored
[0.381s] Level 1:colcon.colcon_core.package_discovery:discover_packages(recursive) using defaults
[0.381s] Level 1:colcon.colcon_core.package_discovery:discover_packages(ignore) discover
[0.381s] Level 1:colcon.colcon_core.package_discovery:discover_packages(ignore) using defaults
[0.382s] Level 1:colcon.colcon_core.package_discovery:discover_packages(path) discover
[0.382s] Level 1:colcon.colcon_core.package_discovery:discover_packages(path) using defaults
[0.407s] Level 1:colcon.colcon_core.package_discovery:discover_packages(prefix_path) check parameters
[0.407s] Level 1:colcon.colcon_core.package_discovery:discover_packages(prefix_path) discover
[0.411s] DEBUG:colcon.colcon_installed_package_information.package_discovery:Found 1 installed packages in /ros_utilities/install
[0.413s] DEBUG:colcon.colcon_installed_package_information.package_discovery:Found 268 installed packages in /opt/ros/galactic
[0.415s] Level 1:colcon.colcon_core.package_discovery:discover_packages(prefix_path) using defaults
[0.497s] Level 5:colcon.colcon_core.verb:set package 'drone_movement' build argument 'cmake_args' from command line to 'None'
[0.497s] Level 5:colcon.colcon_core.verb:set package 'drone_movement' build argument 'cmake_target' from command line to 'None'
[0.497s] Level 5:colcon.colcon_core.verb:set package 'drone_movement' build argument 'cmake_target_skip_unavailable' from command line to 'False'
[0.497s] Level 5:colcon.colcon_core.verb:set package 'drone_movement' build argument 'cmake_clean_cache' from command line to 'False'
[0.497s] Level 5:colcon.colcon_core.verb:set package 'drone_movement' build argument 'cmake_clean_first' from command line to 'False'
[0.497s] Level 5:colcon.colcon_core.verb:set package 'drone_movement' build argument 'cmake_force_configure' from command line to 'False'
[0.497s] Level 5:colcon.colcon_core.verb:set package 'drone_movement' build argument 'ament_cmake_args' from command line to 'None'
[0.497s] Level 5:colcon.colcon_core.verb:set package 'drone_movement' build argument 'catkin_cmake_args' from command line to 'None'
[0.497s] Level 5:colcon.colcon_core.verb:set package 'drone_movement' build argument 'catkin_skip_building_tests' from command line to 'False'
[0.497s] DEBUG:colcon.colcon_core.verb:Building package 'drone_movement' with the following arguments: {'ament_cmake_args': None, 'build_base': '/ros_ws/src/build/drone_movement', 'catkin_cmake_args': None, 'catkin_skip_building_tests': False, 'cmake_args': None, 'cmake_clean_cache': False, 'cmake_clean_first': False, 'cmake_force_configure': False, 'cmake_target': None, 'cmake_target_skip_unavailable': False, 'install_base': '/ros_ws/src/install/drone_movement', 'merge_install': False, 'path': '/ros_ws/src/Unmanned34757/drone_movement', 'symlink_install': False, 'test_result_base': None}
[0.498s] Level 5:colcon.colcon_core.verb:set package 'drone_orbit' build argument 'cmake_args' from command line to 'None'
[0.498s] Level 5:colcon.colcon_core.verb:set package 'drone_orbit' build argument 'cmake_target' from command line to 'None'
[0.498s] Level 5:colcon.colcon_core.verb:set package 'drone_orbit' build argument 'cmake_target_skip_unavailable' from command line to 'False'
[0.498s] Level 5:colcon.colcon_core.verb:set package 'drone_orbit' build argument 'cmake_clean_cache' from command line to 'False'
[0.498s] Level 5:colcon.colcon_core.verb:set package 'drone_orbit' build argument 'cmake_clean_first' from command line to 'False'
[0.498s] Level 5:colcon.colcon_core.verb:set package 'drone_orbit' build argument 'cmake_force_configure' from command line to 'False'
[0.498s] Level 5:colcon.colcon_core.verb:set package 'drone_orbit' build argument 'ament_cmake_args' from command line to 'None'
[0.498s] Level 5:colcon.colcon_core.verb:set package 'drone_orbit' build argument 'catkin_cmake_args' from command line to 'None'
[0.498s] Level 5:colcon.colcon_core.verb:set package 'drone_orbit' build argument 'catkin_skip_building_tests' from command line to 'False'
[0.498s] DEBUG:colcon.colcon_core.verb:Building package 'drone_orbit' with the following arguments: {'ament_cmake_args': None, 'build_base': '/ros_ws/src/build/drone_orbit', 'catkin_cmake_args': None, 'catkin_skip_building_tests': False, 'cmake_args': None, 'cmake_clean_cache': False, 'cmake_clean_first': False, 'cmake_force_configure': False, 'cmake_target': None, 'cmake_target_skip_unavailable': False, 'install_base': '/ros_ws/src/install/drone_orbit', 'merge_install': False, 'path': '/ros_ws/src/Unmanned34757/drone_orbit', 'symlink_install': False, 'test_result_base': None}
[0.499s] Level 5:colcon.colcon_core.verb:set package 'fake_ar_publisher' build argument 'cmake_args' from command line to 'None'
[0.499s] Level 5:colcon.colcon_core.verb:set package 'fake_ar_publisher' build argument 'cmake_target' from command line to 'None'
[0.499s] Level 5:colcon.colcon_core.verb:set package 'fake_ar_publisher' build argument 'cmake_target_skip_unavailable' from command line to 'False'
[0.499s] Level 5:colcon.colcon_core.verb:set package 'fake_ar_publisher' build argument 'cmake_clean_cache' from command line to 'False'
[0.499s] Level 5:colcon.colcon_core.verb:set package 'fake_ar_publisher' build argument 'cmake_clean_first' from command line to 'False'
[0.499s] Level 5:colcon.colcon_core.verb:set package 'fake_ar_publisher' build argument 'cmake_force_configure' from command line to 'False'
[0.500s] Level 5:colcon.colcon_core.verb:set package 'fake_ar_publisher' build argument 'ament_cmake_args' from command line to 'None'
[0.500s] Level 5:colcon.colcon_core.verb:set package 'fake_ar_publisher' build argument 'catkin_cmake_args' from command line to 'None'
[0.500s] Level 5:colcon.colcon_core.verb:set package 'fake_ar_publisher' build argument 'catkin_skip_building_tests' from command line to 'False'
[0.500s] DEBUG:colcon.colcon_core.verb:Building package 'fake_ar_publisher' with the following arguments: {'ament_cmake_args': None, 'build_base': '/ros_ws/src/build/fake_ar_publisher', 'catkin_cmake_args': None, 'catkin_skip_building_tests': False, 'cmake_args': None, 'cmake_clean_cache': False, 'cmake_clean_first': False, 'cmake_force_configure': False, 'cmake_target': None, 'cmake_target_skip_unavailable': False, 'install_base': '/ros_ws/src/install/fake_ar_publisher', 'merge_install': False, 'path': '/ros_ws/src/fake_ar_publisher', 'symlink_install': False, 'test_result_base': None}
[0.500s] INFO:colcon.colcon_core.executor:Executing jobs using 'parallel' executor
[0.503s] DEBUG:colcon.colcon_parallel_executor.executor.parallel:run_until_complete
[0.504s] INFO:colcon.colcon_ros.task.ament_python.build:Building ROS package in '/ros_ws/src/Unmanned34757/drone_movement' with build type 'ament_python'
[0.504s] Level 1:colcon.colcon_core.shell:create_environment_hook('drone_movement', 'ament_prefix_path')
[0.509s] INFO:colcon.colcon_core.plugin_system:Skipping extension 'colcon_core.shell.bat': Not used on non-Windows systems
[0.509s] INFO:colcon.colcon_core.shell:Creating environment hook '/ros_ws/src/install/drone_movement/share/drone_movement/hook/ament_prefix_path.ps1'
[0.512s] INFO:colcon.colcon_core.shell:Creating environment descriptor '/ros_ws/src/install/drone_movement/share/drone_movement/hook/ament_prefix_path.dsv'
[0.515s] INFO:colcon.colcon_core.shell:Creating environment hook '/ros_ws/src/install/drone_movement/share/drone_movement/hook/ament_prefix_path.sh'
[0.521s] INFO:colcon.colcon_core.shell:Skip shell extension 'powershell' for command environment: Not usable outside of PowerShell
[0.522s] DEBUG:colcon.colcon_core.shell:Skip shell extension 'dsv' for command environment
[0.534s] INFO:colcon.colcon_ros.task.ament_python.build:Building ROS package in '/ros_ws/src/Unmanned34757/drone_orbit' with build type 'ament_python'
[0.535s] Level 1:colcon.colcon_core.shell:create_environment_hook('drone_orbit', 'ament_prefix_path')
[0.537s] INFO:colcon.colcon_core.shell:Creating environment hook '/ros_ws/src/install/drone_orbit/share/drone_orbit/hook/ament_prefix_path.ps1'
[0.539s] INFO:colcon.colcon_core.shell:Creating environment descriptor '/ros_ws/src/install/drone_orbit/share/drone_orbit/hook/ament_prefix_path.dsv'
[0.539s] INFO:colcon.colcon_core.shell:Creating environment hook '/ros_ws/src/install/drone_orbit/share/drone_orbit/hook/ament_prefix_path.sh'
[0.541s] INFO:colcon.colcon_core.shell:Skip shell extension 'powershell' for command environment: Not usable outside of PowerShell
[0.541s] DEBUG:colcon.colcon_core.shell:Skip shell extension 'dsv' for command environment
[0.548s] INFO:colcon.colcon_ros.task.ament_cmake.build:Building ROS package in '/ros_ws/src/fake_ar_publisher' with build type 'ament_cmake'
[0.549s] INFO:colcon.colcon_cmake.task.cmake.build:Building CMake package in '/ros_ws/src/fake_ar_publisher'
[0.551s] INFO:colcon.colcon_core.shell:Skip shell extension 'powershell' for command environment: Not usable outside of PowerShell
[0.551s] DEBUG:colcon.colcon_core.shell:Skip shell extension 'dsv' for command environment
[0.800s] INFO:colcon.colcon_core.task.python.build:Building Python package in '/ros_ws/src/Unmanned34757/drone_movement'
[0.802s] INFO:colcon.colcon_core.shell:Skip shell extension 'powershell' for command environment: Not usable outside of PowerShell
[0.802s] DEBUG:colcon.colcon_core.shell:Skip shell extension 'dsv' for command environment
[1.043s] INFO:colcon.colcon_core.task.python.build:Building Python package in '/ros_ws/src/Unmanned34757/drone_orbit'
[1.045s] INFO:colcon.colcon_core.shell:Skip shell extension 'powershell' for command environment: Not usable outside of PowerShell
[1.045s] DEBUG:colcon.colcon_core.shell:Skip shell extension 'dsv' for command environment
[1.059s] DEBUG:colcon.colcon_core.event_handler.log_command:Invoking command in '/ros_ws/src/build/fake_ar_publisher': CMAKE_PREFIX_PATH=${CMAKE_PREFIX_PATH}:/opt/ros/galactic /usr/bin/cmake /ros_ws/src/fake_ar_publisher -DCMAKE_INSTALL_PREFIX=/ros_ws/src/install/fake_ar_publisher
[1.755s] DEBUG:colcon.colcon_core.event_handler.log_command:Invoking command in '/ros_ws/src/Unmanned34757/drone_movement': PYTHONPATH=/ros_ws/src/build/drone_movement/prefix_override:/ros_ws/src/install/drone_movement/lib/python3.8/site-packages:${PYTHONPATH} /usr/bin/python3 setup.py egg_info --egg-base ../../build/drone_movement build --build-base /ros_ws/src/build/drone_movement/build install --record /ros_ws/src/build/drone_movement/install.log --single-version-externally-managed
[1.762s] DEBUG:colcon.colcon_core.event_handler.log_command:Invoking command in '/ros_ws/src/Unmanned34757/drone_orbit': PYTHONPATH=/ros_ws/src/build/drone_orbit/prefix_override:/ros_ws/src/install/drone_orbit/lib/python3.8/site-packages:${PYTHONPATH} /usr/bin/python3 setup.py egg_info --egg-base ../../build/drone_orbit build --build-base /ros_ws/src/build/drone_orbit/build install --record /ros_ws/src/build/drone_orbit/install.log --single-version-externally-managed
[2.133s] DEBUG:colcon.colcon_core.event_handler.log_command:Invoked command in '/ros_ws/src/Unmanned34757/drone_orbit' returned '0': PYTHONPATH=/ros_ws/src/build/drone_orbit/prefix_override:/ros_ws/src/install/drone_orbit/lib/python3.8/site-packages:${PYTHONPATH} /usr/bin/python3 setup.py egg_info --egg-base ../../build/drone_orbit build --build-base /ros_ws/src/build/drone_orbit/build install --record /ros_ws/src/build/drone_orbit/install.log --single-version-externally-managed
[2.153s] Level 1:colcon.colcon_core.environment:checking '/ros_ws/src/install/drone_orbit' for CMake module files
[2.154s] Level 1:colcon.colcon_core.environment:checking '/ros_ws/src/install/drone_orbit' for CMake config files
[2.154s] Level 1:colcon.colcon_core.environment:checking '/ros_ws/src/install/drone_orbit/lib'
[2.155s] Level 1:colcon.colcon_core.environment:checking '/ros_ws/src/install/drone_orbit/bin'
[2.155s] Level 1:colcon.colcon_core.environment:checking '/ros_ws/src/install/drone_orbit/lib/pkgconfig/drone_orbit.pc'
[2.155s] Level 1:colcon.colcon_core.environment:checking '/ros_ws/src/install/drone_orbit/lib/python3.8/site-packages'
[2.155s] Level 1:colcon.colcon_core.shell:create_environment_hook('drone_orbit', 'pythonpath')
[2.157s] INFO:colcon.colcon_core.shell:Creating environment hook '/ros_ws/src/install/drone_orbit/share/drone_orbit/hook/pythonpath.ps1'
[2.158s] INFO:colcon.colcon_core.shell:Creating environment descriptor '/ros_ws/src/install/drone_orbit/share/drone_orbit/hook/pythonpath.dsv'
[2.158s] INFO:colcon.colcon_core.shell:Creating environment hook '/ros_ws/src/install/drone_orbit/share/drone_orbit/hook/pythonpath.sh'
[2.158s] Level 1:colcon.colcon_core.environment:checking '/ros_ws/src/install/drone_orbit/bin'
[2.158s] Level 1:colcon.colcon_core.environment:create_environment_scripts_only(drone_orbit)
[2.160s] INFO:colcon.colcon_core.shell:Creating package script '/ros_ws/src/install/drone_orbit/share/drone_orbit/package.ps1'
[2.162s] INFO:colcon.colcon_core.shell:Creating package descriptor '/ros_ws/src/install/drone_orbit/share/drone_orbit/package.dsv'
[2.163s] INFO:colcon.colcon_core.shell:Creating package script '/ros_ws/src/install/drone_orbit/share/drone_orbit/package.sh'
[2.164s] INFO:colcon.colcon_core.shell:Creating package script '/ros_ws/src/install/drone_orbit/share/drone_orbit/package.bash'
[2.166s] INFO:colcon.colcon_core.shell:Creating package script '/ros_ws/src/install/drone_orbit/share/drone_orbit/package.zsh'
[2.168s] Level 1:colcon.colcon_core.environment:create_file_with_runtime_dependencies(/ros_ws/src/install/drone_orbit/share/colcon-core/packages/drone_orbit)
[2.172s] Level 1:colcon.colcon_core.environment:checking '/ros_ws/src/install/drone_movement' for CMake module files
[2.173s] DEBUG:colcon.colcon_core.event_handler.log_command:Invoked command in '/ros_ws/src/Unmanned34757/drone_movement' returned '0': PYTHONPATH=/ros_ws/src/build/drone_movement/prefix_override:/ros_ws/src/install/drone_movement/lib/python3.8/site-packages:${PYTHONPATH} /usr/bin/python3 setup.py egg_info --egg-base ../../build/drone_movement build --build-base /ros_ws/src/build/drone_movement/build install --record /ros_ws/src/build/drone_movement/install.log --single-version-externally-managed
[2.173s] Level 1:colcon.colcon_core.environment:checking '/ros_ws/src/install/drone_movement' for CMake config files
[2.174s] Level 1:colcon.colcon_core.environment:checking '/ros_ws/src/install/drone_movement/lib'
[2.174s] Level 1:colcon.colcon_core.environment:checking '/ros_ws/src/install/drone_movement/bin'
[2.174s] Level 1:colcon.colcon_core.environment:checking '/ros_ws/src/install/drone_movement/lib/pkgconfig/drone_movement.pc'
[2.175s] Level 1:colcon.colcon_core.environment:checking '/ros_ws/src/install/drone_movement/lib/python3.8/site-packages'
[2.175s] Level 1:colcon.colcon_core.shell:create_environment_hook('drone_movement', 'pythonpath')
[2.178s] INFO:colcon.colcon_core.shell:Creating environment hook '/ros_ws/src/install/drone_movement/share/drone_movement/hook/pythonpath.ps1'
[2.178s] INFO:colcon.colcon_core.shell:Creating environment descriptor '/ros_ws/src/install/drone_movement/share/drone_movement/hook/pythonpath.dsv'
[2.179s] INFO:colcon.colcon_core.shell:Creating environment hook '/ros_ws/src/install/drone_movement/share/drone_movement/hook/pythonpath.sh'
[2.180s] Level 1:colcon.colcon_core.environment:checking '/ros_ws/src/install/drone_movement/bin'
[2.180s] Level 1:colcon.colcon_core.environment:create_environment_scripts_only(drone_movement)
[2.183s] INFO:colcon.colcon_core.shell:Creating package script '/ros_ws/src/install/drone_movement/share/drone_movement/package.ps1'
[2.183s] INFO:colcon.colcon_core.shell:Creating package descriptor '/ros_ws/src/install/drone_movement/share/drone_movement/package.dsv'
[2.184s] INFO:colcon.colcon_core.shell:Creating package script '/ros_ws/src/install/drone_movement/share/drone_movement/package.sh'
[2.184s] INFO:colcon.colcon_core.shell:Creating package script '/ros_ws/src/install/drone_movement/share/drone_movement/package.bash'
[2.184s] INFO:colcon.colcon_core.shell:Creating package script '/ros_ws/src/install/drone_movement/share/drone_movement/package.zsh'
[2.185s] Level 1:colcon.colcon_core.environment:create_file_with_runtime_dependencies(/ros_ws/src/install/drone_movement/share/colcon-core/packages/drone_movement)
[5.049s] DEBUG:colcon.colcon_core.event_handler.log_command:Invoked command in '/ros_ws/src/build/fake_ar_publisher' returned '0': CMAKE_PREFIX_PATH=${CMAKE_PREFIX_PATH}:/opt/ros/galactic /usr/bin/cmake /ros_ws/src/fake_ar_publisher -DCMAKE_INSTALL_PREFIX=/ros_ws/src/install/fake_ar_publisher
[5.052s] DEBUG:colcon.colcon_core.event_handler.log_command:Invoking command in '/ros_ws/src/build/fake_ar_publisher': CMAKE_PREFIX_PATH=${CMAKE_PREFIX_PATH}:/opt/ros/galactic /usr/bin/cmake --build /ros_ws/src/build/fake_ar_publisher -- -j8 -l8
[12.493s] DEBUG:colcon.colcon_core.event_handler.log_command:Invoked command in '/ros_ws/src/build/fake_ar_publisher' returned '0': CMAKE_PREFIX_PATH=${CMAKE_PREFIX_PATH}:/opt/ros/galactic /usr/bin/cmake --build /ros_ws/src/build/fake_ar_publisher -- -j8 -l8
[12.587s] DEBUG:colcon.colcon_core.event_handler.log_command:Invoking command in '/ros_ws/src/build/fake_ar_publisher': CMAKE_PREFIX_PATH=${CMAKE_PREFIX_PATH}:/opt/ros/galactic /usr/bin/cmake --install /ros_ws/src/build/fake_ar_publisher
[12.684s] Level 1:colcon.colcon_core.environment:create_environment_scripts_only(fake_ar_publisher)
[12.688s] Level 1:colcon.colcon_core.environment:checking '/ros_ws/src/install/fake_ar_publisher' for CMake module files
[12.688s] DEBUG:colcon.colcon_core.event_handler.log_command:Invoked command in '/ros_ws/src/build/fake_ar_publisher' returned '0': CMAKE_PREFIX_PATH=${CMAKE_PREFIX_PATH}:/opt/ros/galactic /usr/bin/cmake --install /ros_ws/src/build/fake_ar_publisher
[12.689s] Level 1:colcon.colcon_core.environment:checking '/ros_ws/src/install/fake_ar_publisher' for CMake config files
[12.689s] Level 1:colcon.colcon_core.shell:create_environment_hook('fake_ar_publisher', 'cmake_prefix_path')
[12.691s] INFO:colcon.colcon_core.shell:Creating environment hook '/ros_ws/src/install/fake_ar_publisher/share/fake_ar_publisher/hook/cmake_prefix_path.ps1'
[12.692s] INFO:colcon.colcon_core.shell:Creating environment descriptor '/ros_ws/src/install/fake_ar_publisher/share/fake_ar_publisher/hook/cmake_prefix_path.dsv'
[12.692s] INFO:colcon.colcon_core.shell:Creating environment hook '/ros_ws/src/install/fake_ar_publisher/share/fake_ar_publisher/hook/cmake_prefix_path.sh'
[12.693s] Level 1:colcon.colcon_core.environment:checking '/ros_ws/src/install/fake_ar_publisher/lib'
[12.693s] Level 1:colcon.colcon_core.shell:create_environment_hook('fake_ar_publisher', 'ld_library_path_lib')
[12.694s] INFO:colcon.colcon_core.shell:Creating environment hook '/ros_ws/src/install/fake_ar_publisher/share/fake_ar_publisher/hook/ld_library_path_lib.ps1'
[12.694s] INFO:colcon.colcon_core.shell:Creating environment descriptor '/ros_ws/src/install/fake_ar_publisher/share/fake_ar_publisher/hook/ld_library_path_lib.dsv'
[12.695s] INFO:colcon.colcon_core.shell:Creating environment hook '/ros_ws/src/install/fake_ar_publisher/share/fake_ar_publisher/hook/ld_library_path_lib.sh'
[12.695s] Level 1:colcon.colcon_core.environment:checking '/ros_ws/src/install/fake_ar_publisher/bin'
[12.695s] Level 1:colcon.colcon_core.environment:checking '/ros_ws/src/install/fake_ar_publisher/lib/pkgconfig/fake_ar_publisher.pc'
[12.696s] Level 1:colcon.colcon_core.environment:checking '/ros_ws/src/install/fake_ar_publisher/lib/python3.8/site-packages'
[12.696s] Level 1:colcon.colcon_core.shell:create_environment_hook('fake_ar_publisher', 'pythonpath')
[12.697s] INFO:colcon.colcon_core.shell:Creating environment hook '/ros_ws/src/install/fake_ar_publisher/share/fake_ar_publisher/hook/pythonpath.ps1'
[12.697s] INFO:colcon.colcon_core.shell:Creating environment descriptor '/ros_ws/src/install/fake_ar_publisher/share/fake_ar_publisher/hook/pythonpath.dsv'
[12.698s] INFO:colcon.colcon_core.shell:Creating environment hook '/ros_ws/src/install/fake_ar_publisher/share/fake_ar_publisher/hook/pythonpath.sh'
[12.698s] Level 1:colcon.colcon_core.environment:checking '/ros_ws/src/install/fake_ar_publisher/bin'
[12.700s] INFO:colcon.colcon_core.shell:Creating package script '/ros_ws/src/install/fake_ar_publisher/share/fake_ar_publisher/package.ps1'
[12.700s] INFO:colcon.colcon_core.shell:Creating package descriptor '/ros_ws/src/install/fake_ar_publisher/share/fake_ar_publisher/package.dsv'
[12.701s] INFO:colcon.colcon_core.shell:Creating package script '/ros_ws/src/install/fake_ar_publisher/share/fake_ar_publisher/package.sh'
[12.701s] INFO:colcon.colcon_core.shell:Creating package script '/ros_ws/src/install/fake_ar_publisher/share/fake_ar_publisher/package.bash'
[12.702s] INFO:colcon.colcon_core.shell:Creating package script '/ros_ws/src/install/fake_ar_publisher/share/fake_ar_publisher/package.zsh'
[12.702s] Level 1:colcon.colcon_core.environment:create_file_with_runtime_dependencies(/ros_ws/src/install/fake_ar_publisher/share/colcon-core/packages/fake_ar_publisher)
[12.778s] Level 1:colcon.colcon_core.environment:create_environment_scripts_only(fake_ar_publisher)
[12.780s] Level 1:colcon.colcon_core.environment:checking '/ros_ws/src/install/fake_ar_publisher' for CMake module files
[12.781s] Level 1:colcon.colcon_core.environment:checking '/ros_ws/src/install/fake_ar_publisher' for CMake config files
[12.781s] Level 1:colcon.colcon_core.shell:create_environment_hook('fake_ar_publisher', 'cmake_prefix_path')
[12.783s] INFO:colcon.colcon_core.shell:Creating environment hook '/ros_ws/src/install/fake_ar_publisher/share/fake_ar_publisher/hook/cmake_prefix_path.ps1'
[12.783s] INFO:colcon.colcon_core.shell:Creating environment descriptor '/ros_ws/src/install/fake_ar_publisher/share/fake_ar_publisher/hook/cmake_prefix_path.dsv'
[12.784s] INFO:colcon.colcon_core.shell:Creating environment hook '/ros_ws/src/install/fake_ar_publisher/share/fake_ar_publisher/hook/cmake_prefix_path.sh'
[12.784s] Level 1:colcon.colcon_core.environment:checking '/ros_ws/src/install/fake_ar_publisher/lib'
[12.784s] Level 1:colcon.colcon_core.shell:create_environment_hook('fake_ar_publisher', 'ld_library_path_lib')
[12.786s] INFO:colcon.colcon_core.shell:Creating environment hook '/ros_ws/src/install/fake_ar_publisher/share/fake_ar_publisher/hook/ld_library_path_lib.ps1'
[12.786s] INFO:colcon.colcon_core.shell:Creating environment descriptor '/ros_ws/src/install/fake_ar_publisher/share/fake_ar_publisher/hook/ld_library_path_lib.dsv'
[12.787s] INFO:colcon.colcon_core.shell:Creating environment hook '/ros_ws/src/install/fake_ar_publisher/share/fake_ar_publisher/hook/ld_library_path_lib.sh'
[12.787s] Level 1:colcon.colcon_core.environment:checking '/ros_ws/src/install/fake_ar_publisher/bin'
[12.787s] Level 1:colcon.colcon_core.environment:checking '/ros_ws/src/install/fake_ar_publisher/lib/pkgconfig/fake_ar_publisher.pc'
[12.787s] Level 1:colcon.colcon_core.environment:checking '/ros_ws/src/install/fake_ar_publisher/lib/python3.8/site-packages'
[12.787s] Level 1:colcon.colcon_core.shell:create_environment_hook('fake_ar_publisher', 'pythonpath')
[12.789s] INFO:colcon.colcon_core.shell:Creating environment hook '/ros_ws/src/install/fake_ar_publisher/share/fake_ar_publisher/hook/pythonpath.ps1'
[12.789s] INFO:colcon.colcon_core.shell:Creating environment descriptor '/ros_ws/src/install/fake_ar_publisher/share/fake_ar_publisher/hook/pythonpath.dsv'
[12.790s] INFO:colcon.colcon_core.shell:Creating environment hook '/ros_ws/src/install/fake_ar_publisher/share/fake_ar_publisher/hook/pythonpath.sh'
[12.790s] Level 1:colcon.colcon_core.environment:checking '/ros_ws/src/install/fake_ar_publisher/bin'
[12.792s] INFO:colcon.colcon_core.shell:Creating package script '/ros_ws/src/install/fake_ar_publisher/share/fake_ar_publisher/package.ps1'
[12.792s] INFO:colcon.colcon_core.shell:Creating package descriptor '/ros_ws/src/install/fake_ar_publisher/share/fake_ar_publisher/package.dsv'
[12.793s] INFO:colcon.colcon_core.shell:Creating package script '/ros_ws/src/install/fake_ar_publisher/share/fake_ar_publisher/package.sh'
[12.793s] INFO:colcon.colcon_core.shell:Creating package script '/ros_ws/src/install/fake_ar_publisher/share/fake_ar_publisher/package.bash'
[12.794s] INFO:colcon.colcon_core.shell:Creating package script '/ros_ws/src/install/fake_ar_publisher/share/fake_ar_publisher/package.zsh'
[12.794s] Level 1:colcon.colcon_core.environment:create_file_with_runtime_dependencies(/ros_ws/src/install/fake_ar_publisher/share/colcon-core/packages/fake_ar_publisher)
[12.795s] DEBUG:colcon.colcon_parallel_executor.executor.parallel:closing loop
[12.795s] DEBUG:colcon.colcon_parallel_executor.executor.parallel:loop closed
[12.795s] DEBUG:colcon.colcon_parallel_executor.executor.parallel:run_until_complete finished with '0'
[12.795s] DEBUG:colcon.colcon_core.event_reactor:joining thread
[12.804s] INFO:colcon.colcon_core.plugin_system:Skipping extension 'colcon_notification.desktop_notification.notify_send': Could not find 'notify-send'
[12.804s] INFO:colcon.colcon_core.plugin_system:Skipping extension 'colcon_notification.desktop_notification.terminal_notifier': Not used on non-Darwin systems
[12.804s] INFO:colcon.colcon_core.plugin_system:Skipping extension 'colcon_notification.desktop_notification.win32': Not used on non-Windows systems
[12.805s] INFO:colcon.colcon_notification.desktop_notification:Sending desktop notification using 'notify2'
[12.812s] DEBUG:colcon.colcon_notification.desktop_notification.notify2:Failed to initialize notify2: org.freedesktop.DBus.Error.ServiceUnknown: The name org.freedesktop.Notifications was not provided by any .service files
[12.813s] DEBUG:colcon.colcon_core.event_reactor:joined thread
[12.815s] INFO:colcon.colcon_core.shell:Creating prefix script '/ros_ws/src/install/local_setup.ps1'
[12.816s] INFO:colcon.colcon_core.shell:Creating prefix util module '/ros_ws/src/install/_local_setup_util_ps1.py'
[12.818s] INFO:colcon.colcon_core.shell:Creating prefix chain script '/ros_ws/src/install/setup.ps1'
[12.820s] INFO:colcon.colcon_core.shell:Creating prefix script '/ros_ws/src/install/local_setup.sh'
[12.820s] INFO:colcon.colcon_core.shell:Creating prefix util module '/ros_ws/src/install/_local_setup_util_sh.py'
[12.821s] INFO:colcon.colcon_core.shell:Creating prefix chain script '/ros_ws/src/install/setup.sh'
[12.822s] INFO:colcon.colcon_core.shell:Creating prefix script '/ros_ws/src/install/local_setup.bash'
[12.823s] INFO:colcon.colcon_core.shell:Creating prefix chain script '/ros_ws/src/install/setup.bash'
[12.824s] INFO:colcon.colcon_core.shell:Creating prefix script '/ros_ws/src/install/local_setup.zsh'
[12.825s] INFO:colcon.colcon_core.shell:Creating prefix chain script '/ros_ws/src/install/setup.zsh'
