[0.903s] Invoking command in '/ros_ws/src/drone_orbit': PYTHONPATH=/ros_ws/build/drone_orbit/prefix_override:/ros_ws/install/drone_orbit/lib/python3.8/site-packages:${PYTHONPATH} /usr/bin/python3 setup.py egg_info --egg-base ../../build/drone_orbit build --build-base /ros_ws/build/drone_orbit/build install --record /ros_ws/build/drone_orbit/install.log --single-version-externally-managed
[1.140s] running egg_info
[1.140s] creating ../../build/drone_orbit/drone_orbit.egg-info
[1.140s] writing ../../build/drone_orbit/drone_orbit.egg-info/PKG-INFO
[1.141s] writing dependency_links to ../../build/drone_orbit/drone_orbit.egg-info/dependency_links.txt
[1.141s] writing entry points to ../../build/drone_orbit/drone_orbit.egg-info/entry_points.txt
[1.141s] writing requirements to ../../build/drone_orbit/drone_orbit.egg-info/requires.txt
[1.141s] writing top-level names to ../../build/drone_orbit/drone_orbit.egg-info/top_level.txt
[1.142s] writing manifest file '../../build/drone_orbit/drone_orbit.egg-info/SOURCES.txt'
[1.175s] reading manifest file '../../build/drone_orbit/drone_orbit.egg-info/SOURCES.txt'
[1.176s] writing manifest file '../../build/drone_orbit/drone_orbit.egg-info/SOURCES.txt'
[1.176s] running build
[1.176s] running build_py
[1.176s] creating /ros_ws/build/drone_orbit/build
[1.176s] creating /ros_ws/build/drone_orbit/build/lib
[1.177s] creating /ros_ws/build/drone_orbit/build/lib/drone_orbit
[1.177s] copying drone_orbit/offboard_orbit.py -> /ros_ws/build/drone_orbit/build/lib/drone_orbit
[1.177s] copying drone_orbit/boat_publisher.py -> /ros_ws/build/drone_orbit/build/lib/drone_orbit
[1.177s] copying drone_orbit/__init__.py -> /ros_ws/build/drone_orbit/build/lib/drone_orbit
[1.177s] running install
[1.177s] running install_lib
[1.178s] creating /ros_ws/install/drone_orbit/lib/python3.8/site-packages/drone_orbit
[1.178s] copying /ros_ws/build/drone_orbit/build/lib/drone_orbit/offboard_orbit.py -> /ros_ws/install/drone_orbit/lib/python3.8/site-packages/drone_orbit
[1.179s] copying /ros_ws/build/drone_orbit/build/lib/drone_orbit/boat_publisher.py -> /ros_ws/install/drone_orbit/lib/python3.8/site-packages/drone_orbit
[1.179s] copying /ros_ws/build/drone_orbit/build/lib/drone_orbit/__init__.py -> /ros_ws/install/drone_orbit/lib/python3.8/site-packages/drone_orbit
[1.179s] byte-compiling /ros_ws/install/drone_orbit/lib/python3.8/site-packages/drone_orbit/offboard_orbit.py to offboard_orbit.cpython-38.pyc
[1.182s] byte-compiling /ros_ws/install/drone_orbit/lib/python3.8/site-packages/drone_orbit/boat_publisher.py to boat_publisher.cpython-38.pyc
[1.182s] byte-compiling /ros_ws/install/drone_orbit/lib/python3.8/site-packages/drone_orbit/__init__.py to __init__.cpython-38.pyc
[1.183s] running install_data
[1.183s] creating /ros_ws/install/drone_orbit/share/ament_index
[1.183s] creating /ros_ws/install/drone_orbit/share/ament_index/resource_index
[1.183s] creating /ros_ws/install/drone_orbit/share/ament_index/resource_index/packages
[1.183s] copying resource/drone_orbit -> /ros_ws/install/drone_orbit/share/ament_index/resource_index/packages
[1.183s] copying package.xml -> /ros_ws/install/drone_orbit/share/drone_orbit
[1.184s] running install_egg_info
[1.185s] Copying ../../build/drone_orbit/drone_orbit.egg-info to /ros_ws/install/drone_orbit/lib/python3.8/site-packages/drone_orbit-0.0.0-py3.8.egg-info
[1.186s] running install_scripts
[1.205s] Installing boat_publisher script to /ros_ws/install/drone_orbit/lib/drone_orbit
[1.205s] Installing offboard_orbit script to /ros_ws/install/drone_orbit/lib/drone_orbit
[1.205s] writing list of installed files to '/ros_ws/build/drone_orbit/install.log'
[1.231s] Invoked command in '/ros_ws/src/drone_orbit' returned '0': PYTHONPATH=/ros_ws/build/drone_orbit/prefix_override:/ros_ws/install/drone_orbit/lib/python3.8/site-packages:${PYTHONPATH} /usr/bin/python3 setup.py egg_info --egg-base ../../build/drone_orbit build --build-base /ros_ws/build/drone_orbit/build install --record /ros_ws/build/drone_orbit/install.log --single-version-externally-managed
