[1.224s] Invoking command in '/ros_ws/src/Unmanned34757/drone_orbit': PYTHONPATH=/ros_ws/src/build/drone_orbit/prefix_override:/ros_ws/src/install/drone_orbit/lib/python3.8/site-packages:${PYTHONPATH} /usr/bin/python3 setup.py egg_info --egg-base ../../build/drone_orbit build --build-base /ros_ws/src/build/drone_orbit/build install --record /ros_ws/src/build/drone_orbit/install.log --single-version-externally-managed
[1.485s] running egg_info
[1.486s] creating ../../build/drone_orbit/drone_orbit.egg-info
[1.486s] writing ../../build/drone_orbit/drone_orbit.egg-info/PKG-INFO
[1.486s] writing dependency_links to ../../build/drone_orbit/drone_orbit.egg-info/dependency_links.txt
[1.487s] writing entry points to ../../build/drone_orbit/drone_orbit.egg-info/entry_points.txt
[1.487s] writing requirements to ../../build/drone_orbit/drone_orbit.egg-info/requires.txt
[1.487s] writing top-level names to ../../build/drone_orbit/drone_orbit.egg-info/top_level.txt
[1.491s] writing manifest file '../../build/drone_orbit/drone_orbit.egg-info/SOURCES.txt'
[1.530s] reading manifest file '../../build/drone_orbit/drone_orbit.egg-info/SOURCES.txt'
[1.530s] writing manifest file '../../build/drone_orbit/drone_orbit.egg-info/SOURCES.txt'
[1.530s] running build
[1.531s] running build_py
[1.531s] creating /ros_ws/src/build/drone_orbit/build
[1.531s] creating /ros_ws/src/build/drone_orbit/build/lib
[1.531s] creating /ros_ws/src/build/drone_orbit/build/lib/drone_orbit
[1.531s] copying drone_orbit/offboard_orbit.py -> /ros_ws/src/build/drone_orbit/build/lib/drone_orbit
[1.531s] copying drone_orbit/boat_publisher.py -> /ros_ws/src/build/drone_orbit/build/lib/drone_orbit
[1.531s] copying drone_orbit/__init__.py -> /ros_ws/src/build/drone_orbit/build/lib/drone_orbit
[1.532s] running install
[1.532s] running install_lib
[1.533s] creating /ros_ws/src/install/drone_orbit/lib/python3.8/site-packages/drone_orbit
[1.533s] copying /ros_ws/src/build/drone_orbit/build/lib/drone_orbit/offboard_orbit.py -> /ros_ws/src/install/drone_orbit/lib/python3.8/site-packages/drone_orbit
[1.533s] copying /ros_ws/src/build/drone_orbit/build/lib/drone_orbit/boat_publisher.py -> /ros_ws/src/install/drone_orbit/lib/python3.8/site-packages/drone_orbit
[1.534s] copying /ros_ws/src/build/drone_orbit/build/lib/drone_orbit/__init__.py -> /ros_ws/src/install/drone_orbit/lib/python3.8/site-packages/drone_orbit
[1.534s] byte-compiling /ros_ws/src/install/drone_orbit/lib/python3.8/site-packages/drone_orbit/offboard_orbit.py to offboard_orbit.cpython-38.pyc
[1.537s] byte-compiling /ros_ws/src/install/drone_orbit/lib/python3.8/site-packages/drone_orbit/boat_publisher.py to boat_publisher.cpython-38.pyc
[1.538s] byte-compiling /ros_ws/src/install/drone_orbit/lib/python3.8/site-packages/drone_orbit/__init__.py to __init__.cpython-38.pyc
[1.538s] running install_data
[1.539s] creating /ros_ws/src/install/drone_orbit/share/ament_index
[1.539s] creating /ros_ws/src/install/drone_orbit/share/ament_index/resource_index
[1.539s] creating /ros_ws/src/install/drone_orbit/share/ament_index/resource_index/packages
[1.539s] copying resource/drone_orbit -> /ros_ws/src/install/drone_orbit/share/ament_index/resource_index/packages
[1.539s] copying package.xml -> /ros_ws/src/install/drone_orbit/share/drone_orbit
[1.540s] running install_egg_info
[1.542s] Copying ../../build/drone_orbit/drone_orbit.egg-info to /ros_ws/src/install/drone_orbit/lib/python3.8/site-packages/drone_orbit-0.0.0-py3.8.egg-info
[1.543s] running install_scripts
[1.565s] Installing boat_publisher script to /ros_ws/src/install/drone_orbit/lib/drone_orbit
[1.565s] Installing offboard_orbit script to /ros_ws/src/install/drone_orbit/lib/drone_orbit
[1.566s] writing list of installed files to '/ros_ws/src/build/drone_orbit/install.log'
[1.595s] Invoked command in '/ros_ws/src/Unmanned34757/drone_orbit' returned '0': PYTHONPATH=/ros_ws/src/build/drone_orbit/prefix_override:/ros_ws/src/install/drone_orbit/lib/python3.8/site-packages:${PYTHONPATH} /usr/bin/python3 setup.py egg_info --egg-base ../../build/drone_orbit build --build-base /ros_ws/src/build/drone_orbit/build install --record /ros_ws/src/build/drone_orbit/install.log --single-version-externally-managed
