[0.966s] DEBUG:colcon:Command line arguments: ['/usr/bin/colcon', 'build', '--packages-select', 'visual_servo']
[0.966s] DEBUG:colcon:Parsed command line arguments: Namespace(allow_overriding=[], ament_cmake_args=None, base_paths=['.'], build_base='build', catkin_cmake_args=None, catkin_skip_building_tests=False, cmake_args=None, cmake_clean_cache=False, cmake_clean_first=False, cmake_force_configure=False, cmake_target=None, cmake_target_skip_unavailable=False, continue_on_error=False, event_handlers=None, executor='parallel', ignore_user_meta=False, install_base='install', log_base=None, log_level=None, main=<bound method BuildVerb.main of <colcon_core.verb.build.BuildVerb object at 0x7f9c07da61c0>>, merge_install=False, metas=['./colcon.meta'], packages_above=None, packages_above_and_dependencies=None, packages_above_depth=None, packages_end=None, packages_ignore=None, packages_ignore_regex=None, packages_select=['visual_servo'], packages_select_build_failed=False, packages_select_by_dep=None, packages_select_regex=None, packages_select_test_failures=False, packages_skip=None, packages_skip_build_finished=False, packages_skip_by_dep=None, packages_skip_regex=None, packages_skip_test_passed=False, packages_skip_up_to=None, packages_start=None, packages_up_to=None, packages_up_to_regex=None, parallel_workers=8, paths=None, symlink_install=False, test_result_base=None, verb_extension=<colcon_core.verb.build.BuildVerb object at 0x7f9c07da61c0>, verb_name='build', verb_parser=<colcon_defaults.argument_parser.defaults.DefaultArgumentsDecorator object at 0x7f9c07da6700>)
[1.040s] Level 1:colcon.colcon_core.package_discovery:discover_packages(colcon_meta) check parameters
[1.040s] Level 1:colcon.colcon_core.package_discovery:discover_packages(recursive) check parameters
[1.040s] Level 1:colcon.colcon_core.package_discovery:discover_packages(ignore) check parameters
[1.040s] Level 1:colcon.colcon_core.package_discovery:discover_packages(path) check parameters
[1.040s] Level 1:colcon.colcon_core.package_discovery:discover_packages(colcon_meta) discover
[1.040s] Level 1:colcon.colcon_core.package_discovery:discover_packages(recursive) discover
[1.040s] INFO:colcon.colcon_core.package_discovery:Crawling recursively for packages in '/ros_ws/src'
[1.040s] Level 1:colcon.colcon_core.package_identification:_identify(.) by extensions ['ignore', 'ignore_ament_install']
[1.040s] Level 1:colcon.colcon_core.package_identification:_identify(.) by extension 'ignore'
[1.041s] Level 1:colcon.colcon_core.package_identification:_identify(.) by extension 'ignore_ament_install'
[1.041s] Level 1:colcon.colcon_core.package_identification:_identify(.) by extensions ['colcon_pkg']
[1.041s] Level 1:colcon.colcon_core.package_identification:_identify(.) by extension 'colcon_pkg'
[1.041s] Level 1:colcon.colcon_core.package_identification:_identify(.) by extensions ['colcon_meta']
[1.041s] Level 1:colcon.colcon_core.package_identification:_identify(.) by extension 'colcon_meta'
[1.041s] Level 1:colcon.colcon_core.package_identification:_identify(.) by extensions ['ros']
[1.041s] Level 1:colcon.colcon_core.package_identification:_identify(.) by extension 'ros'
[1.072s] Level 1:colcon.colcon_core.package_identification:_identify(.) by extensions ['cmake', 'python']
[1.072s] Level 1:colcon.colcon_core.package_identification:_identify(.) by extension 'cmake'
[1.072s] Level 1:colcon.colcon_core.package_identification:_identify(.) by extension 'python'
[1.072s] Level 1:colcon.colcon_core.package_identification:_identify(.) by extensions ['python_setup_py']
[1.072s] Level 1:colcon.colcon_core.package_identification:_identify(.) by extension 'python_setup_py'
[1.072s] Level 1:colcon.colcon_core.package_identification:_identify(build) by extensions ['ignore', 'ignore_ament_install']
[1.072s] Level 1:colcon.colcon_core.package_identification:_identify(build) by extension 'ignore'
[1.073s] Level 1:colcon.colcon_core.package_identification:_identify(build) ignored
[1.073s] Level 1:colcon.colcon_core.package_identification:_identify(drone_orbit) by extensions ['ignore', 'ignore_ament_install']
[1.073s] Level 1:colcon.colcon_core.package_identification:_identify(drone_orbit) by extension 'ignore'
[1.073s] Level 1:colcon.colcon_core.package_identification:_identify(drone_orbit) by extension 'ignore_ament_install'
[1.073s] Level 1:colcon.colcon_core.package_identification:_identify(drone_orbit) by extensions ['colcon_pkg']
[1.073s] Level 1:colcon.colcon_core.package_identification:_identify(drone_orbit) by extension 'colcon_pkg'
[1.073s] Level 1:colcon.colcon_core.package_identification:_identify(drone_orbit) by extensions ['colcon_meta']
[1.073s] Level 1:colcon.colcon_core.package_identification:_identify(drone_orbit) by extension 'colcon_meta'
[1.073s] Level 1:colcon.colcon_core.package_identification:_identify(drone_orbit) by extensions ['ros']
[1.073s] Level 1:colcon.colcon_core.package_identification:_identify(drone_orbit) by extension 'ros'
[1.078s] DEBUG:colcon.colcon_core.package_identification:Package 'drone_orbit' with type 'ros.ament_python' and name 'drone_orbit'
[1.078s] Level 1:colcon.colcon_core.package_identification:_identify(install) by extensions ['ignore', 'ignore_ament_install']
[1.078s] Level 1:colcon.colcon_core.package_identification:_identify(install) by extension 'ignore'
[1.078s] Level 1:colcon.colcon_core.package_identification:_identify(install) ignored
[1.079s] Level 1:colcon.colcon_core.package_identification:_identify(log) by extensions ['ignore', 'ignore_ament_install']
[1.079s] Level 1:colcon.colcon_core.package_identification:_identify(log) by extension 'ignore'
[1.079s] Level 1:colcon.colcon_core.package_identification:_identify(log) ignored
[1.079s] Level 1:colcon.colcon_core.package_identification:_identify(visual_servo) by extensions ['ignore', 'ignore_ament_install']
[1.079s] Level 1:colcon.colcon_core.package_identification:_identify(visual_servo) by extension 'ignore'
[1.079s] Level 1:colcon.colcon_core.package_identification:_identify(visual_servo) by extension 'ignore_ament_install'
[1.079s] Level 1:colcon.colcon_core.package_identification:_identify(visual_servo) by extensions ['colcon_pkg']
[1.079s] Level 1:colcon.colcon_core.package_identification:_identify(visual_servo) by extension 'colcon_pkg'
[1.079s] Level 1:colcon.colcon_core.package_identification:_identify(visual_servo) by extensions ['colcon_meta']
[1.079s] Level 1:colcon.colcon_core.package_identification:_identify(visual_servo) by extension 'colcon_meta'
[1.079s] Level 1:colcon.colcon_core.package_identification:_identify(visual_servo) by extensions ['ros']
[1.079s] Level 1:colcon.colcon_core.package_identification:_identify(visual_servo) by extension 'ros'
[1.080s] DEBUG:colcon.colcon_core.package_identification:Package 'visual_servo' with type 'ros.ament_python' and name 'visual_servo'
[1.080s] Level 1:colcon.colcon_core.package_discovery:discover_packages(recursive) using defaults
[1.080s] Level 1:colcon.colcon_core.package_discovery:discover_packages(ignore) discover
[1.080s] Level 1:colcon.colcon_core.package_discovery:discover_packages(ignore) using defaults
[1.080s] Level 1:colcon.colcon_core.package_discovery:discover_packages(path) discover
[1.080s] Level 1:colcon.colcon_core.package_discovery:discover_packages(path) using defaults
[1.123s] INFO:colcon.colcon_core.package_selection:Skipping not selected package 'drone_orbit' in 'drone_orbit'
[1.124s] Level 1:colcon.colcon_core.package_discovery:discover_packages(prefix_path) check parameters
[1.124s] Level 1:colcon.colcon_core.package_discovery:discover_packages(prefix_path) discover
[1.131s] DEBUG:colcon.colcon_installed_package_information.package_discovery:Found 1 installed packages in /ros_utilities/install
[1.133s] DEBUG:colcon.colcon_installed_package_information.package_discovery:Found 2 installed packages in /ros_ws/install
[1.135s] DEBUG:colcon.colcon_installed_package_information.package_discovery:Found 268 installed packages in /opt/ros/galactic
[1.137s] Level 1:colcon.colcon_core.package_discovery:discover_packages(prefix_path) using defaults
[1.270s] Level 5:colcon.colcon_core.verb:set package 'visual_servo' build argument 'cmake_args' from command line to 'None'
[1.270s] Level 5:colcon.colcon_core.verb:set package 'visual_servo' build argument 'cmake_target' from command line to 'None'
[1.270s] Level 5:colcon.colcon_core.verb:set package 'visual_servo' build argument 'cmake_target_skip_unavailable' from command line to 'False'
[1.270s] Level 5:colcon.colcon_core.verb:set package 'visual_servo' build argument 'cmake_clean_cache' from command line to 'False'
[1.270s] Level 5:colcon.colcon_core.verb:set package 'visual_servo' build argument 'cmake_clean_first' from command line to 'False'
[1.270s] Level 5:colcon.colcon_core.verb:set package 'visual_servo' build argument 'cmake_force_configure' from command line to 'False'
[1.270s] Level 5:colcon.colcon_core.verb:set package 'visual_servo' build argument 'ament_cmake_args' from command line to 'None'
[1.270s] Level 5:colcon.colcon_core.verb:set package 'visual_servo' build argument 'catkin_cmake_args' from command line to 'None'
[1.270s] Level 5:colcon.colcon_core.verb:set package 'visual_servo' build argument 'catkin_skip_building_tests' from command line to 'False'
[1.270s] DEBUG:colcon.colcon_core.verb:Building package 'visual_servo' with the following arguments: {'ament_cmake_args': None, 'build_base': '/ros_ws/src/build/visual_servo', 'catkin_cmake_args': None, 'catkin_skip_building_tests': False, 'cmake_args': None, 'cmake_clean_cache': False, 'cmake_clean_first': False, 'cmake_force_configure': False, 'cmake_target': None, 'cmake_target_skip_unavailable': False, 'install_base': '/ros_ws/src/install/visual_servo', 'merge_install': False, 'path': '/ros_ws/src/visual_servo', 'symlink_install': False, 'test_result_base': None}
[1.271s] INFO:colcon.colcon_core.executor:Executing jobs using 'parallel' executor
[1.275s] DEBUG:colcon.colcon_parallel_executor.executor.parallel:run_until_complete
[1.275s] INFO:colcon.colcon_ros.task.ament_python.build:Building ROS package in '/ros_ws/src/visual_servo' with build type 'ament_python'
[1.275s] Level 1:colcon.colcon_core.shell:create_environment_hook('visual_servo', 'ament_prefix_path')
[1.288s] INFO:colcon.colcon_core.plugin_system:Skipping extension 'colcon_core.shell.bat': Not used on non-Windows systems
[1.289s] INFO:colcon.colcon_core.shell:Creating environment hook '/ros_ws/src/install/visual_servo/share/visual_servo/hook/ament_prefix_path.ps1'
[1.290s] INFO:colcon.colcon_core.shell:Creating environment descriptor '/ros_ws/src/install/visual_servo/share/visual_servo/hook/ament_prefix_path.dsv'
[1.291s] INFO:colcon.colcon_core.shell:Creating environment hook '/ros_ws/src/install/visual_servo/share/visual_servo/hook/ament_prefix_path.sh'
[1.294s] INFO:colcon.colcon_core.shell:Skip shell extension 'powershell' for command environment: Not usable outside of PowerShell
[1.294s] DEBUG:colcon.colcon_core.shell:Skip shell extension 'dsv' for command environment
[1.599s] INFO:colcon.colcon_core.task.python.build:Building Python package in '/ros_ws/src/visual_servo'
[1.601s] INFO:colcon.colcon_core.shell:Skip shell extension 'powershell' for command environment: Not usable outside of PowerShell
[1.601s] DEBUG:colcon.colcon_core.shell:Skip shell extension 'dsv' for command environment
[2.224s] DEBUG:colcon.colcon_core.event_handler.log_command:Invoking command in '/ros_ws/src/visual_servo': PYTHONPATH=/ros_ws/src/build/visual_servo/prefix_override:/ros_ws/src/install/visual_servo/lib/python3.8/site-packages:${PYTHONPATH} /usr/bin/python3 setup.py egg_info --egg-base ../build/visual_servo build --build-base /ros_ws/src/build/visual_servo/build install --record /ros_ws/src/build/visual_servo/install.log --single-version-externally-managed
[2.583s] DEBUG:colcon.colcon_core.event_handler.log_command:Invoked command in '/ros_ws/src/visual_servo' returned '0': PYTHONPATH=/ros_ws/src/build/visual_servo/prefix_override:/ros_ws/src/install/visual_servo/lib/python3.8/site-packages:${PYTHONPATH} /usr/bin/python3 setup.py egg_info --egg-base ../build/visual_servo build --build-base /ros_ws/src/build/visual_servo/build install --record /ros_ws/src/build/visual_servo/install.log --single-version-externally-managed
[2.606s] Level 1:colcon.colcon_core.environment:checking '/ros_ws/src/install/visual_servo' for CMake module files
[2.607s] Level 1:colcon.colcon_core.environment:checking '/ros_ws/src/install/visual_servo' for CMake config files
[2.608s] Level 1:colcon.colcon_core.environment:checking '/ros_ws/src/install/visual_servo/lib'
[2.609s] Level 1:colcon.colcon_core.environment:checking '/ros_ws/src/install/visual_servo/bin'
[2.609s] Level 1:colcon.colcon_core.environment:checking '/ros_ws/src/install/visual_servo/lib/pkgconfig/visual_servo.pc'
[2.609s] Level 1:colcon.colcon_core.environment:checking '/ros_ws/src/install/visual_servo/lib/python3.8/site-packages'
[2.609s] Level 1:colcon.colcon_core.shell:create_environment_hook('visual_servo', 'pythonpath')
[2.611s] INFO:colcon.colcon_core.shell:Creating environment hook '/ros_ws/src/install/visual_servo/share/visual_servo/hook/pythonpath.ps1'
[2.612s] INFO:colcon.colcon_core.shell:Creating environment descriptor '/ros_ws/src/install/visual_servo/share/visual_servo/hook/pythonpath.dsv'
[2.612s] INFO:colcon.colcon_core.shell:Creating environment hook '/ros_ws/src/install/visual_servo/share/visual_servo/hook/pythonpath.sh'
[2.613s] Level 1:colcon.colcon_core.environment:checking '/ros_ws/src/install/visual_servo/bin'
[2.613s] Level 1:colcon.colcon_core.environment:create_environment_scripts_only(visual_servo)
[2.615s] INFO:colcon.colcon_core.shell:Creating package script '/ros_ws/src/install/visual_servo/share/visual_servo/package.ps1'
[2.616s] INFO:colcon.colcon_core.shell:Creating package descriptor '/ros_ws/src/install/visual_servo/share/visual_servo/package.dsv'
[2.617s] INFO:colcon.colcon_core.shell:Creating package script '/ros_ws/src/install/visual_servo/share/visual_servo/package.sh'
[2.618s] INFO:colcon.colcon_core.shell:Creating package script '/ros_ws/src/install/visual_servo/share/visual_servo/package.bash'
[2.620s] INFO:colcon.colcon_core.shell:Creating package script '/ros_ws/src/install/visual_servo/share/visual_servo/package.zsh'
[2.622s] Level 1:colcon.colcon_core.environment:create_file_with_runtime_dependencies(/ros_ws/src/install/visual_servo/share/colcon-core/packages/visual_servo)
[2.622s] DEBUG:colcon.colcon_parallel_executor.executor.parallel:closing loop
[2.623s] DEBUG:colcon.colcon_parallel_executor.executor.parallel:loop closed
[2.623s] DEBUG:colcon.colcon_parallel_executor.executor.parallel:run_until_complete finished with '0'
[2.623s] DEBUG:colcon.colcon_core.event_reactor:joining thread
[2.640s] INFO:colcon.colcon_core.plugin_system:Skipping extension 'colcon_notification.desktop_notification.notify_send': Could not find 'notify-send'
[2.641s] INFO:colcon.colcon_core.plugin_system:Skipping extension 'colcon_notification.desktop_notification.terminal_notifier': Not used on non-Darwin systems
[2.641s] INFO:colcon.colcon_core.plugin_system:Skipping extension 'colcon_notification.desktop_notification.win32': Not used on non-Windows systems
[2.641s] INFO:colcon.colcon_notification.desktop_notification:Sending desktop notification using 'notify2'
[2.653s] DEBUG:colcon.colcon_notification.desktop_notification.notify2:Failed to initialize notify2: org.freedesktop.DBus.Error.ServiceUnknown: The name org.freedesktop.Notifications was not provided by any .service files
[2.654s] DEBUG:colcon.colcon_core.event_reactor:joined thread
[2.656s] INFO:colcon.colcon_core.shell:Creating prefix script '/ros_ws/src/install/local_setup.ps1'
[2.659s] INFO:colcon.colcon_core.shell:Creating prefix util module '/ros_ws/src/install/_local_setup_util_ps1.py'
[2.661s] INFO:colcon.colcon_core.shell:Creating prefix chain script '/ros_ws/src/install/setup.ps1'
[2.663s] INFO:colcon.colcon_core.shell:Creating prefix script '/ros_ws/src/install/local_setup.sh'
[2.664s] INFO:colcon.colcon_core.shell:Creating prefix util module '/ros_ws/src/install/_local_setup_util_sh.py'
[2.665s] INFO:colcon.colcon_core.shell:Creating prefix chain script '/ros_ws/src/install/setup.sh'
[2.667s] INFO:colcon.colcon_core.shell:Creating prefix script '/ros_ws/src/install/local_setup.bash'
[2.668s] INFO:colcon.colcon_core.shell:Creating prefix chain script '/ros_ws/src/install/setup.bash'
[2.670s] INFO:colcon.colcon_core.shell:Creating prefix script '/ros_ws/src/install/local_setup.zsh'
[2.671s] INFO:colcon.colcon_core.shell:Creating prefix chain script '/ros_ws/src/install/setup.zsh'
