[0.541s] Invoking command in '/home/yufan/px4_simulator_container/ros_ws/src/drone_orbit': PYTHONPATH=/home/yufan/px4_simulator_container/ros_ws/src/build/drone_orbit/prefix_override:/home/yufan/px4_simulator_container/ros_ws/src/install/drone_orbit/lib/python3.10/site-packages: /usr/bin/python3 setup.py egg_info --egg-base ../build/drone_orbit build --build-base /home/yufan/px4_simulator_container/ros_ws/src/build/drone_orbit/build install --record /home/yufan/px4_simulator_container/ros_ws/src/build/drone_orbit/install.log --single-version-externally-managed
[0.715s] running egg_info
[0.715s] writing ../build/drone_orbit/drone_orbit.egg-info/PKG-INFO
[0.716s] writing dependency_links to ../build/drone_orbit/drone_orbit.egg-info/dependency_links.txt
[0.716s] writing entry points to ../build/drone_orbit/drone_orbit.egg-info/entry_points.txt
[0.716s] writing requirements to ../build/drone_orbit/drone_orbit.egg-info/requires.txt
[0.716s] writing top-level names to ../build/drone_orbit/drone_orbit.egg-info/top_level.txt
[0.718s] reading manifest file '../build/drone_orbit/drone_orbit.egg-info/SOURCES.txt'
[0.718s] writing manifest file '../build/drone_orbit/drone_orbit.egg-info/SOURCES.txt'
[0.719s] running build
[0.719s] running build_py
[0.719s] copying drone_orbit/offboard_orbit.py -> /home/yufan/px4_simulator_container/ros_ws/src/build/drone_orbit/build/lib/drone_orbit
[0.719s] copying drone_orbit/boat_publisher.py -> /home/yufan/px4_simulator_container/ros_ws/src/build/drone_orbit/build/lib/drone_orbit
[0.719s] copying drone_orbit/__init__.py -> /home/yufan/px4_simulator_container/ros_ws/src/build/drone_orbit/build/lib/drone_orbit
[0.719s] running install
[0.720s] /usr/lib/python3/dist-packages/setuptools/command/install.py:34: SetuptoolsDeprecationWarning: setup.py install is deprecated. Use build and pip and other standards-based tools.
[0.720s]   warnings.warn(
[0.720s] running install_lib
[0.721s] creating /home/yufan/px4_simulator_container/ros_ws/src/install/drone_orbit/lib/python3.10/site-packages/drone_orbit
[0.721s] copying /home/yufan/px4_simulator_container/ros_ws/src/build/drone_orbit/build/lib/drone_orbit/offboard_orbit.py -> /home/yufan/px4_simulator_container/ros_ws/src/install/drone_orbit/lib/python3.10/site-packages/drone_orbit
[0.721s] copying /home/yufan/px4_simulator_container/ros_ws/src/build/drone_orbit/build/lib/drone_orbit/boat_publisher.py -> /home/yufan/px4_simulator_container/ros_ws/src/install/drone_orbit/lib/python3.10/site-packages/drone_orbit
[0.721s] copying /home/yufan/px4_simulator_container/ros_ws/src/build/drone_orbit/build/lib/drone_orbit/__init__.py -> /home/yufan/px4_simulator_container/ros_ws/src/install/drone_orbit/lib/python3.10/site-packages/drone_orbit
[0.721s] byte-compiling /home/yufan/px4_simulator_container/ros_ws/src/install/drone_orbit/lib/python3.10/site-packages/drone_orbit/offboard_orbit.py to offboard_orbit.cpython-310.pyc
[0.723s] byte-compiling /home/yufan/px4_simulator_container/ros_ws/src/install/drone_orbit/lib/python3.10/site-packages/drone_orbit/boat_publisher.py to boat_publisher.cpython-310.pyc
[0.724s] byte-compiling /home/yufan/px4_simulator_container/ros_ws/src/install/drone_orbit/lib/python3.10/site-packages/drone_orbit/__init__.py to __init__.cpython-310.pyc
[0.724s] running install_data
[0.724s] copying resource/drone_orbit -> /home/yufan/px4_simulator_container/ros_ws/src/install/drone_orbit/share/ament_index/resource_index/packages
[0.724s] copying package.xml -> /home/yufan/px4_simulator_container/ros_ws/src/install/drone_orbit/share/drone_orbit
[0.724s] running install_egg_info
[0.725s] Copying ../build/drone_orbit/drone_orbit.egg-info to /home/yufan/px4_simulator_container/ros_ws/src/install/drone_orbit/lib/python3.10/site-packages/drone_orbit-0.0.0-py3.10.egg-info
[0.726s] running install_scripts
[0.748s] Installing boat_publisher script to /home/yufan/px4_simulator_container/ros_ws/src/install/drone_orbit/lib/drone_orbit
[0.748s] error: [Errno 13] Permission denied: '/home/yufan/px4_simulator_container/ros_ws/src/install/drone_orbit/lib/drone_orbit/boat_publisher'
[0.770s] Invoked command in '/home/yufan/px4_simulator_container/ros_ws/src/drone_orbit' returned '1': PYTHONPATH=/home/yufan/px4_simulator_container/ros_ws/src/build/drone_orbit/prefix_override:/home/yufan/px4_simulator_container/ros_ws/src/install/drone_orbit/lib/python3.10/site-packages: /usr/bin/python3 setup.py egg_info --egg-base ../build/drone_orbit build --build-base /home/yufan/px4_simulator_container/ros_ws/src/build/drone_orbit/build install --record /home/yufan/px4_simulator_container/ros_ws/src/build/drone_orbit/install.log --single-version-externally-managed
