[0.723s] Invoking command in '/ros_ws/src/visual_servo': PYTHONPATH=/ros_ws/src/build/visual_servo/prefix_override:/ros_ws/src/install/visual_servo/lib/python3.8/site-packages:${PYTHONPATH} /usr/bin/python3 setup.py egg_info --egg-base ../build/visual_servo build --build-base /ros_ws/src/build/visual_servo/build install --record /ros_ws/src/build/visual_servo/install.log --single-version-externally-managed
[0.945s] running egg_info
[0.946s] writing ../build/visual_servo/visual_servo.egg-info/PKG-INFO
[0.946s] writing dependency_links to ../build/visual_servo/visual_servo.egg-info/dependency_links.txt
[0.946s] writing entry points to ../build/visual_servo/visual_servo.egg-info/entry_points.txt
[0.946s] writing requirements to ../build/visual_servo/visual_servo.egg-info/requires.txt
[0.946s] writing top-level names to ../build/visual_servo/visual_servo.egg-info/top_level.txt
[0.978s] reading manifest file '../build/visual_servo/visual_servo.egg-info/SOURCES.txt'
[0.979s] writing manifest file '../build/visual_servo/visual_servo.egg-info/SOURCES.txt'
[0.979s] running build
[0.979s] running build_py
[0.979s] running install
[0.980s] running install_lib
[0.981s] running install_data
[0.981s] running install_egg_info
[0.983s] removing '/ros_ws/src/install/visual_servo/lib/python3.8/site-packages/visual_servo-0.0.0-py3.8.egg-info' (and everything under it)
[0.983s] Copying ../build/visual_servo/visual_servo.egg-info to /ros_ws/src/install/visual_servo/lib/python3.8/site-packages/visual_servo-0.0.0-py3.8.egg-info
[0.984s] running install_scripts
[1.000s] Installing camera_stream script to /ros_ws/src/install/visual_servo/lib/visual_servo
[1.000s] writing list of installed files to '/ros_ws/src/build/visual_servo/install.log'
[1.021s] Invoked command in '/ros_ws/src/visual_servo' returned '0': PYTHONPATH=/ros_ws/src/build/visual_servo/prefix_override:/ros_ws/src/install/visual_servo/lib/python3.8/site-packages:${PYTHONPATH} /usr/bin/python3 setup.py egg_info --egg-base ../build/visual_servo build --build-base /ros_ws/src/build/visual_servo/build install --record /ros_ws/src/build/visual_servo/install.log --single-version-externally-managed
