running egg_info
writing ../build/drone_orbit/drone_orbit.egg-info/PKG-INFO
writing dependency_links to ../build/drone_orbit/drone_orbit.egg-info/dependency_links.txt
writing entry points to ../build/drone_orbit/drone_orbit.egg-info/entry_points.txt
writing requirements to ../build/drone_orbit/drone_orbit.egg-info/requires.txt
writing top-level names to ../build/drone_orbit/drone_orbit.egg-info/top_level.txt
reading manifest file '../build/drone_orbit/drone_orbit.egg-info/SOURCES.txt'
writing manifest file '../build/drone_orbit/drone_orbit.egg-info/SOURCES.txt'
running build
running build_py
copying drone_orbit/offboard_orbit.py -> /ros_ws/src/build/drone_orbit/build/lib/drone_orbit
copying drone_orbit/boat_publisher.py -> /ros_ws/src/build/drone_orbit/build/lib/drone_orbit
copying drone_orbit/__init__.py -> /ros_ws/src/build/drone_orbit/build/lib/drone_orbit
running install
running install_lib
copying /ros_ws/src/build/drone_orbit/build/lib/drone_orbit/offboard_orbit.py -> /ros_ws/src/install/drone_orbit/lib/python3.8/site-packages/drone_orbit
copying /ros_ws/src/build/drone_orbit/build/lib/drone_orbit/boat_publisher.py -> /ros_ws/src/install/drone_orbit/lib/python3.8/site-packages/drone_orbit
copying /ros_ws/src/build/drone_orbit/build/lib/drone_orbit/__init__.py -> /ros_ws/src/install/drone_orbit/lib/python3.8/site-packages/drone_orbit
byte-compiling /ros_ws/src/install/drone_orbit/lib/python3.8/site-packages/drone_orbit/offboard_orbit.py to offboard_orbit.cpython-38.pyc
byte-compiling /ros_ws/src/install/drone_orbit/lib/python3.8/site-packages/drone_orbit/boat_publisher.py to boat_publisher.cpython-38.pyc
byte-compiling /ros_ws/src/install/drone_orbit/lib/python3.8/site-packages/drone_orbit/__init__.py to __init__.cpython-38.pyc
running install_data
copying resource/drone_orbit -> /ros_ws/src/install/drone_orbit/share/ament_index/resource_index/packages
copying package.xml -> /ros_ws/src/install/drone_orbit/share/drone_orbit
running install_egg_info
removing '/ros_ws/src/install/drone_orbit/lib/python3.8/site-packages/drone_orbit-0.0.0-py3.8.egg-info' (and everything under it)
Copying ../build/drone_orbit/drone_orbit.egg-info to /ros_ws/src/install/drone_orbit/lib/python3.8/site-packages/drone_orbit-0.0.0-py3.8.egg-info
running install_scripts
Installing boat_publisher script to /ros_ws/src/install/drone_orbit/lib/drone_orbit
Installing offboard_orbit script to /ros_ws/src/install/drone_orbit/lib/drone_orbit
writing list of installed files to '/ros_ws/src/build/drone_orbit/install.log'
